-- Found ament_cmake: 1.3.3 (/opt/ros/humble/share/ament_cmake/cmake)
-- Found control_msgs: 4.1.0 (/opt/ros/humble/share/control_msgs/cmake)
-- Found rosidl_generator_c: 3.1.4 (/opt/ros/humble/share/rosidl_generator_c/cmake)
-- Found rosidl_adapter: 3.1.4 (/opt/ros/humble/share/rosidl_adapter/cmake)
-- Found rosidl_generator_cpp: 3.1.4 (/opt/ros/humble/share/rosidl_generator_cpp/cmake)
-- Using all available rosidl_typesupport_c: rosidl_typesupport_fastrtps_c;rosidl_typesupport_introspection_c
-- Using all available rosidl_typesupport_cpp: rosidl_typesupport_fastrtps_cpp;rosidl_typesupport_introspection_cpp
-- Found lifecycle_msgs: 1.2.1 (/opt/ros/humble/share/lifecycle_msgs/cmake)
-- Found pluginlib: 5.1.0 (/opt/ros/humble/share/pluginlib/cmake)
-- Found rclcpp_lifecycle: 16.0.3 (/opt/ros/humble/share/rclcpp_lifecycle/cmake)
-- Found rmw_implementation_cmake: 6.1.1 (/opt/ros/humble/share/rmw_implementation_cmake/cmake)
-- Found rmw_cyclonedds_cpp: 1.3.4 (/opt/ros/humble/share/rmw_cyclonedds_cpp/cmake)
-- Using RMW implementation 'rmw_cyclonedds_cpp' as default
-- Looking for pthread.h
-- Looking for pthread.h - found
-- Performing Test CMAKE_HAVE_LIBC_PTHREAD
-- Performing Test CMAKE_HAVE_LIBC_PTHREAD - Success
-- Found Threads: TRUE  
-- Found TinyXML2: /usr/lib/x86_64-linux-gnu/libtinyxml2.so  
-- Found ament_cmake_gmock: 1.3.3 (/opt/ros/humble/share/ament_cmake_gmock/cmake)
-- Found ros2_control_test_assets: 2.23.0 (/home/gursel/robotics_ws/install/ros2_control_test_assets/share/ros2_control_test_assets/cmake)
-- Found gmock sources under '/opt/ros/humble/src/gmock_vendor': C++ tests using 'Google Mock' will be built
-- Found ament_cmake_gtest: 1.3.3 (/opt/ros/humble/share/ament_cmake_gtest/cmake)
-- Found gtest sources under '/opt/ros/humble/src/gtest_vendor': C++ tests using 'Google Test' will be built
-- Configuring done
-- Generating done
-- Build files have been written to: /home/gursel/robotics_ws/build/hardware_interface
[ 10%] [32mBuilding CXX object CMakeFiles/hardware_interface.dir/src/component_parser.cpp.o[0m
[ 10%] [32mBuilding CXX object gmock/CMakeFiles/gmock.dir/src/gmock-all.cc.o[0m
[ 10%] [32mBuilding CXX object gmock/CMakeFiles/gmock.dir/opt/ros/humble/src/gtest_vendor/src/gtest-all.cc.o[0m
[ 10%] [32mBuilding CXX object gmock/CMakeFiles/gmock_main.dir/src/gmock_main.cc.o[0m
[ 13%] [32mBuilding CXX object CMakeFiles/hardware_interface.dir/src/sensor.cpp.o[0m
[ 16%] [32mBuilding CXX object CMakeFiles/hardware_interface.dir/src/resource_manager.cpp.o[0m
[ 18%] [32mBuilding CXX object CMakeFiles/hardware_interface.dir/src/actuator.cpp.o[0m
[ 21%] [32mBuilding CXX object CMakeFiles/hardware_interface.dir/src/system.cpp.o[0m
[ 24%] [32m[1mLinking CXX static library libgmock_main.a[0m
[ 24%] Built target gmock_main
[ 27%] [32m[1mLinking CXX static library libgmock.a[0m
[ 27%] Built target gmock
[ 29%] [32mBuilding CXX object CMakeFiles/test_macros.dir/test/test_macros.cpp.o[0m
[ 32%] [32m[1mLinking CXX executable test_macros[0m
[ 35%] [32m[1mLinking CXX shared library libhardware_interface.so[0m
[ 35%] Built target test_macros
[ 35%] Built target hardware_interface
[ 37%] [32mBuilding CXX object CMakeFiles/fake_components.dir/src/mock_components/generic_system.cpp.o[0m
[ 43%] [32mBuilding CXX object CMakeFiles/mock_components.dir/src/mock_components/generic_system.cpp.o[0m
[ 43%] [32mBuilding CXX object CMakeFiles/test_component_parser.dir/test/test_component_parser.cpp.o[0m
[ 45%] [32mBuilding CXX object CMakeFiles/test_hardware_components.dir/test/test_hardware_components/test_single_joint_actuator.cpp.o[0m
[ 48%] [32mBuilding CXX object CMakeFiles/test_joint_handle.dir/test/test_handle.cpp.o[0m
[ 51%] [32mBuilding CXX object CMakeFiles/test_component_interfaces.dir/test/test_component_interfaces.cpp.o[0m
[ 54%] [32mBuilding CXX object CMakeFiles/test_components.dir/test/test_components/test_actuator.cpp.o[0m
[ 56%] [32mBuilding CXX object CMakeFiles/test_resource_manager.dir/test/test_resource_manager.cpp.o[0m
[ 59%] [32mBuilding CXX object CMakeFiles/test_components.dir/test/test_components/test_sensor.cpp.o[0m
[ 62%] [32mBuilding CXX object CMakeFiles/test_hardware_components.dir/test/test_hardware_components/test_force_torque_sensor.cpp.o[0m
[ 64%] [32m[1mLinking CXX executable test_joint_handle[0m
[ 67%] [32mBuilding CXX object CMakeFiles/fake_components.dir/src/mock_components/fake_generic_system.cpp.o[0m
[ 70%] [32m[1mLinking CXX shared library libmock_components.so[0m
[ 70%] Built target test_joint_handle
[ 72%] [32mBuilding CXX object CMakeFiles/test_generic_system.dir/test/mock_components/test_generic_system.cpp.o[0m
[ 72%] Built target mock_components
[ 75%] [32mBuilding CXX object CMakeFiles/test_hardware_components.dir/test/test_hardware_components/test_two_joint_system.cpp.o[0m
[ 78%] [32mBuilding CXX object CMakeFiles/test_components.dir/test/test_components/test_system.cpp.o[0m
[ 81%] [32mBuilding CXX object CMakeFiles/test_hardware_components.dir/test/test_hardware_components/test_system_with_command_modes.cpp.o[0m
[ 83%] [32m[1mLinking CXX shared library libfake_components.so[0m
[ 86%] [32m[1mLinking CXX executable test_component_interfaces[0m
[ 86%] Built target fake_components
[ 86%] Built target test_component_interfaces
[ 89%] [32m[1mLinking CXX executable test_component_parser[0m
[ 91%] [32m[1mLinking CXX executable test_resource_manager[0m
[ 94%] [32m[1mLinking CXX shared library libtest_components.so[0m
[ 94%] Built target test_component_parser
[ 94%] Built target test_components
[ 97%] [32m[1mLinking CXX shared library libtest_hardware_components.so[0m
[ 97%] Built target test_resource_manager
[ 97%] Built target test_hardware_components
[100%] [32m[1mLinking CXX executable test_generic_system[0m
[100%] Built target test_generic_system
-- Install configuration: ""
-- Installing: /home/gursel/robotics_ws/install/hardware_interface/share/hardware_interface/mock_components_plugin_description.xml
-- Installing: /home/gursel/robotics_ws/install/hardware_interface/share/hardware_interface/fake_components_plugin_description.xml
-- Installing: /home/gursel/robotics_ws/install/hardware_interface/include
-- Installing: /home/gursel/robotics_ws/install/hardware_interface/include/hardware_interface
-- Installing: /home/gursel/robotics_ws/install/hardware_interface/include/hardware_interface/hardware_component_info.hpp
-- Installing: /home/gursel/robotics_ws/install/hardware_interface/include/hardware_interface/types
-- Installing: /home/gursel/robotics_ws/install/hardware_interface/include/hardware_interface/types/hardware_interface_type_values.hpp
-- Installing: /home/gursel/robotics_ws/install/hardware_interface/include/hardware_interface/types/lifecycle_state_names.hpp
-- Installing: /home/gursel/robotics_ws/install/hardware_interface/include/hardware_interface/types/hardware_interface_return_values.hpp
-- Installing: /home/gursel/robotics_ws/install/hardware_interface/include/hardware_interface/system.hpp
-- Installing: /home/gursel/robotics_ws/install/hardware_interface/include/hardware_interface/hardware_info.hpp
-- Installing: /home/gursel/robotics_ws/install/hardware_interface/include/hardware_interface/controller_info.hpp
-- Installing: /home/gursel/robotics_ws/install/hardware_interface/include/hardware_interface/actuator.hpp
-- Installing: /home/gursel/robotics_ws/install/hardware_interface/include/hardware_interface/visibility_control.h
-- Installing: /home/gursel/robotics_ws/install/hardware_interface/include/hardware_interface/macros.hpp
-- Installing: /home/gursel/robotics_ws/install/hardware_interface/include/hardware_interface/system_interface.hpp
-- Installing: /home/gursel/robotics_ws/install/hardware_interface/include/hardware_interface/actuator_interface.hpp
-- Installing: /home/gursel/robotics_ws/install/hardware_interface/include/hardware_interface/sensor.hpp
-- Installing: /home/gursel/robotics_ws/install/hardware_interface/include/hardware_interface/loaned_state_interface.hpp
-- Installing: /home/gursel/robotics_ws/install/hardware_interface/include/hardware_interface/loaned_command_interface.hpp
-- Installing: /home/gursel/robotics_ws/install/hardware_interface/include/hardware_interface/handle.hpp
-- Installing: /home/gursel/robotics_ws/install/hardware_interface/include/hardware_interface/sensor_interface.hpp
-- Installing: /home/gursel/robotics_ws/install/hardware_interface/include/hardware_interface/component_parser.hpp
-- Installing: /home/gursel/robotics_ws/install/hardware_interface/include/hardware_interface/resource_manager.hpp
-- Installing: /home/gursel/robotics_ws/install/hardware_interface/include/fake_components
-- Installing: /home/gursel/robotics_ws/install/hardware_interface/include/fake_components/visibility_control.h
-- Installing: /home/gursel/robotics_ws/install/hardware_interface/include/fake_components/generic_system.hpp
-- Installing: /home/gursel/robotics_ws/install/hardware_interface/include/mock_components
-- Installing: /home/gursel/robotics_ws/install/hardware_interface/include/mock_components/visibility_control.h
-- Installing: /home/gursel/robotics_ws/install/hardware_interface/include/mock_components/generic_system.hpp
-- Installing: /home/gursel/robotics_ws/install/hardware_interface/lib/libfake_components.so
-- Set runtime path of "/home/gursel/robotics_ws/install/hardware_interface/lib/libfake_components.so" to ""
-- Installing: /home/gursel/robotics_ws/install/hardware_interface/lib/libmock_components.so
-- Set runtime path of "/home/gursel/robotics_ws/install/hardware_interface/lib/libmock_components.so" to ""
-- Installing: /home/gursel/robotics_ws/install/hardware_interface/lib/libhardware_interface.so
-- Set runtime path of "/home/gursel/robotics_ws/install/hardware_interface/lib/libhardware_interface.so" to ""
-- Installing: /home/gursel/robotics_ws/install/hardware_interface/lib/libtest_components.so
-- Set runtime path of "/home/gursel/robotics_ws/install/hardware_interface/lib/libtest_components.so" to ""
-- Installing: /home/gursel/robotics_ws/install/hardware_interface/share/hardware_interface/test/test_components/test_components.xml
-- Installing: /home/gursel/robotics_ws/install/hardware_interface/lib/libtest_hardware_components.so
-- Set runtime path of "/home/gursel/robotics_ws/install/hardware_interface/lib/libtest_hardware_components.so" to ""
-- Installing: /home/gursel/robotics_ws/install/hardware_interface/share/hardware_interface/test/test_hardware_components/test_hardware_components.xml
-- Installing: /home/gursel/robotics_ws/install/hardware_interface/share/hardware_interface/environment/library_path.sh
-- Installing: /home/gursel/robotics_ws/install/hardware_interface/share/hardware_interface/environment/library_path.dsv
-- Installing: /home/gursel/robotics_ws/install/hardware_interface/share/ament_index/resource_index/package_run_dependencies/hardware_interface
-- Installing: /home/gursel/robotics_ws/install/hardware_interface/share/ament_index/resource_index/parent_prefix_path/hardware_interface
-- Installing: /home/gursel/robotics_ws/install/hardware_interface/share/hardware_interface/environment/ament_prefix_path.sh
-- Installing: /home/gursel/robotics_ws/install/hardware_interface/share/hardware_interface/environment/ament_prefix_path.dsv
-- Installing: /home/gursel/robotics_ws/install/hardware_interface/share/hardware_interface/environment/path.sh
-- Installing: /home/gursel/robotics_ws/install/hardware_interface/share/hardware_interface/environment/path.dsv
-- Installing: /home/gursel/robotics_ws/install/hardware_interface/share/hardware_interface/local_setup.bash
-- Installing: /home/gursel/robotics_ws/install/hardware_interface/share/hardware_interface/local_setup.sh
-- Installing: /home/gursel/robotics_ws/install/hardware_interface/share/hardware_interface/local_setup.zsh
-- Installing: /home/gursel/robotics_ws/install/hardware_interface/share/hardware_interface/local_setup.dsv
-- Installing: /home/gursel/robotics_ws/install/hardware_interface/share/hardware_interface/package.dsv
-- Installing: /home/gursel/robotics_ws/install/hardware_interface/share/ament_index/resource_index/packages/hardware_interface
-- Installing: /home/gursel/robotics_ws/install/hardware_interface/share/ament_index/resource_index/hardware_interface__pluginlib__plugin/hardware_interface
-- Installing: /home/gursel/robotics_ws/install/hardware_interface/share/hardware_interface/cmake/ament_cmake_export_include_directories-extras.cmake
-- Installing: /home/gursel/robotics_ws/install/hardware_interface/share/hardware_interface/cmake/ament_cmake_export_libraries-extras.cmake
-- Installing: /home/gursel/robotics_ws/install/hardware_interface/share/hardware_interface/cmake/ament_cmake_export_dependencies-extras.cmake
-- Installing: /home/gursel/robotics_ws/install/hardware_interface/share/hardware_interface/cmake/hardware_interfaceConfig.cmake
-- Installing: /home/gursel/robotics_ws/install/hardware_interface/share/hardware_interface/cmake/hardware_interfaceConfig-version.cmake
-- Installing: /home/gursel/robotics_ws/install/hardware_interface/share/hardware_interface/package.xml
