[0.027s] Invoking command in '/home/gursel/robotics_ws/build/hardware_interface': AMENT_PREFIX_PATH=/home/gursel/robotics_ws/install/ros2_control_test_assets:${AMENT_PREFIX_PATH} CMAKE_PREFIX_PATH=/home/gursel/robotics_ws/install/ros2_control_test_assets:/opt/ros/humble /usr/bin/cmake /home/gursel/robotics_ws/src/ros2_control/hardware_interface -DCMAKE_INSTALL_PREFIX=/home/gursel/robotics_ws/install/hardware_interface
[0.035s] -- Found ament_cmake: 1.3.3 (/opt/ros/humble/share/ament_cmake/cmake)
[0.156s] -- Found control_msgs: 4.1.0 (/opt/ros/humble/share/control_msgs/cmake)
[0.202s] -- Found rosidl_generator_c: 3.1.4 (/opt/ros/humble/share/rosidl_generator_c/cmake)
[0.209s] -- Found rosidl_adapter: 3.1.4 (/opt/ros/humble/share/rosidl_adapter/cmake)
[0.219s] -- Found rosidl_generator_cpp: 3.1.4 (/opt/ros/humble/share/rosidl_generator_cpp/cmake)
[0.231s] -- Using all available rosidl_typesupport_c: rosidl_typesupport_fastrtps_c;rosidl_typesupport_introspection_c
[0.249s] -- Using all available rosidl_typesupport_cpp: rosidl_typesupport_fastrtps_cpp;rosidl_typesupport_introspection_cpp
[0.792s] -- Found lifecycle_msgs: 1.2.1 (/opt/ros/humble/share/lifecycle_msgs/cmake)
[0.808s] -- Found pluginlib: 5.1.0 (/opt/ros/humble/share/pluginlib/cmake)
[0.830s] -- Found rclcpp_lifecycle: 16.0.3 (/opt/ros/humble/share/rclcpp_lifecycle/cmake)
[0.879s] -- Found rmw_implementation_cmake: 6.1.1 (/opt/ros/humble/share/rmw_implementation_cmake/cmake)
[0.881s] -- Found rmw_cyclonedds_cpp: 1.3.4 (/opt/ros/humble/share/rmw_cyclonedds_cpp/cmake)
[0.909s] -- Using RMW implementation 'rmw_cyclonedds_cpp' as default
[0.916s] -- Looking for pthread.h
[0.966s] -- Looking for pthread.h - found
[0.966s] -- Performing Test CMAKE_HAVE_LIBC_PTHREAD
[1.016s] -- Performing Test CMAKE_HAVE_LIBC_PTHREAD - Success
[1.017s] -- Found Threads: TRUE  
[1.160s] -- Found TinyXML2: /usr/lib/x86_64-linux-gnu/libtinyxml2.so  
[1.164s] -- Found ament_cmake_gmock: 1.3.3 (/opt/ros/humble/share/ament_cmake_gmock/cmake)
[1.164s] -- Found ros2_control_test_assets: 2.23.0 (/home/gursel/robotics_ws/install/ros2_control_test_assets/share/ros2_control_test_assets/cmake)
[1.167s] -- Found gmock sources under '/opt/ros/humble/src/gmock_vendor': C++ tests using 'Google Mock' will be built
[1.170s] -- Found ament_cmake_gtest: 1.3.3 (/opt/ros/humble/share/ament_cmake_gtest/cmake)
[1.171s] -- Found gtest sources under '/opt/ros/humble/src/gtest_vendor': C++ tests using 'Google Test' will be built
[1.228s] -- Configuring done
[1.271s] -- Generating done
[1.273s] -- Build files have been written to: /home/gursel/robotics_ws/build/hardware_interface
[1.280s] Invoked command in '/home/gursel/robotics_ws/build/hardware_interface' returned '0': AMENT_PREFIX_PATH=/home/gursel/robotics_ws/install/ros2_control_test_assets:${AMENT_PREFIX_PATH} CMAKE_PREFIX_PATH=/home/gursel/robotics_ws/install/ros2_control_test_assets:/opt/ros/humble /usr/bin/cmake /home/gursel/robotics_ws/src/ros2_control/hardware_interface -DCMAKE_INSTALL_PREFIX=/home/gursel/robotics_ws/install/hardware_interface
[1.282s] Invoking command in '/home/gursel/robotics_ws/build/hardware_interface': AMENT_PREFIX_PATH=/home/gursel/robotics_ws/install/ros2_control_test_assets:${AMENT_PREFIX_PATH} CMAKE_PREFIX_PATH=/home/gursel/robotics_ws/install/ros2_control_test_assets:/opt/ros/humble /usr/bin/cmake --build /home/gursel/robotics_ws/build/hardware_interface -- -j8 -l8
[1.321s] [ 10%] [32mBuilding CXX object CMakeFiles/hardware_interface.dir/src/component_parser.cpp.o[0m
[1.321s] [ 10%] [32mBuilding CXX object gmock/CMakeFiles/gmock.dir/src/gmock-all.cc.o[0m
[1.321s] [ 10%] [32mBuilding CXX object gmock/CMakeFiles/gmock.dir/opt/ros/humble/src/gtest_vendor/src/gtest-all.cc.o[0m
[1.321s] [ 10%] [32mBuilding CXX object gmock/CMakeFiles/gmock_main.dir/src/gmock_main.cc.o[0m
[1.321s] [ 13%] [32mBuilding CXX object CMakeFiles/hardware_interface.dir/src/sensor.cpp.o[0m
[1.321s] [ 16%] [32mBuilding CXX object CMakeFiles/hardware_interface.dir/src/resource_manager.cpp.o[0m
[1.322s] [ 18%] [32mBuilding CXX object CMakeFiles/hardware_interface.dir/src/actuator.cpp.o[0m
[1.323s] [ 21%] [32mBuilding CXX object CMakeFiles/hardware_interface.dir/src/system.cpp.o[0m
[3.001s] [ 24%] [32m[1mLinking CXX static library libgmock_main.a[0m
[3.026s] [ 24%] Built target gmock_main
[4.723s] [ 27%] [32m[1mLinking CXX static library libgmock.a[0m
[4.771s] [ 27%] Built target gmock
[4.784s] [ 29%] [32mBuilding CXX object CMakeFiles/test_macros.dir/test/test_macros.cpp.o[0m
[5.808s] [ 32%] [32m[1mLinking CXX executable test_macros[0m
[5.826s] [ 35%] [32m[1mLinking CXX shared library libhardware_interface.so[0m
[5.931s] [ 35%] Built target test_macros
[6.071s] [ 35%] Built target hardware_interface
[6.089s] [ 37%] [32mBuilding CXX object CMakeFiles/fake_components.dir/src/mock_components/generic_system.cpp.o[0m
[6.089s] [ 43%] [32mBuilding CXX object CMakeFiles/mock_components.dir/src/mock_components/generic_system.cpp.o[0m
[6.089s] [ 43%] [32mBuilding CXX object CMakeFiles/test_component_parser.dir/test/test_component_parser.cpp.o[0m
[6.090s] [ 45%] [32mBuilding CXX object CMakeFiles/test_hardware_components.dir/test/test_hardware_components/test_single_joint_actuator.cpp.o[0m
[6.090s] [ 48%] [32mBuilding CXX object CMakeFiles/test_joint_handle.dir/test/test_handle.cpp.o[0m
[6.090s] [ 51%] [32mBuilding CXX object CMakeFiles/test_component_interfaces.dir/test/test_component_interfaces.cpp.o[0m
[6.092s] [ 54%] [32mBuilding CXX object CMakeFiles/test_components.dir/test/test_components/test_actuator.cpp.o[0m
[6.097s] [ 56%] [32mBuilding CXX object CMakeFiles/test_resource_manager.dir/test/test_resource_manager.cpp.o[0m
[7.855s] [ 59%] [32mBuilding CXX object CMakeFiles/test_components.dir/test/test_components/test_sensor.cpp.o[0m
[7.959s] [ 62%] [32mBuilding CXX object CMakeFiles/test_hardware_components.dir/test/test_hardware_components/test_force_torque_sensor.cpp.o[0m
[8.135s] [ 64%] [32m[1mLinking CXX executable test_joint_handle[0m
[8.297s] [ 67%] [32mBuilding CXX object CMakeFiles/fake_components.dir/src/mock_components/fake_generic_system.cpp.o[0m
[8.440s] [ 70%] [32m[1mLinking CXX shared library libmock_components.so[0m
[8.480s] [ 70%] Built target test_joint_handle
[8.503s] [ 72%] [32mBuilding CXX object CMakeFiles/test_generic_system.dir/test/mock_components/test_generic_system.cpp.o[0m
[8.633s] [ 72%] Built target mock_components
[8.642s] [ 75%] [32mBuilding CXX object CMakeFiles/test_hardware_components.dir/test/test_hardware_components/test_two_joint_system.cpp.o[0m
[9.418s] [ 78%] [32mBuilding CXX object CMakeFiles/test_components.dir/test/test_components/test_system.cpp.o[0m
[9.729s] [ 81%] [32mBuilding CXX object CMakeFiles/test_hardware_components.dir/test/test_hardware_components/test_system_with_command_modes.cpp.o[0m
[9.848s] [ 83%] [32m[1mLinking CXX shared library libfake_components.so[0m
[9.936s] [ 86%] [32m[1mLinking CXX executable test_component_interfaces[0m
[10.065s] [ 86%] Built target fake_components
[10.399s] [ 86%] Built target test_component_interfaces
[10.644s] [ 89%] [32m[1mLinking CXX executable test_component_parser[0m
[10.697s] [ 91%] [32m[1mLinking CXX executable test_resource_manager[0m
[10.918s] [ 94%] [32m[1mLinking CXX shared library libtest_components.so[0m
[11.075s] [ 94%] Built target test_component_parser
[11.076s] [ 94%] Built target test_components
[11.172s] [ 97%] [32m[1mLinking CXX shared library libtest_hardware_components.so[0m
[11.265s] [ 97%] Built target test_resource_manager
[11.332s] [ 97%] Built target test_hardware_components
[11.783s] [100%] [32m[1mLinking CXX executable test_generic_system[0m
[12.011s] [100%] Built target test_generic_system
[12.018s] Invoked command in '/home/gursel/robotics_ws/build/hardware_interface' returned '0': AMENT_PREFIX_PATH=/home/gursel/robotics_ws/install/ros2_control_test_assets:${AMENT_PREFIX_PATH} CMAKE_PREFIX_PATH=/home/gursel/robotics_ws/install/ros2_control_test_assets:/opt/ros/humble /usr/bin/cmake --build /home/gursel/robotics_ws/build/hardware_interface -- -j8 -l8
[12.060s] Invoking command in '/home/gursel/robotics_ws/build/hardware_interface': AMENT_PREFIX_PATH=/home/gursel/robotics_ws/install/ros2_control_test_assets:${AMENT_PREFIX_PATH} CMAKE_PREFIX_PATH=/home/gursel/robotics_ws/install/ros2_control_test_assets:/opt/ros/humble /usr/bin/cmake --install /home/gursel/robotics_ws/build/hardware_interface
[12.065s] -- Install configuration: ""
[12.065s] -- Installing: /home/gursel/robotics_ws/install/hardware_interface/share/hardware_interface/mock_components_plugin_description.xml
[12.065s] -- Installing: /home/gursel/robotics_ws/install/hardware_interface/share/hardware_interface/fake_components_plugin_description.xml
[12.065s] -- Installing: /home/gursel/robotics_ws/install/hardware_interface/include
[12.065s] -- Installing: /home/gursel/robotics_ws/install/hardware_interface/include/hardware_interface
[12.065s] -- Installing: /home/gursel/robotics_ws/install/hardware_interface/include/hardware_interface/hardware_component_info.hpp
[12.066s] -- Installing: /home/gursel/robotics_ws/install/hardware_interface/include/hardware_interface/types
[12.066s] -- Installing: /home/gursel/robotics_ws/install/hardware_interface/include/hardware_interface/types/hardware_interface_type_values.hpp
[12.066s] -- Installing: /home/gursel/robotics_ws/install/hardware_interface/include/hardware_interface/types/lifecycle_state_names.hpp
[12.066s] -- Installing: /home/gursel/robotics_ws/install/hardware_interface/include/hardware_interface/types/hardware_interface_return_values.hpp
[12.066s] -- Installing: /home/gursel/robotics_ws/install/hardware_interface/include/hardware_interface/system.hpp
[12.066s] -- Installing: /home/gursel/robotics_ws/install/hardware_interface/include/hardware_interface/hardware_info.hpp
[12.066s] -- Installing: /home/gursel/robotics_ws/install/hardware_interface/include/hardware_interface/controller_info.hpp
[12.066s] -- Installing: /home/gursel/robotics_ws/install/hardware_interface/include/hardware_interface/actuator.hpp
[12.066s] -- Installing: /home/gursel/robotics_ws/install/hardware_interface/include/hardware_interface/visibility_control.h
[12.066s] -- Installing: /home/gursel/robotics_ws/install/hardware_interface/include/hardware_interface/macros.hpp
[12.067s] -- Installing: /home/gursel/robotics_ws/install/hardware_interface/include/hardware_interface/system_interface.hpp
[12.067s] -- Installing: /home/gursel/robotics_ws/install/hardware_interface/include/hardware_interface/actuator_interface.hpp
[12.067s] -- Installing: /home/gursel/robotics_ws/install/hardware_interface/include/hardware_interface/sensor.hpp
[12.067s] -- Installing: /home/gursel/robotics_ws/install/hardware_interface/include/hardware_interface/loaned_state_interface.hpp
[12.067s] -- Installing: /home/gursel/robotics_ws/install/hardware_interface/include/hardware_interface/loaned_command_interface.hpp
[12.067s] -- Installing: /home/gursel/robotics_ws/install/hardware_interface/include/hardware_interface/handle.hpp
[12.067s] -- Installing: /home/gursel/robotics_ws/install/hardware_interface/include/hardware_interface/sensor_interface.hpp
[12.067s] -- Installing: /home/gursel/robotics_ws/install/hardware_interface/include/hardware_interface/component_parser.hpp
[12.067s] -- Installing: /home/gursel/robotics_ws/install/hardware_interface/include/hardware_interface/resource_manager.hpp
[12.067s] -- Installing: /home/gursel/robotics_ws/install/hardware_interface/include/fake_components
[12.068s] -- Installing: /home/gursel/robotics_ws/install/hardware_interface/include/fake_components/visibility_control.h
[12.068s] -- Installing: /home/gursel/robotics_ws/install/hardware_interface/include/fake_components/generic_system.hpp
[12.068s] -- Installing: /home/gursel/robotics_ws/install/hardware_interface/include/mock_components
[12.068s] -- Installing: /home/gursel/robotics_ws/install/hardware_interface/include/mock_components/visibility_control.h
[12.068s] -- Installing: /home/gursel/robotics_ws/install/hardware_interface/include/mock_components/generic_system.hpp
[12.068s] -- Installing: /home/gursel/robotics_ws/install/hardware_interface/lib/libfake_components.so
[12.069s] -- Set runtime path of "/home/gursel/robotics_ws/install/hardware_interface/lib/libfake_components.so" to ""
[12.069s] -- Installing: /home/gursel/robotics_ws/install/hardware_interface/lib/libmock_components.so
[12.069s] -- Set runtime path of "/home/gursel/robotics_ws/install/hardware_interface/lib/libmock_components.so" to ""
[12.070s] -- Installing: /home/gursel/robotics_ws/install/hardware_interface/lib/libhardware_interface.so
[12.072s] -- Set runtime path of "/home/gursel/robotics_ws/install/hardware_interface/lib/libhardware_interface.so" to ""
[12.072s] -- Installing: /home/gursel/robotics_ws/install/hardware_interface/lib/libtest_components.so
[12.073s] -- Set runtime path of "/home/gursel/robotics_ws/install/hardware_interface/lib/libtest_components.so" to ""
[12.073s] -- Installing: /home/gursel/robotics_ws/install/hardware_interface/share/hardware_interface/test/test_components/test_components.xml
[12.073s] -- Installing: /home/gursel/robotics_ws/install/hardware_interface/lib/libtest_hardware_components.so
[12.073s] -- Set runtime path of "/home/gursel/robotics_ws/install/hardware_interface/lib/libtest_hardware_components.so" to ""
[12.073s] -- Installing: /home/gursel/robotics_ws/install/hardware_interface/share/hardware_interface/test/test_hardware_components/test_hardware_components.xml
[12.074s] -- Installing: /home/gursel/robotics_ws/install/hardware_interface/share/hardware_interface/environment/library_path.sh
[12.074s] -- Installing: /home/gursel/robotics_ws/install/hardware_interface/share/hardware_interface/environment/library_path.dsv
[12.074s] -- Installing: /home/gursel/robotics_ws/install/hardware_interface/share/ament_index/resource_index/package_run_dependencies/hardware_interface
[12.074s] -- Installing: /home/gursel/robotics_ws/install/hardware_interface/share/ament_index/resource_index/parent_prefix_path/hardware_interface
[12.074s] -- Installing: /home/gursel/robotics_ws/install/hardware_interface/share/hardware_interface/environment/ament_prefix_path.sh
[12.074s] -- Installing: /home/gursel/robotics_ws/install/hardware_interface/share/hardware_interface/environment/ament_prefix_path.dsv
[12.074s] -- Installing: /home/gursel/robotics_ws/install/hardware_interface/share/hardware_interface/environment/path.sh
[12.074s] -- Installing: /home/gursel/robotics_ws/install/hardware_interface/share/hardware_interface/environment/path.dsv
[12.074s] -- Installing: /home/gursel/robotics_ws/install/hardware_interface/share/hardware_interface/local_setup.bash
[12.074s] -- Installing: /home/gursel/robotics_ws/install/hardware_interface/share/hardware_interface/local_setup.sh
[12.074s] -- Installing: /home/gursel/robotics_ws/install/hardware_interface/share/hardware_interface/local_setup.zsh
[12.074s] -- Installing: /home/gursel/robotics_ws/install/hardware_interface/share/hardware_interface/local_setup.dsv
[12.074s] -- Installing: /home/gursel/robotics_ws/install/hardware_interface/share/hardware_interface/package.dsv
[12.075s] -- Installing: /home/gursel/robotics_ws/install/hardware_interface/share/ament_index/resource_index/packages/hardware_interface
[12.075s] -- Installing: /home/gursel/robotics_ws/install/hardware_interface/share/ament_index/resource_index/hardware_interface__pluginlib__plugin/hardware_interface
[12.075s] -- Installing: /home/gursel/robotics_ws/install/hardware_interface/share/hardware_interface/cmake/ament_cmake_export_include_directories-extras.cmake
[12.075s] -- Installing: /home/gursel/robotics_ws/install/hardware_interface/share/hardware_interface/cmake/ament_cmake_export_libraries-extras.cmake
[12.075s] -- Installing: /home/gursel/robotics_ws/install/hardware_interface/share/hardware_interface/cmake/ament_cmake_export_dependencies-extras.cmake
[12.075s] -- Installing: /home/gursel/robotics_ws/install/hardware_interface/share/hardware_interface/cmake/hardware_interfaceConfig.cmake
[12.075s] -- Installing: /home/gursel/robotics_ws/install/hardware_interface/share/hardware_interface/cmake/hardware_interfaceConfig-version.cmake
[12.075s] -- Installing: /home/gursel/robotics_ws/install/hardware_interface/share/hardware_interface/package.xml
[12.079s] Invoked command in '/home/gursel/robotics_ws/build/hardware_interface' returned '0': AMENT_PREFIX_PATH=/home/gursel/robotics_ws/install/ros2_control_test_assets:${AMENT_PREFIX_PATH} CMAKE_PREFIX_PATH=/home/gursel/robotics_ws/install/ros2_control_test_assets:/opt/ros/humble /usr/bin/cmake --install /home/gursel/robotics_ws/build/hardware_interface
