[0.020s] Invoking command in '/home/gursel/robotics_ws/build/joint_limits': CMAKE_PREFIX_PATH=/opt/ros/humble /usr/bin/cmake --build /home/gursel/robotics_ws/build/joint_limits -- -j8 -l8
[0.057s] [ 33%] Built target gtest_main
[0.058s] [ 66%] Built target gtest
[0.086s] [100%] Built target joint_limits_rosparam_test
[0.299s] Invoked command in '/home/gursel/robotics_ws/build/joint_limits' returned '0': CMAKE_PREFIX_PATH=/opt/ros/humble /usr/bin/cmake --build /home/gursel/robotics_ws/build/joint_limits -- -j8 -l8
[0.321s] Invoking command in '/home/gursel/robotics_ws/build/joint_limits': CMAKE_PREFIX_PATH=/opt/ros/humble /usr/bin/cmake --install /home/gursel/robotics_ws/build/joint_limits
[0.328s] -- Install configuration: ""
[0.328s] -- Up-to-date: /home/gursel/robotics_ws/install/joint_limits/include
[0.328s] -- Up-to-date: /home/gursel/robotics_ws/install/joint_limits/include/joint_limits
[0.328s] -- Up-to-date: /home/gursel/robotics_ws/install/joint_limits/include/joint_limits/joint_limits.hpp
[0.329s] -- Up-to-date: /home/gursel/robotics_ws/install/joint_limits/include/joint_limits/joint_limits_rosparam.hpp
[0.329s] -- Up-to-date: /home/gursel/robotics_ws/install/joint_limits/lib/joint_limits/joint_limits_rosparam_test
[0.329s] -- Up-to-date: /home/gursel/robotics_ws/install/joint_limits/share/joint_limits/test/joint_limits_rosparam.yaml
[0.329s] -- Up-to-date: /home/gursel/robotics_ws/install/joint_limits/share/ament_index/resource_index/package_run_dependencies/joint_limits
[0.329s] -- Up-to-date: /home/gursel/robotics_ws/install/joint_limits/share/ament_index/resource_index/parent_prefix_path/joint_limits
[0.329s] -- Up-to-date: /home/gursel/robotics_ws/install/joint_limits/share/joint_limits/environment/ament_prefix_path.sh
[0.329s] -- Up-to-date: /home/gursel/robotics_ws/install/joint_limits/share/joint_limits/environment/ament_prefix_path.dsv
[0.329s] -- Up-to-date: /home/gursel/robotics_ws/install/joint_limits/share/joint_limits/environment/path.sh
[0.329s] -- Up-to-date: /home/gursel/robotics_ws/install/joint_limits/share/joint_limits/environment/path.dsv
[0.329s] -- Up-to-date: /home/gursel/robotics_ws/install/joint_limits/share/joint_limits/local_setup.bash
[0.330s] -- Up-to-date: /home/gursel/robotics_ws/install/joint_limits/share/joint_limits/local_setup.sh
[0.330s] -- Up-to-date: /home/gursel/robotics_ws/install/joint_limits/share/joint_limits/local_setup.zsh
[0.330s] -- Up-to-date: /home/gursel/robotics_ws/install/joint_limits/share/joint_limits/local_setup.dsv
[0.331s] -- Installing: /home/gursel/robotics_ws/install/joint_limits/share/joint_limits/package.dsv
[0.331s] -- Up-to-date: /home/gursel/robotics_ws/install/joint_limits/share/ament_index/resource_index/packages/joint_limits
[0.331s] -- Up-to-date: /home/gursel/robotics_ws/install/joint_limits/share/joint_limits/cmake/ament_cmake_export_dependencies-extras.cmake
[0.331s] -- Up-to-date: /home/gursel/robotics_ws/install/joint_limits/share/joint_limits/cmake/ament_cmake_export_include_directories-extras.cmake
[0.332s] -- Up-to-date: /home/gursel/robotics_ws/install/joint_limits/share/joint_limits/cmake/joint_limitsConfig.cmake
[0.332s] -- Up-to-date: /home/gursel/robotics_ws/install/joint_limits/share/joint_limits/cmake/joint_limitsConfig-version.cmake
[0.333s] -- Up-to-date: /home/gursel/robotics_ws/install/joint_limits/share/joint_limits/package.xml
[0.345s] Invoked command in '/home/gursel/robotics_ws/build/joint_limits' returned '0': CMAKE_PREFIX_PATH=/opt/ros/humble /usr/bin/cmake --install /home/gursel/robotics_ws/build/joint_limits
