[35m[1mConsolidate compiler generated dependencies of target gtest_main[0m
[35m[1mConsolidate compiler generated dependencies of target gtest[0m
[ 33%] Built target gtest
[ 66%] Built target gtest_main
[35m[1mConsolidate compiler generated dependencies of target joint_limits_rosparam_test[0m
[100%] Built target joint_limits_rosparam_test
-- Install configuration: ""
-- Installing: /home/gursel/robotics_ws/install/joint_limits/include
-- Installing: /home/gursel/robotics_ws/install/joint_limits/include/joint_limits
-- Installing: /home/gursel/robotics_ws/install/joint_limits/include/joint_limits/joint_limits.hpp
-- Installing: /home/gursel/robotics_ws/install/joint_limits/include/joint_limits/joint_limits_rosparam.hpp
-- Installing: /home/gursel/robotics_ws/install/joint_limits/lib/joint_limits/joint_limits_rosparam_test
-- Set runtime path of "/home/gursel/robotics_ws/install/joint_limits/lib/joint_limits/joint_limits_rosparam_test" to ""
-- Installing: /home/gursel/robotics_ws/install/joint_limits/share/joint_limits/test/joint_limits_rosparam.yaml
-- Installing: /home/gursel/robotics_ws/install/joint_limits/share/ament_index/resource_index/package_run_dependencies/joint_limits
-- Installing: /home/gursel/robotics_ws/install/joint_limits/share/ament_index/resource_index/parent_prefix_path/joint_limits
-- Installing: /home/gursel/robotics_ws/install/joint_limits/share/joint_limits/environment/ament_prefix_path.sh
-- Installing: /home/gursel/robotics_ws/install/joint_limits/share/joint_limits/environment/ament_prefix_path.dsv
-- Installing: /home/gursel/robotics_ws/install/joint_limits/share/joint_limits/environment/path.sh
-- Installing: /home/gursel/robotics_ws/install/joint_limits/share/joint_limits/environment/path.dsv
-- Installing: /home/gursel/robotics_ws/install/joint_limits/share/joint_limits/local_setup.bash
-- Installing: /home/gursel/robotics_ws/install/joint_limits/share/joint_limits/local_setup.sh
-- Installing: /home/gursel/robotics_ws/install/joint_limits/share/joint_limits/local_setup.zsh
-- Installing: /home/gursel/robotics_ws/install/joint_limits/share/joint_limits/local_setup.dsv
-- Installing: /home/gursel/robotics_ws/install/joint_limits/share/joint_limits/package.dsv
-- Installing: /home/gursel/robotics_ws/install/joint_limits/share/ament_index/resource_index/packages/joint_limits
-- Installing: /home/gursel/robotics_ws/install/joint_limits/share/joint_limits/cmake/ament_cmake_export_dependencies-extras.cmake
-- Installing: /home/gursel/robotics_ws/install/joint_limits/share/joint_limits/cmake/ament_cmake_export_include_directories-extras.cmake
-- Installing: /home/gursel/robotics_ws/install/joint_limits/share/joint_limits/cmake/joint_limitsConfig.cmake
-- Installing: /home/gursel/robotics_ws/install/joint_limits/share/joint_limits/cmake/joint_limitsConfig-version.cmake
-- Installing: /home/gursel/robotics_ws/install/joint_limits/share/joint_limits/package.xml
