[0.818s] Invoking command in '/home/gursel/robotics_ws/src/ros2_control/rqt_controller_manager': AMENT_PREFIX_PATH=/home/gursel/robotics_ws/install/controller_manager_msgs:${AMENT_PREFIX_PATH} CMAKE_PREFIX_PATH=/home/gursel/robotics_ws/install/controller_manager_msgs LD_LIBRARY_PATH=/home/gursel/robotics_ws/install/controller_manager_msgs/lib:${LD_LIBRARY_PATH} PYTHONPATH=/home/gursel/robotics_ws/build/rqt_controller_manager/prefix_override:/home/gursel/robotics_ws/install/rqt_controller_manager/lib/python3.10/site-packages:/home/gursel/robotics_ws/install/controller_manager_msgs/local/lib/python3.10/dist-packages:${PYTHONPATH} /usr/bin/python3 setup.py egg_info --egg-base ../../../build/rqt_controller_manager build --build-base /home/gursel/robotics_ws/build/rqt_controller_manager/build install --record /home/gursel/robotics_ws/build/rqt_controller_manager/install.log --single-version-externally-managed
[1.047s] running egg_info
[1.047s] writing ../../../build/rqt_controller_manager/rqt_controller_manager.egg-info/PKG-INFO
[1.047s] writing dependency_links to ../../../build/rqt_controller_manager/rqt_controller_manager.egg-info/dependency_links.txt
[1.047s] writing entry points to ../../../build/rqt_controller_manager/rqt_controller_manager.egg-info/entry_points.txt
[1.047s] writing requirements to ../../../build/rqt_controller_manager/rqt_controller_manager.egg-info/requires.txt
[1.048s] writing top-level names to ../../../build/rqt_controller_manager/rqt_controller_manager.egg-info/top_level.txt
[1.049s] reading manifest file '../../../build/rqt_controller_manager/rqt_controller_manager.egg-info/SOURCES.txt'
[1.050s] writing manifest file '../../../build/rqt_controller_manager/rqt_controller_manager.egg-info/SOURCES.txt'
[1.050s] running build
[1.050s] running build_py
[1.050s] running install
[1.050s] running install_lib
[1.051s] running install_data
[1.052s] running install_egg_info
[1.053s] removing '/home/gursel/robotics_ws/install/rqt_controller_manager/lib/python3.10/site-packages/rqt_controller_manager-2.23.0-py3.10.egg-info' (and everything under it)
[1.053s] Copying ../../../build/rqt_controller_manager/rqt_controller_manager.egg-info to /home/gursel/robotics_ws/install/rqt_controller_manager/lib/python3.10/site-packages/rqt_controller_manager-2.23.0-py3.10.egg-info
[1.054s] running install_scripts
[1.069s] Installing rqt_controller_manager script to /home/gursel/robotics_ws/install/rqt_controller_manager/lib/rqt_controller_manager
[1.069s] writing list of installed files to '/home/gursel/robotics_ws/build/rqt_controller_manager/install.log'
[1.093s] Invoked command in '/home/gursel/robotics_ws/src/ros2_control/rqt_controller_manager' returned '0': AMENT_PREFIX_PATH=/home/gursel/robotics_ws/install/controller_manager_msgs:${AMENT_PREFIX_PATH} CMAKE_PREFIX_PATH=/home/gursel/robotics_ws/install/controller_manager_msgs LD_LIBRARY_PATH=/home/gursel/robotics_ws/install/controller_manager_msgs/lib:${LD_LIBRARY_PATH} PYTHONPATH=/home/gursel/robotics_ws/build/rqt_controller_manager/prefix_override:/home/gursel/robotics_ws/install/rqt_controller_manager/lib/python3.10/site-packages:/home/gursel/robotics_ws/install/controller_manager_msgs/local/lib/python3.10/dist-packages:${PYTHONPATH} /usr/bin/python3 setup.py egg_info --egg-base ../../../build/rqt_controller_manager build --build-base /home/gursel/robotics_ws/build/rqt_controller_manager/build install --record /home/gursel/robotics_ws/build/rqt_controller_manager/install.log --single-version-externally-managed
