[0.018s] Invoking command in '/home/gursel/robotics_ws/build/gazebo_ros2_control_demos': AMENT_PREFIX_PATH=/home/gursel/robotics_ws/install/ros2controlcli:/home/gursel/robotics_ws/install/gazebo_ros2_control_demos:/home/gursel/robotics_ws/install/ros2_control:/home/gursel/robotics_ws/install/transmission_interface:/home/gursel/robotics_ws/install/rqt_controller_manager:/home/gursel/robotics_ws/install/gazebo_ros2_control:/home/gursel/robotics_ws/install/controller_manager:/home/gursel/robotics_ws/install/ros2_control_test_assets:/home/gursel/robotics_ws/install/robotic_arm:/home/gursel/robotics_ws/install/joint_limits:/home/gursel/robotics_ws/install/controller_interface:/home/gursel/robotics_ws/install/hardware_interface:/home/gursel/robotics_ws/install/controller_manager_msgs:/opt/ros/humble CMAKE_PREFIX_PATH=/home/gursel/robotics_ws/install/ros2_control:/home/gursel/robotics_ws/install/gazebo_ros2_control:/home/gursel/robotics_ws/install/controller_manager:/home/gursel/robotics_ws/install/transmission_interface:/home/gursel/robotics_ws/install/controller_interface:/home/gursel/robotics_ws/install/hardware_interface:/home/gursel/robotics_ws/install/ros2_control_test_assets:/home/gursel/robotics_ws/install/joint_limits:/home/gursel/robotics_ws/install/controller_manager_msgs:/home/gursel/robotics_ws/install/gazebo_ros2_control_demos:/home/gursel/robotics_ws/install/rqt_controller_manager:/home/gursel/robotics_ws/install/ros2controlcli:/home/gursel/robotics_ws/install/robotic_arm:/opt/ros/humble LD_LIBRARY_PATH=/home/gursel/robotics_ws/install/gazebo_ros2_control/lib:/home/gursel/robotics_ws/install/controller_manager/lib:/home/gursel/robotics_ws/install/transmission_interface/lib:/home/gursel/robotics_ws/install/controller_interface/lib:/home/gursel/robotics_ws/install/hardware_interface/lib:/home/gursel/robotics_ws/install/controller_manager_msgs/lib:/usr/local/cuda/lib64:/opt/ros/humble/opt/rviz_ogre_vendor/lib:/opt/ros/humble/lib/x86_64-linux-gnu:/opt/ros/humble/lib PYTHONPATH=/home/gursel/robotics_ws/install/ros2controlcli/lib/python3.10/site-packages:/home/gursel/robotics_ws/install/rqt_controller_manager/lib/python3.10/site-packages:/home/gursel/robotics_ws/install/controller_manager/local/lib/python3.10/dist-packages:/home/gursel/robotics_ws/install/robotic_arm/lib/python3.10/site-packages:/home/gursel/robotics_ws/install/controller_manager_msgs/local/lib/python3.10/dist-packages:/opt/ros/humble/lib/python3.10/site-packages:/opt/ros/humble/local/lib/python3.10/dist-packages /usr/bin/cmake --build /home/gursel/robotics_ws/build/gazebo_ros2_control_demos -- -j8 -l8
[0.045s] [35m[1mConsolidate compiler generated dependencies of target example_velocity[0m
[0.046s] [35m[1mConsolidate compiler generated dependencies of target example_gripper[0m
[0.047s] [35m[1mConsolidate compiler generated dependencies of target example_position[0m
[0.047s] [35m[1mConsolidate compiler generated dependencies of target example_effort[0m
[0.048s] [35m[1mConsolidate compiler generated dependencies of target example_diff_drive[0m
[0.048s] [35m[1mConsolidate compiler generated dependencies of target example_tricycle_drive[0m
[0.058s] [ 16%] Built target example_gripper
[0.059s] [ 33%] Built target example_velocity
[0.061s] [ 50%] Built target example_effort
[0.063s] [100%] Built target example_diff_drive
[0.063s] [100%] Built target example_tricycle_drive
[0.063s] [100%] Built target example_position
[0.071s] Invoked command in '/home/gursel/robotics_ws/build/gazebo_ros2_control_demos' returned '0': AMENT_PREFIX_PATH=/home/gursel/robotics_ws/install/ros2controlcli:/home/gursel/robotics_ws/install/gazebo_ros2_control_demos:/home/gursel/robotics_ws/install/ros2_control:/home/gursel/robotics_ws/install/transmission_interface:/home/gursel/robotics_ws/install/rqt_controller_manager:/home/gursel/robotics_ws/install/gazebo_ros2_control:/home/gursel/robotics_ws/install/controller_manager:/home/gursel/robotics_ws/install/ros2_control_test_assets:/home/gursel/robotics_ws/install/robotic_arm:/home/gursel/robotics_ws/install/joint_limits:/home/gursel/robotics_ws/install/controller_interface:/home/gursel/robotics_ws/install/hardware_interface:/home/gursel/robotics_ws/install/controller_manager_msgs:/opt/ros/humble CMAKE_PREFIX_PATH=/home/gursel/robotics_ws/install/ros2_control:/home/gursel/robotics_ws/install/gazebo_ros2_control:/home/gursel/robotics_ws/install/controller_manager:/home/gursel/robotics_ws/install/transmission_interface:/home/gursel/robotics_ws/install/controller_interface:/home/gursel/robotics_ws/install/hardware_interface:/home/gursel/robotics_ws/install/ros2_control_test_assets:/home/gursel/robotics_ws/install/joint_limits:/home/gursel/robotics_ws/install/controller_manager_msgs:/home/gursel/robotics_ws/install/gazebo_ros2_control_demos:/home/gursel/robotics_ws/install/rqt_controller_manager:/home/gursel/robotics_ws/install/ros2controlcli:/home/gursel/robotics_ws/install/robotic_arm:/opt/ros/humble LD_LIBRARY_PATH=/home/gursel/robotics_ws/install/gazebo_ros2_control/lib:/home/gursel/robotics_ws/install/controller_manager/lib:/home/gursel/robotics_ws/install/transmission_interface/lib:/home/gursel/robotics_ws/install/controller_interface/lib:/home/gursel/robotics_ws/install/hardware_interface/lib:/home/gursel/robotics_ws/install/controller_manager_msgs/lib:/usr/local/cuda/lib64:/opt/ros/humble/opt/rviz_ogre_vendor/lib:/opt/ros/humble/lib/x86_64-linux-gnu:/opt/ros/humble/lib PYTHONPATH=/home/gursel/robotics_ws/install/ros2controlcli/lib/python3.10/site-packages:/home/gursel/robotics_ws/install/rqt_controller_manager/lib/python3.10/site-packages:/home/gursel/robotics_ws/install/controller_manager/local/lib/python3.10/dist-packages:/home/gursel/robotics_ws/install/robotic_arm/lib/python3.10/site-packages:/home/gursel/robotics_ws/install/controller_manager_msgs/local/lib/python3.10/dist-packages:/opt/ros/humble/lib/python3.10/site-packages:/opt/ros/humble/local/lib/python3.10/dist-packages /usr/bin/cmake --build /home/gursel/robotics_ws/build/gazebo_ros2_control_demos -- -j8 -l8
[0.096s] Invoking command in '/home/gursel/robotics_ws/build/gazebo_ros2_control_demos': AMENT_PREFIX_PATH=/home/gursel/robotics_ws/install/ros2controlcli:/home/gursel/robotics_ws/install/gazebo_ros2_control_demos:/home/gursel/robotics_ws/install/ros2_control:/home/gursel/robotics_ws/install/transmission_interface:/home/gursel/robotics_ws/install/rqt_controller_manager:/home/gursel/robotics_ws/install/gazebo_ros2_control:/home/gursel/robotics_ws/install/controller_manager:/home/gursel/robotics_ws/install/ros2_control_test_assets:/home/gursel/robotics_ws/install/robotic_arm:/home/gursel/robotics_ws/install/joint_limits:/home/gursel/robotics_ws/install/controller_interface:/home/gursel/robotics_ws/install/hardware_interface:/home/gursel/robotics_ws/install/controller_manager_msgs:/opt/ros/humble CMAKE_PREFIX_PATH=/home/gursel/robotics_ws/install/ros2_control:/home/gursel/robotics_ws/install/gazebo_ros2_control:/home/gursel/robotics_ws/install/controller_manager:/home/gursel/robotics_ws/install/transmission_interface:/home/gursel/robotics_ws/install/controller_interface:/home/gursel/robotics_ws/install/hardware_interface:/home/gursel/robotics_ws/install/ros2_control_test_assets:/home/gursel/robotics_ws/install/joint_limits:/home/gursel/robotics_ws/install/controller_manager_msgs:/home/gursel/robotics_ws/install/gazebo_ros2_control_demos:/home/gursel/robotics_ws/install/rqt_controller_manager:/home/gursel/robotics_ws/install/ros2controlcli:/home/gursel/robotics_ws/install/robotic_arm:/opt/ros/humble LD_LIBRARY_PATH=/home/gursel/robotics_ws/install/gazebo_ros2_control/lib:/home/gursel/robotics_ws/install/controller_manager/lib:/home/gursel/robotics_ws/install/transmission_interface/lib:/home/gursel/robotics_ws/install/controller_interface/lib:/home/gursel/robotics_ws/install/hardware_interface/lib:/home/gursel/robotics_ws/install/controller_manager_msgs/lib:/usr/local/cuda/lib64:/opt/ros/humble/opt/rviz_ogre_vendor/lib:/opt/ros/humble/lib/x86_64-linux-gnu:/opt/ros/humble/lib PYTHONPATH=/home/gursel/robotics_ws/install/ros2controlcli/lib/python3.10/site-packages:/home/gursel/robotics_ws/install/rqt_controller_manager/lib/python3.10/site-packages:/home/gursel/robotics_ws/install/controller_manager/local/lib/python3.10/dist-packages:/home/gursel/robotics_ws/install/robotic_arm/lib/python3.10/site-packages:/home/gursel/robotics_ws/install/controller_manager_msgs/local/lib/python3.10/dist-packages:/opt/ros/humble/lib/python3.10/site-packages:/opt/ros/humble/local/lib/python3.10/dist-packages /usr/bin/cmake --install /home/gursel/robotics_ws/build/gazebo_ros2_control_demos
[0.101s] -- Install configuration: ""
[0.102s] -- Up-to-date: /home/gursel/robotics_ws/install/gazebo_ros2_control_demos/share/gazebo_ros2_control_demos//launch
[0.102s] -- Up-to-date: /home/gursel/robotics_ws/install/gazebo_ros2_control_demos/share/gazebo_ros2_control_demos//launch/diff_drive.launch.py
[0.102s] -- Up-to-date: /home/gursel/robotics_ws/install/gazebo_ros2_control_demos/share/gazebo_ros2_control_demos//launch/cart_example_effort.launch.py
[0.102s] -- Up-to-date: /home/gursel/robotics_ws/install/gazebo_ros2_control_demos/share/gazebo_ros2_control_demos//launch/tricycle_drive.launch.py
[0.102s] -- Up-to-date: /home/gursel/robotics_ws/install/gazebo_ros2_control_demos/share/gazebo_ros2_control_demos//launch/cart_example_velocity.launch.py
[0.102s] -- Up-to-date: /home/gursel/robotics_ws/install/gazebo_ros2_control_demos/share/gazebo_ros2_control_demos//launch/cart_example_position.launch.py
[0.102s] -- Installing: /home/gursel/robotics_ws/install/gazebo_ros2_control_demos/share/gazebo_ros2_control_demos//launch/gripper_mimic_joint_example.launch.py
[0.102s] -- Up-to-date: /home/gursel/robotics_ws/install/gazebo_ros2_control_demos/share/gazebo_ros2_control_demos//config
[0.102s] -- Up-to-date: /home/gursel/robotics_ws/install/gazebo_ros2_control_demos/share/gazebo_ros2_control_demos//config/cartpole_controller.yaml
[0.102s] -- Up-to-date: /home/gursel/robotics_ws/install/gazebo_ros2_control_demos/share/gazebo_ros2_control_demos//config/cartpole_controller_effort.yaml
[0.102s] -- Up-to-date: /home/gursel/robotics_ws/install/gazebo_ros2_control_demos/share/gazebo_ros2_control_demos//config/config.rviz
[0.102s] -- Up-to-date: /home/gursel/robotics_ws/install/gazebo_ros2_control_demos/share/gazebo_ros2_control_demos//config/cartpole_controller_velocity.yaml
[0.102s] -- Up-to-date: /home/gursel/robotics_ws/install/gazebo_ros2_control_demos/share/gazebo_ros2_control_demos//config/tricycle_drive_controller.yaml
[0.102s] -- Up-to-date: /home/gursel/robotics_ws/install/gazebo_ros2_control_demos/share/gazebo_ros2_control_demos//config/gripper_controller.yaml
[0.102s] -- Up-to-date: /home/gursel/robotics_ws/install/gazebo_ros2_control_demos/share/gazebo_ros2_control_demos//config/diff_drive_controller.yaml
[0.102s] -- Up-to-date: /home/gursel/robotics_ws/install/gazebo_ros2_control_demos/share/gazebo_ros2_control_demos//urdf
[0.102s] -- Up-to-date: /home/gursel/robotics_ws/install/gazebo_ros2_control_demos/share/gazebo_ros2_control_demos//urdf/test_cart_position.xacro.urdf
[0.102s] -- Up-to-date: /home/gursel/robotics_ws/install/gazebo_ros2_control_demos/share/gazebo_ros2_control_demos//urdf/test_cart_effort.xacro.urdf
[0.102s] -- Up-to-date: /home/gursel/robotics_ws/install/gazebo_ros2_control_demos/share/gazebo_ros2_control_demos//urdf/test_tricycle_drive.xacro.urdf
[0.103s] -- Up-to-date: /home/gursel/robotics_ws/install/gazebo_ros2_control_demos/share/gazebo_ros2_control_demos//urdf/test_gripper_mimic_joint.xacro.urdf
[0.103s] -- Up-to-date: /home/gursel/robotics_ws/install/gazebo_ros2_control_demos/share/gazebo_ros2_control_demos//urdf/test_diff_drive.xacro.urdf
[0.103s] -- Up-to-date: /home/gursel/robotics_ws/install/gazebo_ros2_control_demos/share/gazebo_ros2_control_demos//urdf/test_cart_velocity.xacro.urdf
[0.103s] -- Up-to-date: /home/gursel/robotics_ws/install/gazebo_ros2_control_demos/lib/gazebo_ros2_control_demos/example_position
[0.103s] -- Up-to-date: /home/gursel/robotics_ws/install/gazebo_ros2_control_demos/lib/gazebo_ros2_control_demos/example_velocity
[0.103s] -- Up-to-date: /home/gursel/robotics_ws/install/gazebo_ros2_control_demos/lib/gazebo_ros2_control_demos/example_effort
[0.103s] -- Up-to-date: /home/gursel/robotics_ws/install/gazebo_ros2_control_demos/lib/gazebo_ros2_control_demos/example_diff_drive
[0.103s] -- Up-to-date: /home/gursel/robotics_ws/install/gazebo_ros2_control_demos/lib/gazebo_ros2_control_demos/example_tricycle_drive
[0.103s] -- Up-to-date: /home/gursel/robotics_ws/install/gazebo_ros2_control_demos/lib/gazebo_ros2_control_demos/example_gripper
[0.103s] -- Up-to-date: /home/gursel/robotics_ws/install/gazebo_ros2_control_demos/share/ament_index/resource_index/package_run_dependencies/gazebo_ros2_control_demos
[0.103s] -- Up-to-date: /home/gursel/robotics_ws/install/gazebo_ros2_control_demos/share/ament_index/resource_index/parent_prefix_path/gazebo_ros2_control_demos
[0.103s] -- Up-to-date: /home/gursel/robotics_ws/install/gazebo_ros2_control_demos/share/gazebo_ros2_control_demos/environment/ament_prefix_path.sh
[0.103s] -- Up-to-date: /home/gursel/robotics_ws/install/gazebo_ros2_control_demos/share/gazebo_ros2_control_demos/environment/ament_prefix_path.dsv
[0.103s] -- Up-to-date: /home/gursel/robotics_ws/install/gazebo_ros2_control_demos/share/gazebo_ros2_control_demos/environment/path.sh
[0.103s] -- Up-to-date: /home/gursel/robotics_ws/install/gazebo_ros2_control_demos/share/gazebo_ros2_control_demos/environment/path.dsv
[0.103s] -- Up-to-date: /home/gursel/robotics_ws/install/gazebo_ros2_control_demos/share/gazebo_ros2_control_demos/local_setup.bash
[0.103s] -- Up-to-date: /home/gursel/robotics_ws/install/gazebo_ros2_control_demos/share/gazebo_ros2_control_demos/local_setup.sh
[0.103s] -- Up-to-date: /home/gursel/robotics_ws/install/gazebo_ros2_control_demos/share/gazebo_ros2_control_demos/local_setup.zsh
[0.104s] -- Up-to-date: /home/gursel/robotics_ws/install/gazebo_ros2_control_demos/share/gazebo_ros2_control_demos/local_setup.dsv
[0.104s] -- Installing: /home/gursel/robotics_ws/install/gazebo_ros2_control_demos/share/gazebo_ros2_control_demos/package.dsv
[0.104s] -- Up-to-date: /home/gursel/robotics_ws/install/gazebo_ros2_control_demos/share/ament_index/resource_index/packages/gazebo_ros2_control_demos
[0.104s] -- Up-to-date: /home/gursel/robotics_ws/install/gazebo_ros2_control_demos/share/gazebo_ros2_control_demos/cmake/gazebo_ros2_control_demosConfig.cmake
[0.104s] -- Up-to-date: /home/gursel/robotics_ws/install/gazebo_ros2_control_demos/share/gazebo_ros2_control_demos/cmake/gazebo_ros2_control_demosConfig-version.cmake
[0.104s] -- Up-to-date: /home/gursel/robotics_ws/install/gazebo_ros2_control_demos/share/gazebo_ros2_control_demos/package.xml
[0.106s] Invoked command in '/home/gursel/robotics_ws/build/gazebo_ros2_control_demos' returned '0': AMENT_PREFIX_PATH=/home/gursel/robotics_ws/install/ros2controlcli:/home/gursel/robotics_ws/install/gazebo_ros2_control_demos:/home/gursel/robotics_ws/install/ros2_control:/home/gursel/robotics_ws/install/transmission_interface:/home/gursel/robotics_ws/install/rqt_controller_manager:/home/gursel/robotics_ws/install/gazebo_ros2_control:/home/gursel/robotics_ws/install/controller_manager:/home/gursel/robotics_ws/install/ros2_control_test_assets:/home/gursel/robotics_ws/install/robotic_arm:/home/gursel/robotics_ws/install/joint_limits:/home/gursel/robotics_ws/install/controller_interface:/home/gursel/robotics_ws/install/hardware_interface:/home/gursel/robotics_ws/install/controller_manager_msgs:/opt/ros/humble CMAKE_PREFIX_PATH=/home/gursel/robotics_ws/install/ros2_control:/home/gursel/robotics_ws/install/gazebo_ros2_control:/home/gursel/robotics_ws/install/controller_manager:/home/gursel/robotics_ws/install/transmission_interface:/home/gursel/robotics_ws/install/controller_interface:/home/gursel/robotics_ws/install/hardware_interface:/home/gursel/robotics_ws/install/ros2_control_test_assets:/home/gursel/robotics_ws/install/joint_limits:/home/gursel/robotics_ws/install/controller_manager_msgs:/home/gursel/robotics_ws/install/gazebo_ros2_control_demos:/home/gursel/robotics_ws/install/rqt_controller_manager:/home/gursel/robotics_ws/install/ros2controlcli:/home/gursel/robotics_ws/install/robotic_arm:/opt/ros/humble LD_LIBRARY_PATH=/home/gursel/robotics_ws/install/gazebo_ros2_control/lib:/home/gursel/robotics_ws/install/controller_manager/lib:/home/gursel/robotics_ws/install/transmission_interface/lib:/home/gursel/robotics_ws/install/controller_interface/lib:/home/gursel/robotics_ws/install/hardware_interface/lib:/home/gursel/robotics_ws/install/controller_manager_msgs/lib:/usr/local/cuda/lib64:/opt/ros/humble/opt/rviz_ogre_vendor/lib:/opt/ros/humble/lib/x86_64-linux-gnu:/opt/ros/humble/lib PYTHONPATH=/home/gursel/robotics_ws/install/ros2controlcli/lib/python3.10/site-packages:/home/gursel/robotics_ws/install/rqt_controller_manager/lib/python3.10/site-packages:/home/gursel/robotics_ws/install/controller_manager/local/lib/python3.10/dist-packages:/home/gursel/robotics_ws/install/robotic_arm/lib/python3.10/site-packages:/home/gursel/robotics_ws/install/controller_manager_msgs/local/lib/python3.10/dist-packages:/opt/ros/humble/lib/python3.10/site-packages:/opt/ros/humble/local/lib/python3.10/dist-packages /usr/bin/cmake --install /home/gursel/robotics_ws/build/gazebo_ros2_control_demos
