[0.019s] Invoking command in '/home/gursel/robotics_ws/build/transmission_interface': AMENT_PREFIX_PATH=/home/gursel/robotics_ws/install/hardware_interface:${AMENT_PREFIX_PATH} CMAKE_PREFIX_PATH=/home/gursel/robotics_ws/install/hardware_interface:/opt/ros/humble LD_LIBRARY_PATH=/home/gursel/robotics_ws/install/hardware_interface/lib:${LD_LIBRARY_PATH} /usr/bin/cmake --build /home/gursel/robotics_ws/build/transmission_interface -- -j8 -l8
[0.052s] [35m[1mConsolidate compiler generated dependencies of target gmock[0m
[0.052s] [35m[1mConsolidate compiler generated dependencies of target gmock_main[0m
[0.053s] [35m[1mConsolidate compiler generated dependencies of target transmission_interface[0m
[0.066s] [ 23%] Built target gmock
[0.067s] [ 23%] Built target gmock_main
[0.078s] [35m[1mConsolidate compiler generated dependencies of target test_simple_transmission[0m
[0.079s] [35m[1mConsolidate compiler generated dependencies of target test_differential_transmission[0m
[0.081s] [35m[1mConsolidate compiler generated dependencies of target test_four_bar_linkage_transmission[0m
[0.086s] [ 42%] Built target transmission_interface
[0.087s] [35m[1mConsolidate compiler generated dependencies of target test_four_bar_linkage_transmission_loader[0m
[0.090s] [35m[1mConsolidate compiler generated dependencies of target test_simple_transmission_loader[0m
[0.099s] [35m[1mConsolidate compiler generated dependencies of target test_differential_transmission_loader[0m
[0.101s] [ 52%] Built target test_differential_transmission
[0.105s] [ 61%] Built target test_four_bar_linkage_transmission
[0.106s] [ 71%] Built target test_simple_transmission
[0.111s] [ 80%] Built target test_four_bar_linkage_transmission_loader
[0.113s] [ 90%] Built target test_simple_transmission_loader
[0.115s] [100%] Built target test_differential_transmission_loader
[0.124s] Invoked command in '/home/gursel/robotics_ws/build/transmission_interface' returned '0': AMENT_PREFIX_PATH=/home/gursel/robotics_ws/install/hardware_interface:${AMENT_PREFIX_PATH} CMAKE_PREFIX_PATH=/home/gursel/robotics_ws/install/hardware_interface:/opt/ros/humble LD_LIBRARY_PATH=/home/gursel/robotics_ws/install/hardware_interface/lib:${LD_LIBRARY_PATH} /usr/bin/cmake --build /home/gursel/robotics_ws/build/transmission_interface -- -j8 -l8
[0.152s] Invoking command in '/home/gursel/robotics_ws/build/transmission_interface': AMENT_PREFIX_PATH=/home/gursel/robotics_ws/install/hardware_interface:${AMENT_PREFIX_PATH} CMAKE_PREFIX_PATH=/home/gursel/robotics_ws/install/hardware_interface:/opt/ros/humble LD_LIBRARY_PATH=/home/gursel/robotics_ws/install/hardware_interface/lib:${LD_LIBRARY_PATH} /usr/bin/cmake --install /home/gursel/robotics_ws/build/transmission_interface
[0.158s] -- Install configuration: ""
[0.158s] -- Up-to-date: /home/gursel/robotics_ws/install/transmission_interface/include
[0.158s] -- Up-to-date: /home/gursel/robotics_ws/install/transmission_interface/include/transmission_interface
[0.158s] -- Up-to-date: /home/gursel/robotics_ws/install/transmission_interface/include/transmission_interface/simple_transmission_loader.hpp
[0.158s] -- Up-to-date: /home/gursel/robotics_ws/install/transmission_interface/include/transmission_interface/differential_transmission.hpp
[0.158s] -- Up-to-date: /home/gursel/robotics_ws/install/transmission_interface/include/transmission_interface/simple_transmission.hpp
[0.158s] -- Up-to-date: /home/gursel/robotics_ws/install/transmission_interface/include/transmission_interface/four_bar_linkage_transmission_loader.hpp
[0.158s] -- Up-to-date: /home/gursel/robotics_ws/install/transmission_interface/include/transmission_interface/transmission_loader.hpp
[0.159s] -- Up-to-date: /home/gursel/robotics_ws/install/transmission_interface/include/transmission_interface/visibility_control.h
[0.159s] -- Up-to-date: /home/gursel/robotics_ws/install/transmission_interface/include/transmission_interface/differential_transmission_loader.hpp
[0.159s] -- Up-to-date: /home/gursel/robotics_ws/install/transmission_interface/include/transmission_interface/accessor.hpp
[0.159s] -- Up-to-date: /home/gursel/robotics_ws/install/transmission_interface/include/transmission_interface/transmission.hpp
[0.159s] -- Up-to-date: /home/gursel/robotics_ws/install/transmission_interface/include/transmission_interface/exception.hpp
[0.159s] -- Up-to-date: /home/gursel/robotics_ws/install/transmission_interface/include/transmission_interface/four_bar_linkage_transmission.hpp
[0.159s] -- Up-to-date: /home/gursel/robotics_ws/install/transmission_interface/include/transmission_interface/handle.hpp
[0.160s] -- Up-to-date: /home/gursel/robotics_ws/install/transmission_interface/include/transmission_interface/transmission_interface_exception.hpp
[0.160s] -- Up-to-date: /home/gursel/robotics_ws/install/transmission_interface/share/transmission_interface/ros2_control_plugins.xml
[0.160s] -- Up-to-date: /home/gursel/robotics_ws/install/transmission_interface/lib/libtransmission_interface.so
[0.160s] -- Up-to-date: /home/gursel/robotics_ws/install/transmission_interface/share/transmission_interface/environment/library_path.sh
[0.163s] -- Up-to-date: /home/gursel/robotics_ws/install/transmission_interface/share/transmission_interface/environment/library_path.dsv
[0.163s] -- Up-to-date: /home/gursel/robotics_ws/install/transmission_interface/share/ament_index/resource_index/package_run_dependencies/transmission_interface
[0.163s] -- Up-to-date: /home/gursel/robotics_ws/install/transmission_interface/share/ament_index/resource_index/parent_prefix_path/transmission_interface
[0.163s] -- Up-to-date: /home/gursel/robotics_ws/install/transmission_interface/share/transmission_interface/environment/ament_prefix_path.sh
[0.163s] -- Up-to-date: /home/gursel/robotics_ws/install/transmission_interface/share/transmission_interface/environment/ament_prefix_path.dsv
[0.163s] -- Up-to-date: /home/gursel/robotics_ws/install/transmission_interface/share/transmission_interface/environment/path.sh
[0.163s] -- Up-to-date: /home/gursel/robotics_ws/install/transmission_interface/share/transmission_interface/environment/path.dsv
[0.163s] -- Up-to-date: /home/gursel/robotics_ws/install/transmission_interface/share/transmission_interface/local_setup.bash
[0.163s] -- Up-to-date: /home/gursel/robotics_ws/install/transmission_interface/share/transmission_interface/local_setup.sh
[0.163s] -- Up-to-date: /home/gursel/robotics_ws/install/transmission_interface/share/transmission_interface/local_setup.zsh
[0.163s] -- Up-to-date: /home/gursel/robotics_ws/install/transmission_interface/share/transmission_interface/local_setup.dsv
[0.164s] -- Installing: /home/gursel/robotics_ws/install/transmission_interface/share/transmission_interface/package.dsv
[0.164s] -- Up-to-date: /home/gursel/robotics_ws/install/transmission_interface/share/ament_index/resource_index/packages/transmission_interface
[0.164s] -- Up-to-date: /home/gursel/robotics_ws/install/transmission_interface/share/ament_index/resource_index/transmission_interface__pluginlib__plugin/transmission_interface
[0.164s] -- Up-to-date: /home/gursel/robotics_ws/install/transmission_interface/share/transmission_interface/cmake/ament_cmake_export_include_directories-extras.cmake
[0.164s] -- Up-to-date: /home/gursel/robotics_ws/install/transmission_interface/share/transmission_interface/cmake/ament_cmake_export_dependencies-extras.cmake
[0.164s] -- Up-to-date: /home/gursel/robotics_ws/install/transmission_interface/share/transmission_interface/cmake/ament_cmake_export_libraries-extras.cmake
[0.164s] -- Up-to-date: /home/gursel/robotics_ws/install/transmission_interface/share/transmission_interface/cmake/transmission_interfaceConfig.cmake
[0.164s] -- Up-to-date: /home/gursel/robotics_ws/install/transmission_interface/share/transmission_interface/cmake/transmission_interfaceConfig-version.cmake
[0.164s] -- Up-to-date: /home/gursel/robotics_ws/install/transmission_interface/share/transmission_interface/package.xml
[0.164s] Invoked command in '/home/gursel/robotics_ws/build/transmission_interface' returned '0': AMENT_PREFIX_PATH=/home/gursel/robotics_ws/install/hardware_interface:${AMENT_PREFIX_PATH} CMAKE_PREFIX_PATH=/home/gursel/robotics_ws/install/hardware_interface:/opt/ros/humble LD_LIBRARY_PATH=/home/gursel/robotics_ws/install/hardware_interface/lib:${LD_LIBRARY_PATH} /usr/bin/cmake --install /home/gursel/robotics_ws/build/transmission_interface
