[0.605s] Invoking command in '/home/gursel/robotics_ws/src/robotic_arm': PYTHONPATH=/home/gursel/robotics_ws/build/robotic_arm/prefix_override:/home/gursel/robotics_ws/install/robotic_arm/lib/python3.10/site-packages:${PYTHONPATH} /usr/bin/python3 setup.py egg_info --egg-base ../../build/robotic_arm build --build-base /home/gursel/robotics_ws/build/robotic_arm/build install --record /home/gursel/robotics_ws/build/robotic_arm/install.log --single-version-externally-managed
[0.847s] running egg_info
[0.848s] writing ../../build/robotic_arm/robotic_arm.egg-info/PKG-INFO
[0.848s] writing dependency_links to ../../build/robotic_arm/robotic_arm.egg-info/dependency_links.txt
[0.848s] writing entry points to ../../build/robotic_arm/robotic_arm.egg-info/entry_points.txt
[0.848s] writing requirements to ../../build/robotic_arm/robotic_arm.egg-info/requires.txt
[0.848s] writing top-level names to ../../build/robotic_arm/robotic_arm.egg-info/top_level.txt
[0.849s] reading manifest file '../../build/robotic_arm/robotic_arm.egg-info/SOURCES.txt'
[0.850s] writing manifest file '../../build/robotic_arm/robotic_arm.egg-info/SOURCES.txt'
[0.850s] running build
[0.850s] running build_py
[0.850s] running install
[0.851s] running install_lib
[0.852s] running install_data
[0.852s] copying urdf/robotic_arm.urdf -> /home/gursel/robotics_ws/install/robotic_arm/share/robotic_arm/urdf
[0.852s] running install_egg_info
[0.854s] removing '/home/gursel/robotics_ws/install/robotic_arm/lib/python3.10/site-packages/robotic_arm-0.0.0-py3.10.egg-info' (and everything under it)
[0.854s] Copying ../../build/robotic_arm/robotic_arm.egg-info to /home/gursel/robotics_ws/install/robotic_arm/lib/python3.10/site-packages/robotic_arm-0.0.0-py3.10.egg-info
[0.854s] running install_scripts
[0.870s] Installing trajectory_msg script to /home/gursel/robotics_ws/install/robotic_arm/lib/robotic_arm
[0.870s] writing list of installed files to '/home/gursel/robotics_ws/build/robotic_arm/install.log'
[0.890s] Invoked command in '/home/gursel/robotics_ws/src/robotic_arm' returned '0': PYTHONPATH=/home/gursel/robotics_ws/build/robotic_arm/prefix_override:/home/gursel/robotics_ws/install/robotic_arm/lib/python3.10/site-packages:${PYTHONPATH} /usr/bin/python3 setup.py egg_info --egg-base ../../build/robotic_arm build --build-base /home/gursel/robotics_ws/build/robotic_arm/build install --record /home/gursel/robotics_ws/build/robotic_arm/install.log --single-version-externally-managed
