[0.022s] Invoking command in '/home/gursel/robotics_ws/build/controller_interface': AMENT_PREFIX_PATH=/home/gursel/robotics_ws/install/hardware_interface:${AMENT_PREFIX_PATH} CMAKE_PREFIX_PATH=/home/gursel/robotics_ws/install/hardware_interface:/opt/ros/humble LD_LIBRARY_PATH=/home/gursel/robotics_ws/install/hardware_interface/lib:${LD_LIBRARY_PATH} /usr/bin/cmake --build /home/gursel/robotics_ws/build/controller_interface -- -j8 -l8
[0.052s] [35m[1mConsolidate compiler generated dependencies of target gmock_main[0m
[0.052s] [35m[1mConsolidate compiler generated dependencies of target gmock[0m
[0.053s] [35m[1mConsolidate compiler generated dependencies of target controller_interface[0m
[0.066s] [  9%] Built target gmock_main
[0.069s] [ 23%] Built target gmock
[0.075s] [ 42%] Built target controller_interface
[0.080s] [35m[1mConsolidate compiler generated dependencies of target test_imu_sensor[0m
[0.080s] [35m[1mConsolidate compiler generated dependencies of target test_semantic_component_interface[0m
[0.080s] [35m[1mConsolidate compiler generated dependencies of target test_force_torque_sensor[0m
[0.097s] [35m[1mConsolidate compiler generated dependencies of target test_controller_interface[0m
[0.098s] [ 61%] Built target test_force_torque_sensor
[0.099s] [ 61%] Built target test_semantic_component_interface
[0.107s] [ 71%] Built target test_imu_sensor
[0.111s] [35m[1mConsolidate compiler generated dependencies of target test_controller_with_options[0m
[0.116s] [35m[1mConsolidate compiler generated dependencies of target test_chainable_controller_interface[0m
[0.118s] [ 80%] Built target test_controller_interface
[0.130s] [ 90%] Built target test_controller_with_options
[0.132s] [100%] Built target test_chainable_controller_interface
[0.140s] Invoked command in '/home/gursel/robotics_ws/build/controller_interface' returned '0': AMENT_PREFIX_PATH=/home/gursel/robotics_ws/install/hardware_interface:${AMENT_PREFIX_PATH} CMAKE_PREFIX_PATH=/home/gursel/robotics_ws/install/hardware_interface:/opt/ros/humble LD_LIBRARY_PATH=/home/gursel/robotics_ws/install/hardware_interface/lib:${LD_LIBRARY_PATH} /usr/bin/cmake --build /home/gursel/robotics_ws/build/controller_interface -- -j8 -l8
[0.179s] Invoking command in '/home/gursel/robotics_ws/build/controller_interface': AMENT_PREFIX_PATH=/home/gursel/robotics_ws/install/hardware_interface:${AMENT_PREFIX_PATH} CMAKE_PREFIX_PATH=/home/gursel/robotics_ws/install/hardware_interface:/opt/ros/humble LD_LIBRARY_PATH=/home/gursel/robotics_ws/install/hardware_interface/lib:${LD_LIBRARY_PATH} /usr/bin/cmake --install /home/gursel/robotics_ws/build/controller_interface
[0.183s] -- Install configuration: ""
[0.184s] -- Up-to-date: /home/gursel/robotics_ws/install/controller_interface/include
[0.184s] -- Up-to-date: /home/gursel/robotics_ws/install/controller_interface/include/semantic_components
[0.184s] -- Up-to-date: /home/gursel/robotics_ws/install/controller_interface/include/semantic_components/imu_sensor.hpp
[0.184s] -- Up-to-date: /home/gursel/robotics_ws/install/controller_interface/include/semantic_components/semantic_component_interface.hpp
[0.184s] -- Up-to-date: /home/gursel/robotics_ws/install/controller_interface/include/semantic_components/force_torque_sensor.hpp
[0.184s] -- Up-to-date: /home/gursel/robotics_ws/install/controller_interface/include/controller_interface
[0.184s] -- Up-to-date: /home/gursel/robotics_ws/install/controller_interface/include/controller_interface/controller_interface.hpp
[0.184s] -- Up-to-date: /home/gursel/robotics_ws/install/controller_interface/include/controller_interface/chainable_controller_interface.hpp
[0.184s] -- Up-to-date: /home/gursel/robotics_ws/install/controller_interface/include/controller_interface/visibility_control.h
[0.184s] -- Up-to-date: /home/gursel/robotics_ws/install/controller_interface/include/controller_interface/helpers.hpp
[0.184s] -- Up-to-date: /home/gursel/robotics_ws/install/controller_interface/include/controller_interface/controller_interface_base.hpp
[0.184s] -- Up-to-date: /home/gursel/robotics_ws/install/controller_interface/lib/libcontroller_interface.so
[0.185s] -- Up-to-date: /home/gursel/robotics_ws/install/controller_interface/share/controller_interface/environment/library_path.sh
[0.185s] -- Up-to-date: /home/gursel/robotics_ws/install/controller_interface/share/controller_interface/environment/library_path.dsv
[0.185s] -- Up-to-date: /home/gursel/robotics_ws/install/controller_interface/share/ament_index/resource_index/package_run_dependencies/controller_interface
[0.185s] -- Up-to-date: /home/gursel/robotics_ws/install/controller_interface/share/ament_index/resource_index/parent_prefix_path/controller_interface
[0.185s] -- Up-to-date: /home/gursel/robotics_ws/install/controller_interface/share/controller_interface/environment/ament_prefix_path.sh
[0.185s] -- Up-to-date: /home/gursel/robotics_ws/install/controller_interface/share/controller_interface/environment/ament_prefix_path.dsv
[0.185s] -- Up-to-date: /home/gursel/robotics_ws/install/controller_interface/share/controller_interface/environment/path.sh
[0.185s] -- Up-to-date: /home/gursel/robotics_ws/install/controller_interface/share/controller_interface/environment/path.dsv
[0.186s] -- Up-to-date: /home/gursel/robotics_ws/install/controller_interface/share/controller_interface/local_setup.bash
[0.186s] -- Up-to-date: /home/gursel/robotics_ws/install/controller_interface/share/controller_interface/local_setup.sh
[0.186s] -- Up-to-date: /home/gursel/robotics_ws/install/controller_interface/share/controller_interface/local_setup.zsh
[0.186s] -- Up-to-date: /home/gursel/robotics_ws/install/controller_interface/share/controller_interface/local_setup.dsv
[0.186s] -- Installing: /home/gursel/robotics_ws/install/controller_interface/share/controller_interface/package.dsv
[0.186s] -- Up-to-date: /home/gursel/robotics_ws/install/controller_interface/share/ament_index/resource_index/packages/controller_interface
[0.186s] -- Up-to-date: /home/gursel/robotics_ws/install/controller_interface/share/controller_interface/cmake/ament_cmake_export_dependencies-extras.cmake
[0.187s] -- Up-to-date: /home/gursel/robotics_ws/install/controller_interface/share/controller_interface/cmake/ament_cmake_export_include_directories-extras.cmake
[0.187s] -- Up-to-date: /home/gursel/robotics_ws/install/controller_interface/share/controller_interface/cmake/ament_cmake_export_libraries-extras.cmake
[0.187s] -- Up-to-date: /home/gursel/robotics_ws/install/controller_interface/share/controller_interface/cmake/controller_interfaceConfig.cmake
[0.187s] -- Up-to-date: /home/gursel/robotics_ws/install/controller_interface/share/controller_interface/cmake/controller_interfaceConfig-version.cmake
[0.189s] -- Up-to-date: /home/gursel/robotics_ws/install/controller_interface/share/controller_interface/package.xml
[0.189s] Invoked command in '/home/gursel/robotics_ws/build/controller_interface' returned '0': AMENT_PREFIX_PATH=/home/gursel/robotics_ws/install/hardware_interface:${AMENT_PREFIX_PATH} CMAKE_PREFIX_PATH=/home/gursel/robotics_ws/install/hardware_interface:/opt/ros/humble LD_LIBRARY_PATH=/home/gursel/robotics_ws/install/hardware_interface/lib:${LD_LIBRARY_PATH} /usr/bin/cmake --install /home/gursel/robotics_ws/build/controller_interface
