[0.593s] Invoking command in '/home/gursel/robotics_ws/src/ros2_control/ros2controlcli': CMAKE_PREFIX_PATH=/home/gursel/robotics_ws/install/controller_manager:/home/gursel/robotics_ws/install/controller_interface:/home/gursel/robotics_ws/install/hardware_interface:/home/gursel/robotics_ws/install/ros2_control_test_assets:/home/gursel/robotics_ws/install/controller_manager_msgs:/home/gursel/robotics_ws/install/ros2_control:/home/gursel/robotics_ws/install/transmission_interface:/home/gursel/robotics_ws/install/joint_limits LD_LIBRARY_PATH=/home/gursel/robotics_ws/install/controller_manager/lib:/home/gursel/robotics_ws/install/controller_interface/lib:/home/gursel/robotics_ws/install/hardware_interface/lib:/home/gursel/robotics_ws/install/controller_manager_msgs/lib:/usr/local/cuda/lib64:/home/gursel/robotics_ws/install/transmission_interface/lib:/opt/ros/humble/opt/rviz_ogre_vendor/lib:/opt/ros/humble/lib/x86_64-linux-gnu:/opt/ros/humble/lib PYTHONPATH=/home/gursel/robotics_ws/build/ros2controlcli/prefix_override:/home/gursel/robotics_ws/install/ros2controlcli/lib/python3.10/site-packages:${PYTHONPATH} /usr/bin/python3 setup.py egg_info --egg-base ../../../build/ros2controlcli build --build-base /home/gursel/robotics_ws/build/ros2controlcli/build install --record /home/gursel/robotics_ws/build/ros2controlcli/install.log --single-version-externally-managed
[0.822s] running egg_info
[0.822s] writing ../../../build/ros2controlcli/ros2controlcli.egg-info/PKG-INFO
[0.823s] writing dependency_links to ../../../build/ros2controlcli/ros2controlcli.egg-info/dependency_links.txt
[0.823s] writing entry points to ../../../build/ros2controlcli/ros2controlcli.egg-info/entry_points.txt
[0.823s] writing requirements to ../../../build/ros2controlcli/ros2controlcli.egg-info/requires.txt
[0.823s] writing top-level names to ../../../build/ros2controlcli/ros2controlcli.egg-info/top_level.txt
[0.824s] reading manifest file '../../../build/ros2controlcli/ros2controlcli.egg-info/SOURCES.txt'
[0.825s] writing manifest file '../../../build/ros2controlcli/ros2controlcli.egg-info/SOURCES.txt'
[0.825s] running build
[0.825s] running build_py
[0.826s] running install
[0.827s] running install_lib
[0.828s] running install_data
[0.828s] running install_egg_info
[0.829s] removing '/home/gursel/robotics_ws/install/ros2controlcli/lib/python3.10/site-packages/ros2controlcli-2.23.0-py3.10.egg-info' (and everything under it)
[0.830s] Copying ../../../build/ros2controlcli/ros2controlcli.egg-info to /home/gursel/robotics_ws/install/ros2controlcli/lib/python3.10/site-packages/ros2controlcli-2.23.0-py3.10.egg-info
[0.830s] running install_scripts
[0.845s] writing list of installed files to '/home/gursel/robotics_ws/build/ros2controlcli/install.log'
[0.864s] Invoked command in '/home/gursel/robotics_ws/src/ros2_control/ros2controlcli' returned '0': CMAKE_PREFIX_PATH=/home/gursel/robotics_ws/install/controller_manager:/home/gursel/robotics_ws/install/controller_interface:/home/gursel/robotics_ws/install/hardware_interface:/home/gursel/robotics_ws/install/ros2_control_test_assets:/home/gursel/robotics_ws/install/controller_manager_msgs:/home/gursel/robotics_ws/install/ros2_control:/home/gursel/robotics_ws/install/transmission_interface:/home/gursel/robotics_ws/install/joint_limits LD_LIBRARY_PATH=/home/gursel/robotics_ws/install/controller_manager/lib:/home/gursel/robotics_ws/install/controller_interface/lib:/home/gursel/robotics_ws/install/hardware_interface/lib:/home/gursel/robotics_ws/install/controller_manager_msgs/lib:/usr/local/cuda/lib64:/home/gursel/robotics_ws/install/transmission_interface/lib:/opt/ros/humble/opt/rviz_ogre_vendor/lib:/opt/ros/humble/lib/x86_64-linux-gnu:/opt/ros/humble/lib PYTHONPATH=/home/gursel/robotics_ws/build/ros2controlcli/prefix_override:/home/gursel/robotics_ws/install/ros2controlcli/lib/python3.10/site-packages:${PYTHONPATH} /usr/bin/python3 setup.py egg_info --egg-base ../../../build/ros2controlcli build --build-base /home/gursel/robotics_ws/build/ros2controlcli/build install --record /home/gursel/robotics_ws/build/ros2controlcli/install.log --single-version-externally-managed
