[0.022s] Invoking command in '/home/gursel/robotics_ws/build/hardware_interface': AMENT_PREFIX_PATH=/home/gursel/robotics_ws/install/ros2_control_test_assets:${AMENT_PREFIX_PATH} CMAKE_PREFIX_PATH=/home/gursel/robotics_ws/install/ros2_control_test_assets:/opt/ros/humble /usr/bin/cmake --build /home/gursel/robotics_ws/build/hardware_interface -- -j8 -l8
[0.049s] [35m[1mConsolidate compiler generated dependencies of target gmock_main[0m
[0.052s] [35m[1mConsolidate compiler generated dependencies of target gmock[0m
[0.053s] [35m[1mConsolidate compiler generated dependencies of target hardware_interface[0m
[0.059s] [  5%] Built target gmock_main
[0.064s] [ 13%] Built target gmock
[0.067s] [ 29%] Built target hardware_interface
[0.074s] [35m[1mConsolidate compiler generated dependencies of target test_macros[0m
[0.077s] [35m[1mConsolidate compiler generated dependencies of target mock_components[0m
[0.077s] [35m[1mConsolidate compiler generated dependencies of target test_component_interfaces[0m
[0.078s] [35m[1mConsolidate compiler generated dependencies of target fake_components[0m
[0.078s] [35m[1mConsolidate compiler generated dependencies of target test_joint_handle[0m
[0.079s] [35m[1mConsolidate compiler generated dependencies of target test_component_parser[0m
[0.083s] [35m[1mConsolidate compiler generated dependencies of target test_hardware_components[0m
[0.089s] [35m[1mConsolidate compiler generated dependencies of target test_components[0m
[0.093s] [ 40%] Built target mock_components
[0.093s] [ 40%] Built target test_macros
[0.094s] [ 45%] Built target test_joint_handle
[0.098s] [ 56%] Built target test_component_interfaces
[0.098s] [ 59%] Built target fake_components
[0.102s] [ 64%] Built target test_component_parser
[0.103s] [35m[1mConsolidate compiler generated dependencies of target test_generic_system[0m
[0.103s] [ 78%] Built target test_hardware_components
[0.103s] [35m[1mConsolidate compiler generated dependencies of target test_resource_manager[0m
[0.108s] [ 89%] Built target test_components
[0.113s] [ 94%] Built target test_generic_system
[0.113s] [100%] Built target test_resource_manager
[0.121s] Invoked command in '/home/gursel/robotics_ws/build/hardware_interface' returned '0': AMENT_PREFIX_PATH=/home/gursel/robotics_ws/install/ros2_control_test_assets:${AMENT_PREFIX_PATH} CMAKE_PREFIX_PATH=/home/gursel/robotics_ws/install/ros2_control_test_assets:/opt/ros/humble /usr/bin/cmake --build /home/gursel/robotics_ws/build/hardware_interface -- -j8 -l8
[0.164s] Invoking command in '/home/gursel/robotics_ws/build/hardware_interface': AMENT_PREFIX_PATH=/home/gursel/robotics_ws/install/ros2_control_test_assets:${AMENT_PREFIX_PATH} CMAKE_PREFIX_PATH=/home/gursel/robotics_ws/install/ros2_control_test_assets:/opt/ros/humble /usr/bin/cmake --install /home/gursel/robotics_ws/build/hardware_interface
[0.169s] -- Install configuration: ""
[0.170s] -- Up-to-date: /home/gursel/robotics_ws/install/hardware_interface/share/hardware_interface/mock_components_plugin_description.xml
[0.170s] -- Up-to-date: /home/gursel/robotics_ws/install/hardware_interface/share/hardware_interface/fake_components_plugin_description.xml
[0.170s] -- Up-to-date: /home/gursel/robotics_ws/install/hardware_interface/include
[0.170s] -- Up-to-date: /home/gursel/robotics_ws/install/hardware_interface/include/hardware_interface
[0.170s] -- Up-to-date: /home/gursel/robotics_ws/install/hardware_interface/include/hardware_interface/hardware_component_info.hpp
[0.170s] -- Up-to-date: /home/gursel/robotics_ws/install/hardware_interface/include/hardware_interface/types
[0.170s] -- Up-to-date: /home/gursel/robotics_ws/install/hardware_interface/include/hardware_interface/types/hardware_interface_type_values.hpp
[0.171s] -- Up-to-date: /home/gursel/robotics_ws/install/hardware_interface/include/hardware_interface/types/lifecycle_state_names.hpp
[0.171s] -- Up-to-date: /home/gursel/robotics_ws/install/hardware_interface/include/hardware_interface/types/hardware_interface_return_values.hpp
[0.171s] -- Up-to-date: /home/gursel/robotics_ws/install/hardware_interface/include/hardware_interface/system.hpp
[0.171s] -- Up-to-date: /home/gursel/robotics_ws/install/hardware_interface/include/hardware_interface/hardware_info.hpp
[0.171s] -- Up-to-date: /home/gursel/robotics_ws/install/hardware_interface/include/hardware_interface/controller_info.hpp
[0.171s] -- Up-to-date: /home/gursel/robotics_ws/install/hardware_interface/include/hardware_interface/actuator.hpp
[0.171s] -- Up-to-date: /home/gursel/robotics_ws/install/hardware_interface/include/hardware_interface/visibility_control.h
[0.172s] -- Up-to-date: /home/gursel/robotics_ws/install/hardware_interface/include/hardware_interface/macros.hpp
[0.172s] -- Up-to-date: /home/gursel/robotics_ws/install/hardware_interface/include/hardware_interface/system_interface.hpp
[0.172s] -- Up-to-date: /home/gursel/robotics_ws/install/hardware_interface/include/hardware_interface/actuator_interface.hpp
[0.172s] -- Up-to-date: /home/gursel/robotics_ws/install/hardware_interface/include/hardware_interface/sensor.hpp
[0.172s] -- Up-to-date: /home/gursel/robotics_ws/install/hardware_interface/include/hardware_interface/loaned_state_interface.hpp
[0.172s] -- Up-to-date: /home/gursel/robotics_ws/install/hardware_interface/include/hardware_interface/loaned_command_interface.hpp
[0.172s] -- Up-to-date: /home/gursel/robotics_ws/install/hardware_interface/include/hardware_interface/handle.hpp
[0.172s] -- Up-to-date: /home/gursel/robotics_ws/install/hardware_interface/include/hardware_interface/sensor_interface.hpp
[0.172s] -- Up-to-date: /home/gursel/robotics_ws/install/hardware_interface/include/hardware_interface/component_parser.hpp
[0.173s] -- Up-to-date: /home/gursel/robotics_ws/install/hardware_interface/include/hardware_interface/resource_manager.hpp
[0.173s] -- Up-to-date: /home/gursel/robotics_ws/install/hardware_interface/include/fake_components
[0.173s] -- Up-to-date: /home/gursel/robotics_ws/install/hardware_interface/include/fake_components/visibility_control.h
[0.173s] -- Up-to-date: /home/gursel/robotics_ws/install/hardware_interface/include/fake_components/generic_system.hpp
[0.173s] -- Up-to-date: /home/gursel/robotics_ws/install/hardware_interface/include/mock_components
[0.173s] -- Up-to-date: /home/gursel/robotics_ws/install/hardware_interface/include/mock_components/visibility_control.h
[0.173s] -- Up-to-date: /home/gursel/robotics_ws/install/hardware_interface/include/mock_components/generic_system.hpp
[0.173s] -- Up-to-date: /home/gursel/robotics_ws/install/hardware_interface/lib/libfake_components.so
[0.173s] -- Up-to-date: /home/gursel/robotics_ws/install/hardware_interface/lib/libmock_components.so
[0.173s] -- Up-to-date: /home/gursel/robotics_ws/install/hardware_interface/lib/libhardware_interface.so
[0.174s] -- Up-to-date: /home/gursel/robotics_ws/install/hardware_interface/lib/libtest_components.so
[0.176s] -- Up-to-date: /home/gursel/robotics_ws/install/hardware_interface/share/hardware_interface/test/test_components/test_components.xml
[0.176s] -- Up-to-date: /home/gursel/robotics_ws/install/hardware_interface/lib/libtest_hardware_components.so
[0.176s] -- Up-to-date: /home/gursel/robotics_ws/install/hardware_interface/share/hardware_interface/test/test_hardware_components/test_hardware_components.xml
[0.176s] -- Up-to-date: /home/gursel/robotics_ws/install/hardware_interface/share/hardware_interface/environment/library_path.sh
[0.177s] -- Up-to-date: /home/gursel/robotics_ws/install/hardware_interface/share/hardware_interface/environment/library_path.dsv
[0.177s] -- Up-to-date: /home/gursel/robotics_ws/install/hardware_interface/share/ament_index/resource_index/package_run_dependencies/hardware_interface
[0.177s] -- Up-to-date: /home/gursel/robotics_ws/install/hardware_interface/share/ament_index/resource_index/parent_prefix_path/hardware_interface
[0.177s] -- Up-to-date: /home/gursel/robotics_ws/install/hardware_interface/share/hardware_interface/environment/ament_prefix_path.sh
[0.177s] -- Up-to-date: /home/gursel/robotics_ws/install/hardware_interface/share/hardware_interface/environment/ament_prefix_path.dsv
[0.177s] -- Up-to-date: /home/gursel/robotics_ws/install/hardware_interface/share/hardware_interface/environment/path.sh
[0.177s] -- Up-to-date: /home/gursel/robotics_ws/install/hardware_interface/share/hardware_interface/environment/path.dsv
[0.177s] -- Up-to-date: /home/gursel/robotics_ws/install/hardware_interface/share/hardware_interface/local_setup.bash
[0.178s] -- Up-to-date: /home/gursel/robotics_ws/install/hardware_interface/share/hardware_interface/local_setup.sh
[0.178s] -- Up-to-date: /home/gursel/robotics_ws/install/hardware_interface/share/hardware_interface/local_setup.zsh
[0.178s] -- Up-to-date: /home/gursel/robotics_ws/install/hardware_interface/share/hardware_interface/local_setup.dsv
[0.179s] -- Installing: /home/gursel/robotics_ws/install/hardware_interface/share/hardware_interface/package.dsv
[0.180s] -- Up-to-date: /home/gursel/robotics_ws/install/hardware_interface/share/ament_index/resource_index/packages/hardware_interface
[0.180s] -- Up-to-date: /home/gursel/robotics_ws/install/hardware_interface/share/ament_index/resource_index/hardware_interface__pluginlib__plugin/hardware_interface
[0.180s] -- Up-to-date: /home/gursel/robotics_ws/install/hardware_interface/share/hardware_interface/cmake/ament_cmake_export_include_directories-extras.cmake
[0.180s] -- Up-to-date: /home/gursel/robotics_ws/install/hardware_interface/share/hardware_interface/cmake/ament_cmake_export_libraries-extras.cmake
[0.181s] -- Up-to-date: /home/gursel/robotics_ws/install/hardware_interface/share/hardware_interface/cmake/ament_cmake_export_dependencies-extras.cmake
[0.181s] -- Up-to-date: /home/gursel/robotics_ws/install/hardware_interface/share/hardware_interface/cmake/hardware_interfaceConfig.cmake
[0.182s] -- Up-to-date: /home/gursel/robotics_ws/install/hardware_interface/share/hardware_interface/cmake/hardware_interfaceConfig-version.cmake
[0.182s] -- Up-to-date: /home/gursel/robotics_ws/install/hardware_interface/share/hardware_interface/package.xml
[0.183s] Invoked command in '/home/gursel/robotics_ws/build/hardware_interface' returned '0': AMENT_PREFIX_PATH=/home/gursel/robotics_ws/install/ros2_control_test_assets:${AMENT_PREFIX_PATH} CMAKE_PREFIX_PATH=/home/gursel/robotics_ws/install/ros2_control_test_assets:/opt/ros/humble /usr/bin/cmake --install /home/gursel/robotics_ws/build/hardware_interface
