running egg_info
writing ../../build/robotic_arm/robotic_arm.egg-info/PKG-INFO
writing dependency_links to ../../build/robotic_arm/robotic_arm.egg-info/dependency_links.txt
writing entry points to ../../build/robotic_arm/robotic_arm.egg-info/entry_points.txt
writing requirements to ../../build/robotic_arm/robotic_arm.egg-info/requires.txt
writing top-level names to ../../build/robotic_arm/robotic_arm.egg-info/top_level.txt
reading manifest file '../../build/robotic_arm/robotic_arm.egg-info/SOURCES.txt'
writing manifest file '../../build/robotic_arm/robotic_arm.egg-info/SOURCES.txt'
running build
running build_py
running install
running install_lib
running install_data
copying urdf/robotic_arm.urdf -> /home/gursel/robotics_ws/install/robotic_arm/share/robotic_arm/urdf
running install_egg_info
removing '/home/gursel/robotics_ws/install/robotic_arm/lib/python3.10/site-packages/robotic_arm-0.0.0-py3.10.egg-info' (and everything under it)
Copying ../../build/robotic_arm/robotic_arm.egg-info to /home/gursel/robotics_ws/install/robotic_arm/lib/python3.10/site-packages/robotic_arm-0.0.0-py3.10.egg-info
running install_scripts
Installing trajectory_msg script to /home/gursel/robotics_ws/install/robotic_arm/lib/robotic_arm
writing list of installed files to '/home/gursel/robotics_ws/build/robotic_arm/install.log'
