[0.018s] Invoking command in '/home/gursel/robotics_ws/build/gazebo_ros2_control_demos': AMENT_PREFIX_PATH=/home/gursel/robotics_ws/install/ros2controlcli:/home/gursel/robotics_ws/install/gazebo_ros2_control:/home/gursel/robotics_ws/install/ros2_control:/home/gursel/robotics_ws/install/transmission_interface:/home/gursel/robotics_ws/install/rqt_controller_manager:/home/gursel/robotics_ws/install/controller_manager:/home/gursel/robotics_ws/install/ros2_control_test_assets:/home/gursel/robotics_ws/install/robotic_arm:/home/gursel/robotics_ws/install/joint_limits:/home/gursel/robotics_ws/install/controller_interface:/home/gursel/robotics_ws/install/hardware_interface:/home/gursel/robotics_ws/install/controller_manager_msgs:/opt/ros/humble CMAKE_PREFIX_PATH=/home/gursel/robotics_ws/install/ros2_control:/home/gursel/robotics_ws/install/gazebo_ros2_control:/home/gursel/robotics_ws/install/controller_manager:/home/gursel/robotics_ws/install/transmission_interface:/home/gursel/robotics_ws/install/controller_interface:/home/gursel/robotics_ws/install/hardware_interface:/home/gursel/robotics_ws/install/ros2_control_test_assets:/home/gursel/robotics_ws/install/joint_limits:/home/gursel/robotics_ws/install/controller_manager_msgs:/home/gursel/robotics_ws/install/rqt_controller_manager:/home/gursel/robotics_ws/install/ros2controlcli:/home/gursel/robotics_ws/install/robotic_arm:/opt/ros/humble LD_LIBRARY_PATH=/home/gursel/robotics_ws/install/gazebo_ros2_control/lib:/home/gursel/robotics_ws/install/controller_manager/lib:/home/gursel/robotics_ws/install/transmission_interface/lib:/home/gursel/robotics_ws/install/controller_interface/lib:/home/gursel/robotics_ws/install/hardware_interface/lib:/home/gursel/robotics_ws/install/controller_manager_msgs/lib:/usr/local/cuda/lib64:/opt/ros/humble/opt/rviz_ogre_vendor/lib:/opt/ros/humble/lib/x86_64-linux-gnu:/opt/ros/humble/lib PYTHONPATH=/home/gursel/robotics_ws/install/ros2controlcli/lib/python3.10/site-packages:/home/gursel/robotics_ws/install/rqt_controller_manager/lib/python3.10/site-packages:/home/gursel/robotics_ws/install/controller_manager/local/lib/python3.10/dist-packages:/home/gursel/robotics_ws/install/robotic_arm/lib/python3.10/site-packages:/home/gursel/robotics_ws/install/controller_manager_msgs/local/lib/python3.10/dist-packages:/opt/ros/humble/lib/python3.10/site-packages:/opt/ros/humble/local/lib/python3.10/dist-packages /usr/bin/cmake /home/gursel/robotics_ws/src/gazebo_ros2_control/gazebo_ros2_control_demos -DCMAKE_INSTALL_PREFIX=/home/gursel/robotics_ws/install/gazebo_ros2_control_demos
[0.055s] -- The C compiler identification is GNU 11.3.0
[0.095s] -- The CXX compiler identification is GNU 11.3.0
[0.100s] -- Detecting C compiler ABI info
[0.145s] -- Detecting C compiler ABI info - done
[0.151s] -- Check for working C compiler: /usr/bin/cc - skipped
[0.151s] -- Detecting C compile features
[0.151s] -- Detecting C compile features - done
[0.153s] -- Detecting CXX compiler ABI info
[0.207s] -- Detecting CXX compiler ABI info - done
[0.213s] -- Check for working CXX compiler: /usr/bin/c++ - skipped
[0.214s] -- Detecting CXX compile features
[0.214s] -- Detecting CXX compile features - done
[0.216s] -- Found ament_cmake: 1.3.3 (/opt/ros/humble/share/ament_cmake/cmake)
[0.358s] -- Found Python3: /usr/bin/python3.10 (found version "3.10.6") found components: Interpreter 
[0.437s] -- Found control_msgs: 4.1.0 (/opt/ros/humble/share/control_msgs/cmake)
[0.474s] -- Found rosidl_generator_c: 3.1.4 (/opt/ros/humble/share/rosidl_generator_c/cmake)
[0.479s] -- Found rosidl_adapter: 3.1.4 (/opt/ros/humble/share/rosidl_adapter/cmake)
[0.487s] -- Found rosidl_generator_cpp: 3.1.4 (/opt/ros/humble/share/rosidl_generator_cpp/cmake)
[0.500s] -- Using all available rosidl_typesupport_c: rosidl_typesupport_fastrtps_c;rosidl_typesupport_introspection_c
[0.519s] -- Using all available rosidl_typesupport_cpp: rosidl_typesupport_fastrtps_cpp;rosidl_typesupport_introspection_cpp
[1.018s] -- Found rclcpp: 16.0.3 (/opt/ros/humble/share/rclcpp/cmake)
[1.073s] -- Found rmw_implementation_cmake: 6.1.1 (/opt/ros/humble/share/rmw_implementation_cmake/cmake)
[1.076s] -- Found rmw_cyclonedds_cpp: 1.3.4 (/opt/ros/humble/share/rmw_cyclonedds_cpp/cmake)
[1.107s] -- Using RMW implementation 'rmw_cyclonedds_cpp' as default
[1.116s] -- Looking for pthread.h
[1.164s] -- Looking for pthread.h - found
[1.164s] -- Performing Test CMAKE_HAVE_LIBC_PTHREAD
[1.214s] -- Performing Test CMAKE_HAVE_LIBC_PTHREAD - Success
[1.215s] -- Found Threads: TRUE  
[1.334s] -- Found rclcpp_action: 16.0.3 (/opt/ros/humble/share/rclcpp_action/cmake)
[1.369s] -- Found ament_cmake_gtest: 1.3.3 (/opt/ros/humble/share/ament_cmake_gtest/cmake)
[1.371s] -- Found ament_lint_auto: 0.12.5 (/opt/ros/humble/share/ament_lint_auto/cmake)
[1.440s] -- Added test 'copyright' to check source files copyright and LICENSE
[1.442s] -- Added test 'cppcheck' to perform static code analysis on C / C++ code
[1.442s] -- Configured cppcheck include dirs: 
[1.442s] -- Configured cppcheck exclude dirs and/or files: 
[1.443s] -- Added test 'cpplint' to check C / C++ code against the Google style
[1.443s] -- Configured cpplint exclude dirs and/or files: 
[1.444s] -- Added test 'flake8' to check Python code syntax and style conventions
[1.445s] -- Added test 'lint_cmake' to check CMake code style
[1.445s] -- Added test 'pep257' to check Python code against some of the docstring style conventions in PEP 257
[1.446s] -- Added test 'uncrustify' to check C / C++ code style
[1.447s] -- Configured uncrustify additional arguments: 
[1.447s] -- Added test 'xmllint' to check XML markup files
[1.448s] -- Configuring done
[1.467s] -- Generating done
[1.469s] -- Build files have been written to: /home/gursel/robotics_ws/build/gazebo_ros2_control_demos
[1.477s] Invoked command in '/home/gursel/robotics_ws/build/gazebo_ros2_control_demos' returned '0': AMENT_PREFIX_PATH=/home/gursel/robotics_ws/install/ros2controlcli:/home/gursel/robotics_ws/install/gazebo_ros2_control:/home/gursel/robotics_ws/install/ros2_control:/home/gursel/robotics_ws/install/transmission_interface:/home/gursel/robotics_ws/install/rqt_controller_manager:/home/gursel/robotics_ws/install/controller_manager:/home/gursel/robotics_ws/install/ros2_control_test_assets:/home/gursel/robotics_ws/install/robotic_arm:/home/gursel/robotics_ws/install/joint_limits:/home/gursel/robotics_ws/install/controller_interface:/home/gursel/robotics_ws/install/hardware_interface:/home/gursel/robotics_ws/install/controller_manager_msgs:/opt/ros/humble CMAKE_PREFIX_PATH=/home/gursel/robotics_ws/install/ros2_control:/home/gursel/robotics_ws/install/gazebo_ros2_control:/home/gursel/robotics_ws/install/controller_manager:/home/gursel/robotics_ws/install/transmission_interface:/home/gursel/robotics_ws/install/controller_interface:/home/gursel/robotics_ws/install/hardware_interface:/home/gursel/robotics_ws/install/ros2_control_test_assets:/home/gursel/robotics_ws/install/joint_limits:/home/gursel/robotics_ws/install/controller_manager_msgs:/home/gursel/robotics_ws/install/rqt_controller_manager:/home/gursel/robotics_ws/install/ros2controlcli:/home/gursel/robotics_ws/install/robotic_arm:/opt/ros/humble LD_LIBRARY_PATH=/home/gursel/robotics_ws/install/gazebo_ros2_control/lib:/home/gursel/robotics_ws/install/controller_manager/lib:/home/gursel/robotics_ws/install/transmission_interface/lib:/home/gursel/robotics_ws/install/controller_interface/lib:/home/gursel/robotics_ws/install/hardware_interface/lib:/home/gursel/robotics_ws/install/controller_manager_msgs/lib:/usr/local/cuda/lib64:/opt/ros/humble/opt/rviz_ogre_vendor/lib:/opt/ros/humble/lib/x86_64-linux-gnu:/opt/ros/humble/lib PYTHONPATH=/home/gursel/robotics_ws/install/ros2controlcli/lib/python3.10/site-packages:/home/gursel/robotics_ws/install/rqt_controller_manager/lib/python3.10/site-packages:/home/gursel/robotics_ws/install/controller_manager/local/lib/python3.10/dist-packages:/home/gursel/robotics_ws/install/robotic_arm/lib/python3.10/site-packages:/home/gursel/robotics_ws/install/controller_manager_msgs/local/lib/python3.10/dist-packages:/opt/ros/humble/lib/python3.10/site-packages:/opt/ros/humble/local/lib/python3.10/dist-packages /usr/bin/cmake /home/gursel/robotics_ws/src/gazebo_ros2_control/gazebo_ros2_control_demos -DCMAKE_INSTALL_PREFIX=/home/gursel/robotics_ws/install/gazebo_ros2_control_demos
[1.477s] Invoking command in '/home/gursel/robotics_ws/build/gazebo_ros2_control_demos': AMENT_PREFIX_PATH=/home/gursel/robotics_ws/install/ros2controlcli:/home/gursel/robotics_ws/install/gazebo_ros2_control:/home/gursel/robotics_ws/install/ros2_control:/home/gursel/robotics_ws/install/transmission_interface:/home/gursel/robotics_ws/install/rqt_controller_manager:/home/gursel/robotics_ws/install/controller_manager:/home/gursel/robotics_ws/install/ros2_control_test_assets:/home/gursel/robotics_ws/install/robotic_arm:/home/gursel/robotics_ws/install/joint_limits:/home/gursel/robotics_ws/install/controller_interface:/home/gursel/robotics_ws/install/hardware_interface:/home/gursel/robotics_ws/install/controller_manager_msgs:/opt/ros/humble CMAKE_PREFIX_PATH=/home/gursel/robotics_ws/install/ros2_control:/home/gursel/robotics_ws/install/gazebo_ros2_control:/home/gursel/robotics_ws/install/controller_manager:/home/gursel/robotics_ws/install/transmission_interface:/home/gursel/robotics_ws/install/controller_interface:/home/gursel/robotics_ws/install/hardware_interface:/home/gursel/robotics_ws/install/ros2_control_test_assets:/home/gursel/robotics_ws/install/joint_limits:/home/gursel/robotics_ws/install/controller_manager_msgs:/home/gursel/robotics_ws/install/rqt_controller_manager:/home/gursel/robotics_ws/install/ros2controlcli:/home/gursel/robotics_ws/install/robotic_arm:/opt/ros/humble LD_LIBRARY_PATH=/home/gursel/robotics_ws/install/gazebo_ros2_control/lib:/home/gursel/robotics_ws/install/controller_manager/lib:/home/gursel/robotics_ws/install/transmission_interface/lib:/home/gursel/robotics_ws/install/controller_interface/lib:/home/gursel/robotics_ws/install/hardware_interface/lib:/home/gursel/robotics_ws/install/controller_manager_msgs/lib:/usr/local/cuda/lib64:/opt/ros/humble/opt/rviz_ogre_vendor/lib:/opt/ros/humble/lib/x86_64-linux-gnu:/opt/ros/humble/lib PYTHONPATH=/home/gursel/robotics_ws/install/ros2controlcli/lib/python3.10/site-packages:/home/gursel/robotics_ws/install/rqt_controller_manager/lib/python3.10/site-packages:/home/gursel/robotics_ws/install/controller_manager/local/lib/python3.10/dist-packages:/home/gursel/robotics_ws/install/robotic_arm/lib/python3.10/site-packages:/home/gursel/robotics_ws/install/controller_manager_msgs/local/lib/python3.10/dist-packages:/opt/ros/humble/lib/python3.10/site-packages:/opt/ros/humble/local/lib/python3.10/dist-packages /usr/bin/cmake --build /home/gursel/robotics_ws/build/gazebo_ros2_control_demos -- -j8 -l8
[1.513s] [  8%] [32mBuilding CXX object CMakeFiles/example_position.dir/examples/example_position.cpp.o[0m
[1.514s] [ 16%] [32mBuilding CXX object CMakeFiles/example_tricycle_drive.dir/examples/example_tricycle_drive.cpp.o[0m
[1.515s] [ 25%] [32mBuilding CXX object CMakeFiles/example_effort.dir/examples/example_effort.cpp.o[0m
[1.516s] [ 33%] [32mBuilding CXX object CMakeFiles/example_gripper.dir/examples/example_gripper.cpp.o[0m
[1.516s] [ 41%] [32mBuilding CXX object CMakeFiles/example_velocity.dir/examples/example_velocity.cpp.o[0m
[1.516s] [ 50%] [32mBuilding CXX object CMakeFiles/example_diff_drive.dir/examples/example_diff_drive.cpp.o[0m
[5.056s] [ 58%] [32m[1mLinking CXX executable example_tricycle_drive[0m
[5.211s] [ 58%] Built target example_tricycle_drive
[5.324s] [ 66%] [32m[1mLinking CXX executable example_diff_drive[0m
[5.564s] [ 66%] Built target example_diff_drive
[6.124s] [ 75%] [32m[1mLinking CXX executable example_effort[0m
[6.270s] [ 75%] Built target example_effort
[6.399s] [ 83%] [32m[1mLinking CXX executable example_gripper[0m
[6.521s] [ 91%] [32m[1mLinking CXX executable example_velocity[0m
[6.543s] [ 91%] Built target example_gripper
[6.658s] [ 91%] Built target example_velocity
[6.756s] [100%] [32m[1mLinking CXX executable example_position[0m
[6.906s] [100%] Built target example_position
[6.914s] Invoked command in '/home/gursel/robotics_ws/build/gazebo_ros2_control_demos' returned '0': AMENT_PREFIX_PATH=/home/gursel/robotics_ws/install/ros2controlcli:/home/gursel/robotics_ws/install/gazebo_ros2_control:/home/gursel/robotics_ws/install/ros2_control:/home/gursel/robotics_ws/install/transmission_interface:/home/gursel/robotics_ws/install/rqt_controller_manager:/home/gursel/robotics_ws/install/controller_manager:/home/gursel/robotics_ws/install/ros2_control_test_assets:/home/gursel/robotics_ws/install/robotic_arm:/home/gursel/robotics_ws/install/joint_limits:/home/gursel/robotics_ws/install/controller_interface:/home/gursel/robotics_ws/install/hardware_interface:/home/gursel/robotics_ws/install/controller_manager_msgs:/opt/ros/humble CMAKE_PREFIX_PATH=/home/gursel/robotics_ws/install/ros2_control:/home/gursel/robotics_ws/install/gazebo_ros2_control:/home/gursel/robotics_ws/install/controller_manager:/home/gursel/robotics_ws/install/transmission_interface:/home/gursel/robotics_ws/install/controller_interface:/home/gursel/robotics_ws/install/hardware_interface:/home/gursel/robotics_ws/install/ros2_control_test_assets:/home/gursel/robotics_ws/install/joint_limits:/home/gursel/robotics_ws/install/controller_manager_msgs:/home/gursel/robotics_ws/install/rqt_controller_manager:/home/gursel/robotics_ws/install/ros2controlcli:/home/gursel/robotics_ws/install/robotic_arm:/opt/ros/humble LD_LIBRARY_PATH=/home/gursel/robotics_ws/install/gazebo_ros2_control/lib:/home/gursel/robotics_ws/install/controller_manager/lib:/home/gursel/robotics_ws/install/transmission_interface/lib:/home/gursel/robotics_ws/install/controller_interface/lib:/home/gursel/robotics_ws/install/hardware_interface/lib:/home/gursel/robotics_ws/install/controller_manager_msgs/lib:/usr/local/cuda/lib64:/opt/ros/humble/opt/rviz_ogre_vendor/lib:/opt/ros/humble/lib/x86_64-linux-gnu:/opt/ros/humble/lib PYTHONPATH=/home/gursel/robotics_ws/install/ros2controlcli/lib/python3.10/site-packages:/home/gursel/robotics_ws/install/rqt_controller_manager/lib/python3.10/site-packages:/home/gursel/robotics_ws/install/controller_manager/local/lib/python3.10/dist-packages:/home/gursel/robotics_ws/install/robotic_arm/lib/python3.10/site-packages:/home/gursel/robotics_ws/install/controller_manager_msgs/local/lib/python3.10/dist-packages:/opt/ros/humble/lib/python3.10/site-packages:/opt/ros/humble/local/lib/python3.10/dist-packages /usr/bin/cmake --build /home/gursel/robotics_ws/build/gazebo_ros2_control_demos -- -j8 -l8
[6.938s] Invoking command in '/home/gursel/robotics_ws/build/gazebo_ros2_control_demos': AMENT_PREFIX_PATH=/home/gursel/robotics_ws/install/ros2controlcli:/home/gursel/robotics_ws/install/gazebo_ros2_control:/home/gursel/robotics_ws/install/ros2_control:/home/gursel/robotics_ws/install/transmission_interface:/home/gursel/robotics_ws/install/rqt_controller_manager:/home/gursel/robotics_ws/install/controller_manager:/home/gursel/robotics_ws/install/ros2_control_test_assets:/home/gursel/robotics_ws/install/robotic_arm:/home/gursel/robotics_ws/install/joint_limits:/home/gursel/robotics_ws/install/controller_interface:/home/gursel/robotics_ws/install/hardware_interface:/home/gursel/robotics_ws/install/controller_manager_msgs:/opt/ros/humble CMAKE_PREFIX_PATH=/home/gursel/robotics_ws/install/ros2_control:/home/gursel/robotics_ws/install/gazebo_ros2_control:/home/gursel/robotics_ws/install/controller_manager:/home/gursel/robotics_ws/install/transmission_interface:/home/gursel/robotics_ws/install/controller_interface:/home/gursel/robotics_ws/install/hardware_interface:/home/gursel/robotics_ws/install/ros2_control_test_assets:/home/gursel/robotics_ws/install/joint_limits:/home/gursel/robotics_ws/install/controller_manager_msgs:/home/gursel/robotics_ws/install/rqt_controller_manager:/home/gursel/robotics_ws/install/ros2controlcli:/home/gursel/robotics_ws/install/robotic_arm:/opt/ros/humble LD_LIBRARY_PATH=/home/gursel/robotics_ws/install/gazebo_ros2_control/lib:/home/gursel/robotics_ws/install/controller_manager/lib:/home/gursel/robotics_ws/install/transmission_interface/lib:/home/gursel/robotics_ws/install/controller_interface/lib:/home/gursel/robotics_ws/install/hardware_interface/lib:/home/gursel/robotics_ws/install/controller_manager_msgs/lib:/usr/local/cuda/lib64:/opt/ros/humble/opt/rviz_ogre_vendor/lib:/opt/ros/humble/lib/x86_64-linux-gnu:/opt/ros/humble/lib PYTHONPATH=/home/gursel/robotics_ws/install/ros2controlcli/lib/python3.10/site-packages:/home/gursel/robotics_ws/install/rqt_controller_manager/lib/python3.10/site-packages:/home/gursel/robotics_ws/install/controller_manager/local/lib/python3.10/dist-packages:/home/gursel/robotics_ws/install/robotic_arm/lib/python3.10/site-packages:/home/gursel/robotics_ws/install/controller_manager_msgs/local/lib/python3.10/dist-packages:/opt/ros/humble/lib/python3.10/site-packages:/opt/ros/humble/local/lib/python3.10/dist-packages /usr/bin/cmake --install /home/gursel/robotics_ws/build/gazebo_ros2_control_demos
[6.944s] -- Install configuration: ""
[6.944s] -- Installing: /home/gursel/robotics_ws/install/gazebo_ros2_control_demos/share/gazebo_ros2_control_demos//launch
[6.944s] -- Installing: /home/gursel/robotics_ws/install/gazebo_ros2_control_demos/share/gazebo_ros2_control_demos//launch/diff_drive.launch.py
[6.944s] -- Installing: /home/gursel/robotics_ws/install/gazebo_ros2_control_demos/share/gazebo_ros2_control_demos//launch/cart_example_effort.launch.py
[6.944s] -- Installing: /home/gursel/robotics_ws/install/gazebo_ros2_control_demos/share/gazebo_ros2_control_demos//launch/tricycle_drive.launch.py
[6.944s] -- Installing: /home/gursel/robotics_ws/install/gazebo_ros2_control_demos/share/gazebo_ros2_control_demos//launch/cart_example_velocity.launch.py
[6.944s] -- Installing: /home/gursel/robotics_ws/install/gazebo_ros2_control_demos/share/gazebo_ros2_control_demos//launch/cart_example_position.launch.py
[6.944s] -- Installing: /home/gursel/robotics_ws/install/gazebo_ros2_control_demos/share/gazebo_ros2_control_demos//launch/gripper_mimic_joint_example.launch.py
[6.944s] -- Installing: /home/gursel/robotics_ws/install/gazebo_ros2_control_demos/share/gazebo_ros2_control_demos//config
[6.944s] -- Installing: /home/gursel/robotics_ws/install/gazebo_ros2_control_demos/share/gazebo_ros2_control_demos//config/cartpole_controller.yaml
[6.944s] -- Installing: /home/gursel/robotics_ws/install/gazebo_ros2_control_demos/share/gazebo_ros2_control_demos//config/cartpole_controller_effort.yaml
[6.944s] -- Installing: /home/gursel/robotics_ws/install/gazebo_ros2_control_demos/share/gazebo_ros2_control_demos//config/config.rviz
[6.944s] -- Installing: /home/gursel/robotics_ws/install/gazebo_ros2_control_demos/share/gazebo_ros2_control_demos//config/cartpole_controller_velocity.yaml
[6.945s] -- Installing: /home/gursel/robotics_ws/install/gazebo_ros2_control_demos/share/gazebo_ros2_control_demos//config/tricycle_drive_controller.yaml
[6.945s] -- Installing: /home/gursel/robotics_ws/install/gazebo_ros2_control_demos/share/gazebo_ros2_control_demos//config/gripper_controller.yaml
[6.945s] -- Installing: /home/gursel/robotics_ws/install/gazebo_ros2_control_demos/share/gazebo_ros2_control_demos//config/diff_drive_controller.yaml
[6.945s] -- Installing: /home/gursel/robotics_ws/install/gazebo_ros2_control_demos/share/gazebo_ros2_control_demos//urdf
[6.945s] -- Installing: /home/gursel/robotics_ws/install/gazebo_ros2_control_demos/share/gazebo_ros2_control_demos//urdf/test_cart_position.xacro.urdf
[6.945s] -- Installing: /home/gursel/robotics_ws/install/gazebo_ros2_control_demos/share/gazebo_ros2_control_demos//urdf/test_cart_effort.xacro.urdf
[6.945s] -- Installing: /home/gursel/robotics_ws/install/gazebo_ros2_control_demos/share/gazebo_ros2_control_demos//urdf/test_tricycle_drive.xacro.urdf
[6.945s] -- Installing: /home/gursel/robotics_ws/install/gazebo_ros2_control_demos/share/gazebo_ros2_control_demos//urdf/test_gripper_mimic_joint.xacro.urdf
[6.945s] -- Installing: /home/gursel/robotics_ws/install/gazebo_ros2_control_demos/share/gazebo_ros2_control_demos//urdf/test_diff_drive.xacro.urdf
[6.945s] -- Installing: /home/gursel/robotics_ws/install/gazebo_ros2_control_demos/share/gazebo_ros2_control_demos//urdf/test_cart_velocity.xacro.urdf
[6.945s] -- Installing: /home/gursel/robotics_ws/install/gazebo_ros2_control_demos/lib/gazebo_ros2_control_demos/example_position
[6.946s] -- Set runtime path of "/home/gursel/robotics_ws/install/gazebo_ros2_control_demos/lib/gazebo_ros2_control_demos/example_position" to ""
[6.946s] -- Installing: /home/gursel/robotics_ws/install/gazebo_ros2_control_demos/lib/gazebo_ros2_control_demos/example_velocity
[6.947s] -- Set runtime path of "/home/gursel/robotics_ws/install/gazebo_ros2_control_demos/lib/gazebo_ros2_control_demos/example_velocity" to ""
[6.947s] -- Installing: /home/gursel/robotics_ws/install/gazebo_ros2_control_demos/lib/gazebo_ros2_control_demos/example_effort
[6.947s] -- Set runtime path of "/home/gursel/robotics_ws/install/gazebo_ros2_control_demos/lib/gazebo_ros2_control_demos/example_effort" to ""
[6.947s] -- Installing: /home/gursel/robotics_ws/install/gazebo_ros2_control_demos/lib/gazebo_ros2_control_demos/example_diff_drive
[6.948s] -- Set runtime path of "/home/gursel/robotics_ws/install/gazebo_ros2_control_demos/lib/gazebo_ros2_control_demos/example_diff_drive" to ""
[6.948s] -- Installing: /home/gursel/robotics_ws/install/gazebo_ros2_control_demos/lib/gazebo_ros2_control_demos/example_tricycle_drive
[6.949s] -- Set runtime path of "/home/gursel/robotics_ws/install/gazebo_ros2_control_demos/lib/gazebo_ros2_control_demos/example_tricycle_drive" to ""
[6.949s] -- Installing: /home/gursel/robotics_ws/install/gazebo_ros2_control_demos/lib/gazebo_ros2_control_demos/example_gripper
[6.949s] -- Set runtime path of "/home/gursel/robotics_ws/install/gazebo_ros2_control_demos/lib/gazebo_ros2_control_demos/example_gripper" to ""
[6.949s] -- Installing: /home/gursel/robotics_ws/install/gazebo_ros2_control_demos/share/ament_index/resource_index/package_run_dependencies/gazebo_ros2_control_demos
[6.950s] -- Installing: /home/gursel/robotics_ws/install/gazebo_ros2_control_demos/share/ament_index/resource_index/parent_prefix_path/gazebo_ros2_control_demos
[6.950s] -- Installing: /home/gursel/robotics_ws/install/gazebo_ros2_control_demos/share/gazebo_ros2_control_demos/environment/ament_prefix_path.sh
[6.950s] -- Installing: /home/gursel/robotics_ws/install/gazebo_ros2_control_demos/share/gazebo_ros2_control_demos/environment/ament_prefix_path.dsv
[6.950s] -- Installing: /home/gursel/robotics_ws/install/gazebo_ros2_control_demos/share/gazebo_ros2_control_demos/environment/path.sh
[6.950s] -- Installing: /home/gursel/robotics_ws/install/gazebo_ros2_control_demos/share/gazebo_ros2_control_demos/environment/path.dsv
[6.950s] -- Installing: /home/gursel/robotics_ws/install/gazebo_ros2_control_demos/share/gazebo_ros2_control_demos/local_setup.bash
[6.950s] -- Installing: /home/gursel/robotics_ws/install/gazebo_ros2_control_demos/share/gazebo_ros2_control_demos/local_setup.sh
[6.950s] -- Installing: /home/gursel/robotics_ws/install/gazebo_ros2_control_demos/share/gazebo_ros2_control_demos/local_setup.zsh
[6.950s] -- Installing: /home/gursel/robotics_ws/install/gazebo_ros2_control_demos/share/gazebo_ros2_control_demos/local_setup.dsv
[6.950s] -- Installing: /home/gursel/robotics_ws/install/gazebo_ros2_control_demos/share/gazebo_ros2_control_demos/package.dsv
[6.950s] -- Installing: /home/gursel/robotics_ws/install/gazebo_ros2_control_demos/share/ament_index/resource_index/packages/gazebo_ros2_control_demos
[6.951s] -- Installing: /home/gursel/robotics_ws/install/gazebo_ros2_control_demos/share/gazebo_ros2_control_demos/cmake/gazebo_ros2_control_demosConfig.cmake
[6.951s] -- Installing: /home/gursel/robotics_ws/install/gazebo_ros2_control_demos/share/gazebo_ros2_control_demos/cmake/gazebo_ros2_control_demosConfig-version.cmake
[6.951s] -- Installing: /home/gursel/robotics_ws/install/gazebo_ros2_control_demos/share/gazebo_ros2_control_demos/package.xml
[6.953s] Invoked command in '/home/gursel/robotics_ws/build/gazebo_ros2_control_demos' returned '0': AMENT_PREFIX_PATH=/home/gursel/robotics_ws/install/ros2controlcli:/home/gursel/robotics_ws/install/gazebo_ros2_control:/home/gursel/robotics_ws/install/ros2_control:/home/gursel/robotics_ws/install/transmission_interface:/home/gursel/robotics_ws/install/rqt_controller_manager:/home/gursel/robotics_ws/install/controller_manager:/home/gursel/robotics_ws/install/ros2_control_test_assets:/home/gursel/robotics_ws/install/robotic_arm:/home/gursel/robotics_ws/install/joint_limits:/home/gursel/robotics_ws/install/controller_interface:/home/gursel/robotics_ws/install/hardware_interface:/home/gursel/robotics_ws/install/controller_manager_msgs:/opt/ros/humble CMAKE_PREFIX_PATH=/home/gursel/robotics_ws/install/ros2_control:/home/gursel/robotics_ws/install/gazebo_ros2_control:/home/gursel/robotics_ws/install/controller_manager:/home/gursel/robotics_ws/install/transmission_interface:/home/gursel/robotics_ws/install/controller_interface:/home/gursel/robotics_ws/install/hardware_interface:/home/gursel/robotics_ws/install/ros2_control_test_assets:/home/gursel/robotics_ws/install/joint_limits:/home/gursel/robotics_ws/install/controller_manager_msgs:/home/gursel/robotics_ws/install/rqt_controller_manager:/home/gursel/robotics_ws/install/ros2controlcli:/home/gursel/robotics_ws/install/robotic_arm:/opt/ros/humble LD_LIBRARY_PATH=/home/gursel/robotics_ws/install/gazebo_ros2_control/lib:/home/gursel/robotics_ws/install/controller_manager/lib:/home/gursel/robotics_ws/install/transmission_interface/lib:/home/gursel/robotics_ws/install/controller_interface/lib:/home/gursel/robotics_ws/install/hardware_interface/lib:/home/gursel/robotics_ws/install/controller_manager_msgs/lib:/usr/local/cuda/lib64:/opt/ros/humble/opt/rviz_ogre_vendor/lib:/opt/ros/humble/lib/x86_64-linux-gnu:/opt/ros/humble/lib PYTHONPATH=/home/gursel/robotics_ws/install/ros2controlcli/lib/python3.10/site-packages:/home/gursel/robotics_ws/install/rqt_controller_manager/lib/python3.10/site-packages:/home/gursel/robotics_ws/install/controller_manager/local/lib/python3.10/dist-packages:/home/gursel/robotics_ws/install/robotic_arm/lib/python3.10/site-packages:/home/gursel/robotics_ws/install/controller_manager_msgs/local/lib/python3.10/dist-packages:/opt/ros/humble/lib/python3.10/site-packages:/opt/ros/humble/local/lib/python3.10/dist-packages /usr/bin/cmake --install /home/gursel/robotics_ws/build/gazebo_ros2_control_demos
