[0.020s] Invoking command in '/home/gursel/robotics_ws/build/transmission_interface': AMENT_PREFIX_PATH=/home/gursel/robotics_ws/install/hardware_interface:${AMENT_PREFIX_PATH} CMAKE_PREFIX_PATH=/home/gursel/robotics_ws/install/hardware_interface:/opt/ros/humble LD_LIBRARY_PATH=/home/gursel/robotics_ws/install/hardware_interface/lib:${LD_LIBRARY_PATH} /usr/bin/cmake --build /home/gursel/robotics_ws/build/transmission_interface -- -j8 -l8
[0.060s] [ 19%] Built target gmock_main
[0.060s] [ 23%] Built target gmock
[0.065s] [ 42%] Built target transmission_interface
[0.090s] [ 52%] Built target test_simple_transmission
[0.100s] [ 71%] Built target test_simple_transmission_loader
[0.100s] [ 71%] Built target test_four_bar_linkage_transmission_loader
[0.103s] [ 80%] Built target test_differential_transmission
[0.104s] [ 90%] Built target test_four_bar_linkage_transmission
[0.106s] [100%] Built target test_differential_transmission_loader
[0.116s] Invoked command in '/home/gursel/robotics_ws/build/transmission_interface' returned '0': AMENT_PREFIX_PATH=/home/gursel/robotics_ws/install/hardware_interface:${AMENT_PREFIX_PATH} CMAKE_PREFIX_PATH=/home/gursel/robotics_ws/install/hardware_interface:/opt/ros/humble LD_LIBRARY_PATH=/home/gursel/robotics_ws/install/hardware_interface/lib:${LD_LIBRARY_PATH} /usr/bin/cmake --build /home/gursel/robotics_ws/build/transmission_interface -- -j8 -l8
[0.146s] Invoking command in '/home/gursel/robotics_ws/build/transmission_interface': AMENT_PREFIX_PATH=/home/gursel/robotics_ws/install/hardware_interface:${AMENT_PREFIX_PATH} CMAKE_PREFIX_PATH=/home/gursel/robotics_ws/install/hardware_interface:/opt/ros/humble LD_LIBRARY_PATH=/home/gursel/robotics_ws/install/hardware_interface/lib:${LD_LIBRARY_PATH} /usr/bin/cmake --install /home/gursel/robotics_ws/build/transmission_interface
[0.153s] -- Install configuration: ""
[0.154s] -- Up-to-date: /home/gursel/robotics_ws/install/transmission_interface/include
[0.154s] -- Up-to-date: /home/gursel/robotics_ws/install/transmission_interface/include/transmission_interface
[0.154s] -- Up-to-date: /home/gursel/robotics_ws/install/transmission_interface/include/transmission_interface/simple_transmission_loader.hpp
[0.154s] -- Up-to-date: /home/gursel/robotics_ws/install/transmission_interface/include/transmission_interface/differential_transmission.hpp
[0.154s] -- Up-to-date: /home/gursel/robotics_ws/install/transmission_interface/include/transmission_interface/simple_transmission.hpp
[0.154s] -- Up-to-date: /home/gursel/robotics_ws/install/transmission_interface/include/transmission_interface/four_bar_linkage_transmission_loader.hpp
[0.154s] -- Up-to-date: /home/gursel/robotics_ws/install/transmission_interface/include/transmission_interface/transmission_loader.hpp
[0.154s] -- Up-to-date: /home/gursel/robotics_ws/install/transmission_interface/include/transmission_interface/visibility_control.h
[0.155s] -- Up-to-date: /home/gursel/robotics_ws/install/transmission_interface/include/transmission_interface/differential_transmission_loader.hpp
[0.155s] -- Up-to-date: /home/gursel/robotics_ws/install/transmission_interface/include/transmission_interface/accessor.hpp
[0.155s] -- Up-to-date: /home/gursel/robotics_ws/install/transmission_interface/include/transmission_interface/transmission.hpp
[0.155s] -- Up-to-date: /home/gursel/robotics_ws/install/transmission_interface/include/transmission_interface/exception.hpp
[0.155s] -- Up-to-date: /home/gursel/robotics_ws/install/transmission_interface/include/transmission_interface/four_bar_linkage_transmission.hpp
[0.155s] -- Up-to-date: /home/gursel/robotics_ws/install/transmission_interface/include/transmission_interface/handle.hpp
[0.155s] -- Up-to-date: /home/gursel/robotics_ws/install/transmission_interface/include/transmission_interface/transmission_interface_exception.hpp
[0.155s] -- Up-to-date: /home/gursel/robotics_ws/install/transmission_interface/share/transmission_interface/ros2_control_plugins.xml
[0.155s] -- Up-to-date: /home/gursel/robotics_ws/install/transmission_interface/lib/libtransmission_interface.so
[0.155s] -- Up-to-date: /home/gursel/robotics_ws/install/transmission_interface/share/transmission_interface/environment/library_path.sh
[0.156s] -- Up-to-date: /home/gursel/robotics_ws/install/transmission_interface/share/transmission_interface/environment/library_path.dsv
[0.156s] -- Up-to-date: /home/gursel/robotics_ws/install/transmission_interface/share/ament_index/resource_index/package_run_dependencies/transmission_interface
[0.156s] -- Up-to-date: /home/gursel/robotics_ws/install/transmission_interface/share/ament_index/resource_index/parent_prefix_path/transmission_interface
[0.156s] -- Up-to-date: /home/gursel/robotics_ws/install/transmission_interface/share/transmission_interface/environment/ament_prefix_path.sh
[0.156s] -- Up-to-date: /home/gursel/robotics_ws/install/transmission_interface/share/transmission_interface/environment/ament_prefix_path.dsv
[0.156s] -- Up-to-date: /home/gursel/robotics_ws/install/transmission_interface/share/transmission_interface/environment/path.sh
[0.156s] -- Up-to-date: /home/gursel/robotics_ws/install/transmission_interface/share/transmission_interface/environment/path.dsv
[0.156s] -- Up-to-date: /home/gursel/robotics_ws/install/transmission_interface/share/transmission_interface/local_setup.bash
[0.156s] -- Up-to-date: /home/gursel/robotics_ws/install/transmission_interface/share/transmission_interface/local_setup.sh
[0.156s] -- Up-to-date: /home/gursel/robotics_ws/install/transmission_interface/share/transmission_interface/local_setup.zsh
[0.156s] -- Up-to-date: /home/gursel/robotics_ws/install/transmission_interface/share/transmission_interface/local_setup.dsv
[0.156s] -- Installing: /home/gursel/robotics_ws/install/transmission_interface/share/transmission_interface/package.dsv
[0.157s] -- Up-to-date: /home/gursel/robotics_ws/install/transmission_interface/share/ament_index/resource_index/packages/transmission_interface
[0.157s] -- Up-to-date: /home/gursel/robotics_ws/install/transmission_interface/share/ament_index/resource_index/transmission_interface__pluginlib__plugin/transmission_interface
[0.157s] -- Up-to-date: /home/gursel/robotics_ws/install/transmission_interface/share/transmission_interface/cmake/ament_cmake_export_include_directories-extras.cmake
[0.157s] -- Up-to-date: /home/gursel/robotics_ws/install/transmission_interface/share/transmission_interface/cmake/ament_cmake_export_dependencies-extras.cmake
[0.157s] -- Up-to-date: /home/gursel/robotics_ws/install/transmission_interface/share/transmission_interface/cmake/ament_cmake_export_libraries-extras.cmake
[0.158s] -- Up-to-date: /home/gursel/robotics_ws/install/transmission_interface/share/transmission_interface/cmake/transmission_interfaceConfig.cmake
[0.158s] -- Up-to-date: /home/gursel/robotics_ws/install/transmission_interface/share/transmission_interface/cmake/transmission_interfaceConfig-version.cmake
[0.158s] -- Up-to-date: /home/gursel/robotics_ws/install/transmission_interface/share/transmission_interface/package.xml
[0.161s] Invoked command in '/home/gursel/robotics_ws/build/transmission_interface' returned '0': AMENT_PREFIX_PATH=/home/gursel/robotics_ws/install/hardware_interface:${AMENT_PREFIX_PATH} CMAKE_PREFIX_PATH=/home/gursel/robotics_ws/install/hardware_interface:/opt/ros/humble LD_LIBRARY_PATH=/home/gursel/robotics_ws/install/hardware_interface/lib:${LD_LIBRARY_PATH} /usr/bin/cmake --install /home/gursel/robotics_ws/build/transmission_interface
