[0.022s] Invoking command in '/home/gursel/robotics_ws/build/controller_interface': AMENT_PREFIX_PATH=/home/gursel/robotics_ws/install/hardware_interface:${AMENT_PREFIX_PATH} CMAKE_PREFIX_PATH=/home/gursel/robotics_ws/install/hardware_interface:/opt/ros/humble LD_LIBRARY_PATH=/home/gursel/robotics_ws/install/hardware_interface/lib:${LD_LIBRARY_PATH} /usr/bin/cmake --build /home/gursel/robotics_ws/build/controller_interface -- -j8 -l8
[0.064s] [  9%] Built target gmock_main
[0.064s] [ 23%] Built target gmock
[0.072s] [ 42%] Built target controller_interface
[0.094s] [ 52%] Built target test_force_torque_sensor
[0.105s] [ 61%] Built target test_imu_sensor
[0.112s] [ 71%] Built target test_controller_interface
[0.114s] [ 80%] Built target test_semantic_component_interface
[0.116s] [ 90%] Built target test_controller_with_options
[0.118s] [100%] Built target test_chainable_controller_interface
[0.126s] Invoked command in '/home/gursel/robotics_ws/build/controller_interface' returned '0': AMENT_PREFIX_PATH=/home/gursel/robotics_ws/install/hardware_interface:${AMENT_PREFIX_PATH} CMAKE_PREFIX_PATH=/home/gursel/robotics_ws/install/hardware_interface:/opt/ros/humble LD_LIBRARY_PATH=/home/gursel/robotics_ws/install/hardware_interface/lib:${LD_LIBRARY_PATH} /usr/bin/cmake --build /home/gursel/robotics_ws/build/controller_interface -- -j8 -l8
[0.157s] Invoking command in '/home/gursel/robotics_ws/build/controller_interface': AMENT_PREFIX_PATH=/home/gursel/robotics_ws/install/hardware_interface:${AMENT_PREFIX_PATH} CMAKE_PREFIX_PATH=/home/gursel/robotics_ws/install/hardware_interface:/opt/ros/humble LD_LIBRARY_PATH=/home/gursel/robotics_ws/install/hardware_interface/lib:${LD_LIBRARY_PATH} /usr/bin/cmake --install /home/gursel/robotics_ws/build/controller_interface
[0.166s] -- Install configuration: ""
[0.166s] -- Up-to-date: /home/gursel/robotics_ws/install/controller_interface/include
[0.166s] -- Up-to-date: /home/gursel/robotics_ws/install/controller_interface/include/semantic_components
[0.166s] -- Up-to-date: /home/gursel/robotics_ws/install/controller_interface/include/semantic_components/imu_sensor.hpp
[0.166s] -- Up-to-date: /home/gursel/robotics_ws/install/controller_interface/include/semantic_components/semantic_component_interface.hpp
[0.166s] -- Up-to-date: /home/gursel/robotics_ws/install/controller_interface/include/semantic_components/force_torque_sensor.hpp
[0.166s] -- Up-to-date: /home/gursel/robotics_ws/install/controller_interface/include/controller_interface
[0.166s] -- Up-to-date: /home/gursel/robotics_ws/install/controller_interface/include/controller_interface/controller_interface.hpp
[0.166s] -- Up-to-date: /home/gursel/robotics_ws/install/controller_interface/include/controller_interface/chainable_controller_interface.hpp
[0.166s] -- Up-to-date: /home/gursel/robotics_ws/install/controller_interface/include/controller_interface/visibility_control.h
[0.167s] -- Up-to-date: /home/gursel/robotics_ws/install/controller_interface/include/controller_interface/helpers.hpp
[0.167s] -- Up-to-date: /home/gursel/robotics_ws/install/controller_interface/include/controller_interface/controller_interface_base.hpp
[0.167s] -- Up-to-date: /home/gursel/robotics_ws/install/controller_interface/lib/libcontroller_interface.so
[0.167s] -- Up-to-date: /home/gursel/robotics_ws/install/controller_interface/share/controller_interface/environment/library_path.sh
[0.167s] -- Up-to-date: /home/gursel/robotics_ws/install/controller_interface/share/controller_interface/environment/library_path.dsv
[0.167s] -- Up-to-date: /home/gursel/robotics_ws/install/controller_interface/share/ament_index/resource_index/package_run_dependencies/controller_interface
[0.167s] -- Up-to-date: /home/gursel/robotics_ws/install/controller_interface/share/ament_index/resource_index/parent_prefix_path/controller_interface
[0.167s] -- Up-to-date: /home/gursel/robotics_ws/install/controller_interface/share/controller_interface/environment/ament_prefix_path.sh
[0.167s] -- Up-to-date: /home/gursel/robotics_ws/install/controller_interface/share/controller_interface/environment/ament_prefix_path.dsv
[0.167s] -- Up-to-date: /home/gursel/robotics_ws/install/controller_interface/share/controller_interface/environment/path.sh
[0.167s] -- Up-to-date: /home/gursel/robotics_ws/install/controller_interface/share/controller_interface/environment/path.dsv
[0.167s] -- Up-to-date: /home/gursel/robotics_ws/install/controller_interface/share/controller_interface/local_setup.bash
[0.167s] -- Up-to-date: /home/gursel/robotics_ws/install/controller_interface/share/controller_interface/local_setup.sh
[0.167s] -- Up-to-date: /home/gursel/robotics_ws/install/controller_interface/share/controller_interface/local_setup.zsh
[0.167s] -- Up-to-date: /home/gursel/robotics_ws/install/controller_interface/share/controller_interface/local_setup.dsv
[0.167s] -- Installing: /home/gursel/robotics_ws/install/controller_interface/share/controller_interface/package.dsv
[0.167s] -- Up-to-date: /home/gursel/robotics_ws/install/controller_interface/share/ament_index/resource_index/packages/controller_interface
[0.167s] -- Up-to-date: /home/gursel/robotics_ws/install/controller_interface/share/controller_interface/cmake/ament_cmake_export_dependencies-extras.cmake
[0.167s] -- Up-to-date: /home/gursel/robotics_ws/install/controller_interface/share/controller_interface/cmake/ament_cmake_export_include_directories-extras.cmake
[0.168s] -- Up-to-date: /home/gursel/robotics_ws/install/controller_interface/share/controller_interface/cmake/ament_cmake_export_libraries-extras.cmake
[0.168s] -- Up-to-date: /home/gursel/robotics_ws/install/controller_interface/share/controller_interface/cmake/controller_interfaceConfig.cmake
[0.168s] -- Up-to-date: /home/gursel/robotics_ws/install/controller_interface/share/controller_interface/cmake/controller_interfaceConfig-version.cmake
[0.168s] -- Up-to-date: /home/gursel/robotics_ws/install/controller_interface/share/controller_interface/package.xml
[0.178s] Invoked command in '/home/gursel/robotics_ws/build/controller_interface' returned '0': AMENT_PREFIX_PATH=/home/gursel/robotics_ws/install/hardware_interface:${AMENT_PREFIX_PATH} CMAKE_PREFIX_PATH=/home/gursel/robotics_ws/install/hardware_interface:/opt/ros/humble LD_LIBRARY_PATH=/home/gursel/robotics_ws/install/hardware_interface/lib:${LD_LIBRARY_PATH} /usr/bin/cmake --install /home/gursel/robotics_ws/build/controller_interface
