[0.031s] Invoking command in '/home/gursel/robotics_ws/build/controller_manager_msgs': CMAKE_PREFIX_PATH=${CMAKE_PREFIX_PATH}:/home/gursel/robotics_ws/install/rqt_controller_manager:/home/gursel/robotics_ws/install/ros2controlcli:/home/gursel/robotics_ws/install/robotic_arm:/opt/ros/humble /usr/bin/cmake --build /home/gursel/robotics_ws/build/controller_manager_msgs -- -j8 -l8
[0.094s] [  0%] Built target controller_manager_msgs__cpp
[0.101s] [ 12%] Built target controller_manager_msgs__rosidl_generator_c
[0.112s] [ 12%] Built target ament_cmake_python_copy_controller_manager_msgs
[0.129s] [ 24%] Built target controller_manager_msgs__rosidl_typesupport_cpp
[0.130s] [ 50%] Built target controller_manager_msgs__rosidl_typesupport_introspection_cpp
[0.131s] [ 52%] Built target controller_manager_msgs__rosidl_typesupport_c
[0.131s] [ 60%] Built target controller_manager_msgs__rosidl_typesupport_introspection_c
[0.136s] [ 84%] Built target controller_manager_msgs__rosidl_typesupport_fastrtps_c
[0.137s] [ 84%] Built target controller_manager_msgs__rosidl_typesupport_fastrtps_cpp
[0.151s] [ 84%] Built target controller_manager_msgs
[0.166s] [ 85%] Built target controller_manager_msgs__py
[0.188s] [ 96%] Built target controller_manager_msgs__rosidl_generator_py
[0.204s] [ 97%] Built target controller_manager_msgs__rosidl_typesupport_fastrtps_c__pyext
[0.207s] [ 99%] Built target controller_manager_msgs__rosidl_typesupport_introspection_c__pyext
[0.209s] [100%] Built target controller_manager_msgs__rosidl_typesupport_c__pyext
[0.394s] running egg_info
[0.394s] writing controller_manager_msgs.egg-info/PKG-INFO
[0.394s] writing dependency_links to controller_manager_msgs.egg-info/dependency_links.txt
[0.394s] writing top-level names to controller_manager_msgs.egg-info/top_level.txt
[0.397s] reading manifest file 'controller_manager_msgs.egg-info/SOURCES.txt'
[0.397s] writing manifest file 'controller_manager_msgs.egg-info/SOURCES.txt'
[0.427s] [100%] Built target ament_cmake_python_build_controller_manager_msgs_egg
[0.437s] Invoked command in '/home/gursel/robotics_ws/build/controller_manager_msgs' returned '0': CMAKE_PREFIX_PATH=${CMAKE_PREFIX_PATH}:/home/gursel/robotics_ws/install/rqt_controller_manager:/home/gursel/robotics_ws/install/ros2controlcli:/home/gursel/robotics_ws/install/robotic_arm:/opt/ros/humble /usr/bin/cmake --build /home/gursel/robotics_ws/build/controller_manager_msgs -- -j8 -l8
[0.633s] Invoking command in '/home/gursel/robotics_ws/build/controller_manager_msgs': CMAKE_PREFIX_PATH=${CMAKE_PREFIX_PATH}:/home/gursel/robotics_ws/install/rqt_controller_manager:/home/gursel/robotics_ws/install/ros2controlcli:/home/gursel/robotics_ws/install/robotic_arm:/opt/ros/humble /usr/bin/cmake --install /home/gursel/robotics_ws/build/controller_manager_msgs
[0.639s] -- Install configuration: ""
[0.639s] -- Up-to-date: /home/gursel/robotics_ws/install/controller_manager_msgs/share/ament_index/resource_index/rosidl_interfaces/controller_manager_msgs
[0.639s] -- Up-to-date: /home/gursel/robotics_ws/install/controller_manager_msgs/include/controller_manager_msgs/controller_manager_msgs
[0.640s] -- Up-to-date: /home/gursel/robotics_ws/install/controller_manager_msgs/include/controller_manager_msgs/controller_manager_msgs/msg
[0.640s] -- Up-to-date: /home/gursel/robotics_ws/install/controller_manager_msgs/include/controller_manager_msgs/controller_manager_msgs/msg/chain_connection.h
[0.640s] -- Up-to-date: /home/gursel/robotics_ws/install/controller_manager_msgs/include/controller_manager_msgs/controller_manager_msgs/msg/hardware_component_state.h
[0.640s] -- Up-to-date: /home/gursel/robotics_ws/install/controller_manager_msgs/include/controller_manager_msgs/controller_manager_msgs/msg/detail
[0.640s] -- Up-to-date: /home/gursel/robotics_ws/install/controller_manager_msgs/include/controller_manager_msgs/controller_manager_msgs/msg/detail/chain_connection__functions.c
[0.640s] -- Up-to-date: /home/gursel/robotics_ws/install/controller_manager_msgs/include/controller_manager_msgs/controller_manager_msgs/msg/detail/controller_state__functions.h
[0.640s] -- Up-to-date: /home/gursel/robotics_ws/install/controller_manager_msgs/include/controller_manager_msgs/controller_manager_msgs/msg/detail/controller_state__type_support.h
[0.641s] -- Up-to-date: /home/gursel/robotics_ws/install/controller_manager_msgs/include/controller_manager_msgs/controller_manager_msgs/msg/detail/hardware_component_state__struct.h
[0.641s] -- Up-to-date: /home/gursel/robotics_ws/install/controller_manager_msgs/include/controller_manager_msgs/controller_manager_msgs/msg/detail/chain_connection__type_support.h
[0.641s] -- Up-to-date: /home/gursel/robotics_ws/install/controller_manager_msgs/include/controller_manager_msgs/controller_manager_msgs/msg/detail/controller_state__struct.h
[0.641s] -- Up-to-date: /home/gursel/robotics_ws/install/controller_manager_msgs/include/controller_manager_msgs/controller_manager_msgs/msg/detail/hardware_interface__struct.h
[0.641s] -- Up-to-date: /home/gursel/robotics_ws/install/controller_manager_msgs/include/controller_manager_msgs/controller_manager_msgs/msg/detail/chain_connection__struct.h
[0.641s] -- Up-to-date: /home/gursel/robotics_ws/install/controller_manager_msgs/include/controller_manager_msgs/controller_manager_msgs/msg/detail/hardware_interface__functions.c
[0.641s] -- Up-to-date: /home/gursel/robotics_ws/install/controller_manager_msgs/include/controller_manager_msgs/controller_manager_msgs/msg/detail/hardware_interface__type_support.h
[0.641s] -- Up-to-date: /home/gursel/robotics_ws/install/controller_manager_msgs/include/controller_manager_msgs/controller_manager_msgs/msg/detail/hardware_interface__functions.h
[0.642s] -- Up-to-date: /home/gursel/robotics_ws/install/controller_manager_msgs/include/controller_manager_msgs/controller_manager_msgs/msg/detail/hardware_component_state__type_support.h
[0.642s] -- Up-to-date: /home/gursel/robotics_ws/install/controller_manager_msgs/include/controller_manager_msgs/controller_manager_msgs/msg/detail/hardware_component_state__functions.c
[0.642s] -- Up-to-date: /home/gursel/robotics_ws/install/controller_manager_msgs/include/controller_manager_msgs/controller_manager_msgs/msg/detail/controller_state__functions.c
[0.642s] -- Up-to-date: /home/gursel/robotics_ws/install/controller_manager_msgs/include/controller_manager_msgs/controller_manager_msgs/msg/detail/chain_connection__functions.h
[0.642s] -- Up-to-date: /home/gursel/robotics_ws/install/controller_manager_msgs/include/controller_manager_msgs/controller_manager_msgs/msg/detail/hardware_component_state__functions.h
[0.642s] -- Up-to-date: /home/gursel/robotics_ws/install/controller_manager_msgs/include/controller_manager_msgs/controller_manager_msgs/msg/rosidl_generator_c__visibility_control.h
[0.642s] -- Up-to-date: /home/gursel/robotics_ws/install/controller_manager_msgs/include/controller_manager_msgs/controller_manager_msgs/msg/controller_state.h
[0.642s] -- Up-to-date: /home/gursel/robotics_ws/install/controller_manager_msgs/include/controller_manager_msgs/controller_manager_msgs/msg/hardware_interface.h
[0.643s] -- Up-to-date: /home/gursel/robotics_ws/install/controller_manager_msgs/include/controller_manager_msgs/controller_manager_msgs/srv
[0.643s] -- Up-to-date: /home/gursel/robotics_ws/install/controller_manager_msgs/include/controller_manager_msgs/controller_manager_msgs/srv/list_controllers.h
[0.643s] -- Up-to-date: /home/gursel/robotics_ws/install/controller_manager_msgs/include/controller_manager_msgs/controller_manager_msgs/srv/switch_controller.h
[0.643s] -- Up-to-date: /home/gursel/robotics_ws/install/controller_manager_msgs/include/controller_manager_msgs/controller_manager_msgs/srv/configure_controller.h
[0.643s] -- Up-to-date: /home/gursel/robotics_ws/install/controller_manager_msgs/include/controller_manager_msgs/controller_manager_msgs/srv/list_controller_types.h
[0.643s] -- Up-to-date: /home/gursel/robotics_ws/install/controller_manager_msgs/include/controller_manager_msgs/controller_manager_msgs/srv/unload_controller.h
[0.643s] -- Up-to-date: /home/gursel/robotics_ws/install/controller_manager_msgs/include/controller_manager_msgs/controller_manager_msgs/srv/list_hardware_interfaces.h
[0.644s] -- Up-to-date: /home/gursel/robotics_ws/install/controller_manager_msgs/include/controller_manager_msgs/controller_manager_msgs/srv/detail
[0.644s] -- Up-to-date: /home/gursel/robotics_ws/install/controller_manager_msgs/include/controller_manager_msgs/controller_manager_msgs/srv/detail/reload_controller_libraries__functions.c
[0.644s] -- Up-to-date: /home/gursel/robotics_ws/install/controller_manager_msgs/include/controller_manager_msgs/controller_manager_msgs/srv/detail/list_hardware_components__functions.c
[0.644s] -- Up-to-date: /home/gursel/robotics_ws/install/controller_manager_msgs/include/controller_manager_msgs/controller_manager_msgs/srv/detail/configure_controller__functions.c
[0.644s] -- Up-to-date: /home/gursel/robotics_ws/install/controller_manager_msgs/include/controller_manager_msgs/controller_manager_msgs/srv/detail/list_hardware_interfaces__functions.c
[0.644s] -- Up-to-date: /home/gursel/robotics_ws/install/controller_manager_msgs/include/controller_manager_msgs/controller_manager_msgs/srv/detail/list_controller_types__functions.h
[0.644s] -- Up-to-date: /home/gursel/robotics_ws/install/controller_manager_msgs/include/controller_manager_msgs/controller_manager_msgs/srv/detail/list_hardware_interfaces__struct.h
[0.645s] -- Up-to-date: /home/gursel/robotics_ws/install/controller_manager_msgs/include/controller_manager_msgs/controller_manager_msgs/srv/detail/list_hardware_components__functions.h
[0.645s] -- Up-to-date: /home/gursel/robotics_ws/install/controller_manager_msgs/include/controller_manager_msgs/controller_manager_msgs/srv/detail/load_controller__functions.c
[0.645s] -- Up-to-date: /home/gursel/robotics_ws/install/controller_manager_msgs/include/controller_manager_msgs/controller_manager_msgs/srv/detail/set_hardware_component_state__functions.h
[0.645s] -- Up-to-date: /home/gursel/robotics_ws/install/controller_manager_msgs/include/controller_manager_msgs/controller_manager_msgs/srv/detail/list_controller_types__type_support.h
[0.645s] -- Up-to-date: /home/gursel/robotics_ws/install/controller_manager_msgs/include/controller_manager_msgs/controller_manager_msgs/srv/detail/list_hardware_interfaces__type_support.h
[0.645s] -- Up-to-date: /home/gursel/robotics_ws/install/controller_manager_msgs/include/controller_manager_msgs/controller_manager_msgs/srv/detail/switch_controller__functions.c
[0.646s] -- Up-to-date: /home/gursel/robotics_ws/install/controller_manager_msgs/include/controller_manager_msgs/controller_manager_msgs/srv/detail/list_controllers__functions.c
[0.646s] -- Up-to-date: /home/gursel/robotics_ws/install/controller_manager_msgs/include/controller_manager_msgs/controller_manager_msgs/srv/detail/unload_controller__type_support.h
[0.646s] -- Up-to-date: /home/gursel/robotics_ws/install/controller_manager_msgs/include/controller_manager_msgs/controller_manager_msgs/srv/detail/configure_controller__type_support.h
[0.646s] -- Up-to-date: /home/gursel/robotics_ws/install/controller_manager_msgs/include/controller_manager_msgs/controller_manager_msgs/srv/detail/load_controller__struct.h
[0.646s] -- Up-to-date: /home/gursel/robotics_ws/install/controller_manager_msgs/include/controller_manager_msgs/controller_manager_msgs/srv/detail/list_controllers__type_support.h
[0.646s] -- Up-to-date: /home/gursel/robotics_ws/install/controller_manager_msgs/include/controller_manager_msgs/controller_manager_msgs/srv/detail/unload_controller__struct.h
[0.646s] -- Up-to-date: /home/gursel/robotics_ws/install/controller_manager_msgs/include/controller_manager_msgs/controller_manager_msgs/srv/detail/set_hardware_component_state__functions.c
[0.646s] -- Up-to-date: /home/gursel/robotics_ws/install/controller_manager_msgs/include/controller_manager_msgs/controller_manager_msgs/srv/detail/unload_controller__functions.c
[0.646s] -- Up-to-date: /home/gursel/robotics_ws/install/controller_manager_msgs/include/controller_manager_msgs/controller_manager_msgs/srv/detail/list_controllers__functions.h
[0.646s] -- Up-to-date: /home/gursel/robotics_ws/install/controller_manager_msgs/include/controller_manager_msgs/controller_manager_msgs/srv/detail/switch_controller__functions.h
[0.647s] -- Up-to-date: /home/gursel/robotics_ws/install/controller_manager_msgs/include/controller_manager_msgs/controller_manager_msgs/srv/detail/unload_controller__functions.h
[0.647s] -- Up-to-date: /home/gursel/robotics_ws/install/controller_manager_msgs/include/controller_manager_msgs/controller_manager_msgs/srv/detail/switch_controller__struct.h
[0.647s] -- Up-to-date: /home/gursel/robotics_ws/install/controller_manager_msgs/include/controller_manager_msgs/controller_manager_msgs/srv/detail/reload_controller_libraries__struct.h
[0.647s] -- Up-to-date: /home/gursel/robotics_ws/install/controller_manager_msgs/include/controller_manager_msgs/controller_manager_msgs/srv/detail/set_hardware_component_state__type_support.h
[0.647s] -- Up-to-date: /home/gursel/robotics_ws/install/controller_manager_msgs/include/controller_manager_msgs/controller_manager_msgs/srv/detail/list_hardware_components__struct.h
[0.647s] -- Up-to-date: /home/gursel/robotics_ws/install/controller_manager_msgs/include/controller_manager_msgs/controller_manager_msgs/srv/detail/reload_controller_libraries__type_support.h
[0.647s] -- Up-to-date: /home/gursel/robotics_ws/install/controller_manager_msgs/include/controller_manager_msgs/controller_manager_msgs/srv/detail/configure_controller__functions.h
[0.647s] -- Up-to-date: /home/gursel/robotics_ws/install/controller_manager_msgs/include/controller_manager_msgs/controller_manager_msgs/srv/detail/load_controller__functions.h
[0.648s] -- Up-to-date: /home/gursel/robotics_ws/install/controller_manager_msgs/include/controller_manager_msgs/controller_manager_msgs/srv/detail/configure_controller__struct.h
[0.648s] -- Up-to-date: /home/gursel/robotics_ws/install/controller_manager_msgs/include/controller_manager_msgs/controller_manager_msgs/srv/detail/set_hardware_component_state__struct.h
[0.648s] -- Up-to-date: /home/gursel/robotics_ws/install/controller_manager_msgs/include/controller_manager_msgs/controller_manager_msgs/srv/detail/list_hardware_components__type_support.h
[0.648s] -- Up-to-date: /home/gursel/robotics_ws/install/controller_manager_msgs/include/controller_manager_msgs/controller_manager_msgs/srv/detail/switch_controller__type_support.h
[0.648s] -- Up-to-date: /home/gursel/robotics_ws/install/controller_manager_msgs/include/controller_manager_msgs/controller_manager_msgs/srv/detail/list_controller_types__struct.h
[0.648s] -- Up-to-date: /home/gursel/robotics_ws/install/controller_manager_msgs/include/controller_manager_msgs/controller_manager_msgs/srv/detail/list_controller_types__functions.c
[0.648s] -- Up-to-date: /home/gursel/robotics_ws/install/controller_manager_msgs/include/controller_manager_msgs/controller_manager_msgs/srv/detail/list_hardware_interfaces__functions.h
[0.648s] -- Up-to-date: /home/gursel/robotics_ws/install/controller_manager_msgs/include/controller_manager_msgs/controller_manager_msgs/srv/detail/reload_controller_libraries__functions.h
[0.648s] -- Up-to-date: /home/gursel/robotics_ws/install/controller_manager_msgs/include/controller_manager_msgs/controller_manager_msgs/srv/detail/load_controller__type_support.h
[0.648s] -- Up-to-date: /home/gursel/robotics_ws/install/controller_manager_msgs/include/controller_manager_msgs/controller_manager_msgs/srv/detail/list_controllers__struct.h
[0.648s] -- Up-to-date: /home/gursel/robotics_ws/install/controller_manager_msgs/include/controller_manager_msgs/controller_manager_msgs/srv/list_hardware_components.h
[0.648s] -- Up-to-date: /home/gursel/robotics_ws/install/controller_manager_msgs/include/controller_manager_msgs/controller_manager_msgs/srv/set_hardware_component_state.h
[0.648s] -- Up-to-date: /home/gursel/robotics_ws/install/controller_manager_msgs/include/controller_manager_msgs/controller_manager_msgs/srv/reload_controller_libraries.h
[0.648s] -- Up-to-date: /home/gursel/robotics_ws/install/controller_manager_msgs/include/controller_manager_msgs/controller_manager_msgs/srv/load_controller.h
[0.648s] -- Up-to-date: /home/gursel/robotics_ws/install/controller_manager_msgs/share/controller_manager_msgs/environment/library_path.sh
[0.648s] -- Up-to-date: /home/gursel/robotics_ws/install/controller_manager_msgs/share/controller_manager_msgs/environment/library_path.dsv
[0.649s] -- Up-to-date: /home/gursel/robotics_ws/install/controller_manager_msgs/lib/libcontroller_manager_msgs__rosidl_generator_c.so
[0.649s] -- Up-to-date: /home/gursel/robotics_ws/install/controller_manager_msgs/include/controller_manager_msgs/controller_manager_msgs
[0.649s] -- Up-to-date: /home/gursel/robotics_ws/install/controller_manager_msgs/include/controller_manager_msgs/controller_manager_msgs/msg
[0.649s] -- Up-to-date: /home/gursel/robotics_ws/install/controller_manager_msgs/include/controller_manager_msgs/controller_manager_msgs/msg/detail
[0.649s] -- Up-to-date: /home/gursel/robotics_ws/install/controller_manager_msgs/include/controller_manager_msgs/controller_manager_msgs/msg/detail/hardware_interface__rosidl_typesupport_fastrtps_c.h
[0.649s] -- Up-to-date: /home/gursel/robotics_ws/install/controller_manager_msgs/include/controller_manager_msgs/controller_manager_msgs/msg/detail/hardware_component_state__rosidl_typesupport_fastrtps_c.h
[0.649s] -- Up-to-date: /home/gursel/robotics_ws/install/controller_manager_msgs/include/controller_manager_msgs/controller_manager_msgs/msg/detail/controller_state__rosidl_typesupport_fastrtps_c.h
[0.649s] -- Up-to-date: /home/gursel/robotics_ws/install/controller_manager_msgs/include/controller_manager_msgs/controller_manager_msgs/msg/detail/chain_connection__rosidl_typesupport_fastrtps_c.h
[0.649s] -- Up-to-date: /home/gursel/robotics_ws/install/controller_manager_msgs/include/controller_manager_msgs/controller_manager_msgs/msg/rosidl_typesupport_fastrtps_c__visibility_control.h
[0.649s] -- Up-to-date: /home/gursel/robotics_ws/install/controller_manager_msgs/include/controller_manager_msgs/controller_manager_msgs/srv
[0.649s] -- Up-to-date: /home/gursel/robotics_ws/install/controller_manager_msgs/include/controller_manager_msgs/controller_manager_msgs/srv/detail
[0.649s] -- Up-to-date: /home/gursel/robotics_ws/install/controller_manager_msgs/include/controller_manager_msgs/controller_manager_msgs/srv/detail/configure_controller__rosidl_typesupport_fastrtps_c.h
[0.649s] -- Up-to-date: /home/gursel/robotics_ws/install/controller_manager_msgs/include/controller_manager_msgs/controller_manager_msgs/srv/detail/reload_controller_libraries__rosidl_typesupport_fastrtps_c.h
[0.649s] -- Up-to-date: /home/gursel/robotics_ws/install/controller_manager_msgs/include/controller_manager_msgs/controller_manager_msgs/srv/detail/list_hardware_components__rosidl_typesupport_fastrtps_c.h
[0.650s] -- Up-to-date: /home/gursel/robotics_ws/install/controller_manager_msgs/include/controller_manager_msgs/controller_manager_msgs/srv/detail/set_hardware_component_state__rosidl_typesupport_fastrtps_c.h
[0.650s] -- Up-to-date: /home/gursel/robotics_ws/install/controller_manager_msgs/include/controller_manager_msgs/controller_manager_msgs/srv/detail/list_hardware_interfaces__rosidl_typesupport_fastrtps_c.h
[0.650s] -- Up-to-date: /home/gursel/robotics_ws/install/controller_manager_msgs/include/controller_manager_msgs/controller_manager_msgs/srv/detail/list_controller_types__rosidl_typesupport_fastrtps_c.h
[0.650s] -- Up-to-date: /home/gursel/robotics_ws/install/controller_manager_msgs/include/controller_manager_msgs/controller_manager_msgs/srv/detail/unload_controller__rosidl_typesupport_fastrtps_c.h
[0.650s] -- Up-to-date: /home/gursel/robotics_ws/install/controller_manager_msgs/include/controller_manager_msgs/controller_manager_msgs/srv/detail/load_controller__rosidl_typesupport_fastrtps_c.h
[0.650s] -- Up-to-date: /home/gursel/robotics_ws/install/controller_manager_msgs/include/controller_manager_msgs/controller_manager_msgs/srv/detail/switch_controller__rosidl_typesupport_fastrtps_c.h
[0.650s] -- Up-to-date: /home/gursel/robotics_ws/install/controller_manager_msgs/include/controller_manager_msgs/controller_manager_msgs/srv/detail/list_controllers__rosidl_typesupport_fastrtps_c.h
[0.650s] -- Up-to-date: /home/gursel/robotics_ws/install/controller_manager_msgs/lib/libcontroller_manager_msgs__rosidl_typesupport_fastrtps_c.so
[0.650s] -- Up-to-date: /home/gursel/robotics_ws/install/controller_manager_msgs/include/controller_manager_msgs/controller_manager_msgs
[0.650s] -- Up-to-date: /home/gursel/robotics_ws/install/controller_manager_msgs/include/controller_manager_msgs/controller_manager_msgs/msg
[0.650s] -- Up-to-date: /home/gursel/robotics_ws/install/controller_manager_msgs/include/controller_manager_msgs/controller_manager_msgs/msg/detail
[0.650s] -- Up-to-date: /home/gursel/robotics_ws/install/controller_manager_msgs/include/controller_manager_msgs/controller_manager_msgs/msg/detail/chain_connection__builder.hpp
[0.650s] -- Up-to-date: /home/gursel/robotics_ws/install/controller_manager_msgs/include/controller_manager_msgs/controller_manager_msgs/msg/detail/chain_connection__traits.hpp
[0.650s] -- Up-to-date: /home/gursel/robotics_ws/install/controller_manager_msgs/include/controller_manager_msgs/controller_manager_msgs/msg/detail/hardware_component_state__struct.hpp
[0.650s] -- Up-to-date: /home/gursel/robotics_ws/install/controller_manager_msgs/include/controller_manager_msgs/controller_manager_msgs/msg/detail/chain_connection__struct.hpp
[0.651s] -- Up-to-date: /home/gursel/robotics_ws/install/controller_manager_msgs/include/controller_manager_msgs/controller_manager_msgs/msg/detail/controller_state__traits.hpp
[0.651s] -- Up-to-date: /home/gursel/robotics_ws/install/controller_manager_msgs/include/controller_manager_msgs/controller_manager_msgs/msg/detail/hardware_interface__builder.hpp
[0.651s] -- Up-to-date: /home/gursel/robotics_ws/install/controller_manager_msgs/include/controller_manager_msgs/controller_manager_msgs/msg/detail/controller_state__builder.hpp
[0.651s] -- Up-to-date: /home/gursel/robotics_ws/install/controller_manager_msgs/include/controller_manager_msgs/controller_manager_msgs/msg/detail/hardware_interface__traits.hpp
[0.651s] -- Up-to-date: /home/gursel/robotics_ws/install/controller_manager_msgs/include/controller_manager_msgs/controller_manager_msgs/msg/detail/hardware_component_state__builder.hpp
[0.651s] -- Up-to-date: /home/gursel/robotics_ws/install/controller_manager_msgs/include/controller_manager_msgs/controller_manager_msgs/msg/detail/controller_state__struct.hpp
[0.651s] -- Up-to-date: /home/gursel/robotics_ws/install/controller_manager_msgs/include/controller_manager_msgs/controller_manager_msgs/msg/detail/hardware_interface__struct.hpp
[0.651s] -- Up-to-date: /home/gursel/robotics_ws/install/controller_manager_msgs/include/controller_manager_msgs/controller_manager_msgs/msg/detail/hardware_component_state__traits.hpp
[0.651s] -- Up-to-date: /home/gursel/robotics_ws/install/controller_manager_msgs/include/controller_manager_msgs/controller_manager_msgs/msg/hardware_component_state.hpp
[0.651s] -- Up-to-date: /home/gursel/robotics_ws/install/controller_manager_msgs/include/controller_manager_msgs/controller_manager_msgs/msg/controller_state.hpp
[0.651s] -- Up-to-date: /home/gursel/robotics_ws/install/controller_manager_msgs/include/controller_manager_msgs/controller_manager_msgs/msg/chain_connection.hpp
[0.651s] -- Up-to-date: /home/gursel/robotics_ws/install/controller_manager_msgs/include/controller_manager_msgs/controller_manager_msgs/msg/hardware_interface.hpp
[0.651s] -- Up-to-date: /home/gursel/robotics_ws/install/controller_manager_msgs/include/controller_manager_msgs/controller_manager_msgs/srv
[0.651s] -- Up-to-date: /home/gursel/robotics_ws/install/controller_manager_msgs/include/controller_manager_msgs/controller_manager_msgs/srv/list_hardware_interfaces.hpp
[0.651s] -- Up-to-date: /home/gursel/robotics_ws/install/controller_manager_msgs/include/controller_manager_msgs/controller_manager_msgs/srv/detail
[0.652s] -- Up-to-date: /home/gursel/robotics_ws/install/controller_manager_msgs/include/controller_manager_msgs/controller_manager_msgs/srv/detail/set_hardware_component_state__traits.hpp
[0.652s] -- Up-to-date: /home/gursel/robotics_ws/install/controller_manager_msgs/include/controller_manager_msgs/controller_manager_msgs/srv/detail/list_controller_types__builder.hpp
[0.652s] -- Up-to-date: /home/gursel/robotics_ws/install/controller_manager_msgs/include/controller_manager_msgs/controller_manager_msgs/srv/detail/list_hardware_components__struct.hpp
[0.652s] -- Up-to-date: /home/gursel/robotics_ws/install/controller_manager_msgs/include/controller_manager_msgs/controller_manager_msgs/srv/detail/list_hardware_interfaces__traits.hpp
[0.652s] -- Up-to-date: /home/gursel/robotics_ws/install/controller_manager_msgs/include/controller_manager_msgs/controller_manager_msgs/srv/detail/configure_controller__builder.hpp
[0.652s] -- Up-to-date: /home/gursel/robotics_ws/install/controller_manager_msgs/include/controller_manager_msgs/controller_manager_msgs/srv/detail/reload_controller_libraries__traits.hpp
[0.652s] -- Up-to-date: /home/gursel/robotics_ws/install/controller_manager_msgs/include/controller_manager_msgs/controller_manager_msgs/srv/detail/switch_controller__builder.hpp
[0.652s] -- Up-to-date: /home/gursel/robotics_ws/install/controller_manager_msgs/include/controller_manager_msgs/controller_manager_msgs/srv/detail/unload_controller__builder.hpp
[0.652s] -- Up-to-date: /home/gursel/robotics_ws/install/controller_manager_msgs/include/controller_manager_msgs/controller_manager_msgs/srv/detail/load_controller__struct.hpp
[0.652s] -- Up-to-date: /home/gursel/robotics_ws/install/controller_manager_msgs/include/controller_manager_msgs/controller_manager_msgs/srv/detail/set_hardware_component_state__struct.hpp
[0.653s] -- Up-to-date: /home/gursel/robotics_ws/install/controller_manager_msgs/include/controller_manager_msgs/controller_manager_msgs/srv/detail/switch_controller__traits.hpp
[0.653s] -- Up-to-date: /home/gursel/robotics_ws/install/controller_manager_msgs/include/controller_manager_msgs/controller_manager_msgs/srv/detail/load_controller__builder.hpp
[0.653s] -- Up-to-date: /home/gursel/robotics_ws/install/controller_manager_msgs/include/controller_manager_msgs/controller_manager_msgs/srv/detail/list_controller_types__struct.hpp
[0.653s] -- Up-to-date: /home/gursel/robotics_ws/install/controller_manager_msgs/include/controller_manager_msgs/controller_manager_msgs/srv/detail/switch_controller__struct.hpp
[0.653s] -- Up-to-date: /home/gursel/robotics_ws/install/controller_manager_msgs/include/controller_manager_msgs/controller_manager_msgs/srv/detail/reload_controller_libraries__builder.hpp
[0.653s] -- Up-to-date: /home/gursel/robotics_ws/install/controller_manager_msgs/include/controller_manager_msgs/controller_manager_msgs/srv/detail/list_hardware_interfaces__builder.hpp
[0.653s] -- Up-to-date: /home/gursel/robotics_ws/install/controller_manager_msgs/include/controller_manager_msgs/controller_manager_msgs/srv/detail/set_hardware_component_state__builder.hpp
[0.653s] -- Up-to-date: /home/gursel/robotics_ws/install/controller_manager_msgs/include/controller_manager_msgs/controller_manager_msgs/srv/detail/list_hardware_components__traits.hpp
[0.653s] -- Up-to-date: /home/gursel/robotics_ws/install/controller_manager_msgs/include/controller_manager_msgs/controller_manager_msgs/srv/detail/unload_controller__traits.hpp
[0.653s] -- Up-to-date: /home/gursel/robotics_ws/install/controller_manager_msgs/include/controller_manager_msgs/controller_manager_msgs/srv/detail/configure_controller__struct.hpp
[0.653s] -- Up-to-date: /home/gursel/robotics_ws/install/controller_manager_msgs/include/controller_manager_msgs/controller_manager_msgs/srv/detail/list_controllers__builder.hpp
[0.654s] -- Up-to-date: /home/gursel/robotics_ws/install/controller_manager_msgs/include/controller_manager_msgs/controller_manager_msgs/srv/detail/list_controllers__traits.hpp
[0.654s] -- Up-to-date: /home/gursel/robotics_ws/install/controller_manager_msgs/include/controller_manager_msgs/controller_manager_msgs/srv/detail/unload_controller__struct.hpp
[0.654s] -- Up-to-date: /home/gursel/robotics_ws/install/controller_manager_msgs/include/controller_manager_msgs/controller_manager_msgs/srv/detail/load_controller__traits.hpp
[0.654s] -- Up-to-date: /home/gursel/robotics_ws/install/controller_manager_msgs/include/controller_manager_msgs/controller_manager_msgs/srv/detail/list_hardware_interfaces__struct.hpp
[0.654s] -- Up-to-date: /home/gursel/robotics_ws/install/controller_manager_msgs/include/controller_manager_msgs/controller_manager_msgs/srv/detail/reload_controller_libraries__struct.hpp
[0.654s] -- Up-to-date: /home/gursel/robotics_ws/install/controller_manager_msgs/include/controller_manager_msgs/controller_manager_msgs/srv/detail/list_controllers__struct.hpp
[0.654s] -- Up-to-date: /home/gursel/robotics_ws/install/controller_manager_msgs/include/controller_manager_msgs/controller_manager_msgs/srv/detail/list_controller_types__traits.hpp
[0.654s] -- Up-to-date: /home/gursel/robotics_ws/install/controller_manager_msgs/include/controller_manager_msgs/controller_manager_msgs/srv/detail/configure_controller__traits.hpp
[0.654s] -- Up-to-date: /home/gursel/robotics_ws/install/controller_manager_msgs/include/controller_manager_msgs/controller_manager_msgs/srv/detail/list_hardware_components__builder.hpp
[0.654s] -- Up-to-date: /home/gursel/robotics_ws/install/controller_manager_msgs/include/controller_manager_msgs/controller_manager_msgs/srv/configure_controller.hpp
[0.655s] -- Up-to-date: /home/gursel/robotics_ws/install/controller_manager_msgs/include/controller_manager_msgs/controller_manager_msgs/srv/list_controller_types.hpp
[0.655s] -- Up-to-date: /home/gursel/robotics_ws/install/controller_manager_msgs/include/controller_manager_msgs/controller_manager_msgs/srv/list_hardware_components.hpp
[0.655s] -- Up-to-date: /home/gursel/robotics_ws/install/controller_manager_msgs/include/controller_manager_msgs/controller_manager_msgs/srv/reload_controller_libraries.hpp
[0.655s] -- Up-to-date: /home/gursel/robotics_ws/install/controller_manager_msgs/include/controller_manager_msgs/controller_manager_msgs/srv/load_controller.hpp
[0.655s] -- Up-to-date: /home/gursel/robotics_ws/install/controller_manager_msgs/include/controller_manager_msgs/controller_manager_msgs/srv/list_controllers.hpp
[0.655s] -- Up-to-date: /home/gursel/robotics_ws/install/controller_manager_msgs/include/controller_manager_msgs/controller_manager_msgs/srv/unload_controller.hpp
[0.655s] -- Up-to-date: /home/gursel/robotics_ws/install/controller_manager_msgs/include/controller_manager_msgs/controller_manager_msgs/srv/set_hardware_component_state.hpp
[0.655s] -- Up-to-date: /home/gursel/robotics_ws/install/controller_manager_msgs/include/controller_manager_msgs/controller_manager_msgs/srv/switch_controller.hpp
[0.655s] -- Up-to-date: /home/gursel/robotics_ws/install/controller_manager_msgs/include/controller_manager_msgs/controller_manager_msgs
[0.655s] -- Up-to-date: /home/gursel/robotics_ws/install/controller_manager_msgs/include/controller_manager_msgs/controller_manager_msgs/msg
[0.655s] -- Up-to-date: /home/gursel/robotics_ws/install/controller_manager_msgs/include/controller_manager_msgs/controller_manager_msgs/msg/detail
[0.656s] -- Up-to-date: /home/gursel/robotics_ws/install/controller_manager_msgs/include/controller_manager_msgs/controller_manager_msgs/msg/detail/hardware_component_state__rosidl_typesupport_fastrtps_cpp.hpp
[0.656s] -- Up-to-date: /home/gursel/robotics_ws/install/controller_manager_msgs/include/controller_manager_msgs/controller_manager_msgs/msg/detail/dds_fastrtps
[0.656s] -- Up-to-date: /home/gursel/robotics_ws/install/controller_manager_msgs/include/controller_manager_msgs/controller_manager_msgs/msg/detail/chain_connection__rosidl_typesupport_fastrtps_cpp.hpp
[0.656s] -- Up-to-date: /home/gursel/robotics_ws/install/controller_manager_msgs/include/controller_manager_msgs/controller_manager_msgs/msg/detail/hardware_interface__rosidl_typesupport_fastrtps_cpp.hpp
[0.656s] -- Up-to-date: /home/gursel/robotics_ws/install/controller_manager_msgs/include/controller_manager_msgs/controller_manager_msgs/msg/detail/controller_state__rosidl_typesupport_fastrtps_cpp.hpp
[0.656s] -- Up-to-date: /home/gursel/robotics_ws/install/controller_manager_msgs/include/controller_manager_msgs/controller_manager_msgs/msg/rosidl_typesupport_fastrtps_cpp__visibility_control.h
[0.656s] -- Up-to-date: /home/gursel/robotics_ws/install/controller_manager_msgs/include/controller_manager_msgs/controller_manager_msgs/srv
[0.656s] -- Up-to-date: /home/gursel/robotics_ws/install/controller_manager_msgs/include/controller_manager_msgs/controller_manager_msgs/srv/detail
[0.656s] -- Up-to-date: /home/gursel/robotics_ws/install/controller_manager_msgs/include/controller_manager_msgs/controller_manager_msgs/srv/detail/list_controller_types__rosidl_typesupport_fastrtps_cpp.hpp
[0.656s] -- Up-to-date: /home/gursel/robotics_ws/install/controller_manager_msgs/include/controller_manager_msgs/controller_manager_msgs/srv/detail/list_hardware_components__rosidl_typesupport_fastrtps_cpp.hpp
[0.656s] -- Up-to-date: /home/gursel/robotics_ws/install/controller_manager_msgs/include/controller_manager_msgs/controller_manager_msgs/srv/detail/switch_controller__rosidl_typesupport_fastrtps_cpp.hpp
[0.657s] -- Up-to-date: /home/gursel/robotics_ws/install/controller_manager_msgs/include/controller_manager_msgs/controller_manager_msgs/srv/detail/dds_fastrtps
[0.657s] -- Up-to-date: /home/gursel/robotics_ws/install/controller_manager_msgs/include/controller_manager_msgs/controller_manager_msgs/srv/detail/unload_controller__rosidl_typesupport_fastrtps_cpp.hpp
[0.657s] -- Up-to-date: /home/gursel/robotics_ws/install/controller_manager_msgs/include/controller_manager_msgs/controller_manager_msgs/srv/detail/reload_controller_libraries__rosidl_typesupport_fastrtps_cpp.hpp
[0.657s] -- Up-to-date: /home/gursel/robotics_ws/install/controller_manager_msgs/include/controller_manager_msgs/controller_manager_msgs/srv/detail/list_hardware_interfaces__rosidl_typesupport_fastrtps_cpp.hpp
[0.657s] -- Up-to-date: /home/gursel/robotics_ws/install/controller_manager_msgs/include/controller_manager_msgs/controller_manager_msgs/srv/detail/list_controllers__rosidl_typesupport_fastrtps_cpp.hpp
[0.657s] -- Up-to-date: /home/gursel/robotics_ws/install/controller_manager_msgs/include/controller_manager_msgs/controller_manager_msgs/srv/detail/load_controller__rosidl_typesupport_fastrtps_cpp.hpp
[0.657s] -- Up-to-date: /home/gursel/robotics_ws/install/controller_manager_msgs/include/controller_manager_msgs/controller_manager_msgs/srv/detail/set_hardware_component_state__rosidl_typesupport_fastrtps_cpp.hpp
[0.657s] -- Up-to-date: /home/gursel/robotics_ws/install/controller_manager_msgs/include/controller_manager_msgs/controller_manager_msgs/srv/detail/configure_controller__rosidl_typesupport_fastrtps_cpp.hpp
[0.657s] -- Up-to-date: /home/gursel/robotics_ws/install/controller_manager_msgs/lib/libcontroller_manager_msgs__rosidl_typesupport_fastrtps_cpp.so
[0.657s] -- Up-to-date: /home/gursel/robotics_ws/install/controller_manager_msgs/include/controller_manager_msgs/controller_manager_msgs
[0.657s] -- Up-to-date: /home/gursel/robotics_ws/install/controller_manager_msgs/include/controller_manager_msgs/controller_manager_msgs/msg
[0.658s] -- Up-to-date: /home/gursel/robotics_ws/install/controller_manager_msgs/include/controller_manager_msgs/controller_manager_msgs/msg/detail
[0.658s] -- Up-to-date: /home/gursel/robotics_ws/install/controller_manager_msgs/include/controller_manager_msgs/controller_manager_msgs/msg/detail/controller_state__rosidl_typesupport_introspection_c.h
[0.658s] -- Up-to-date: /home/gursel/robotics_ws/install/controller_manager_msgs/include/controller_manager_msgs/controller_manager_msgs/msg/detail/hardware_interface__rosidl_typesupport_introspection_c.h
[0.658s] -- Up-to-date: /home/gursel/robotics_ws/install/controller_manager_msgs/include/controller_manager_msgs/controller_manager_msgs/msg/detail/hardware_interface__type_support.c
[0.658s] -- Up-to-date: /home/gursel/robotics_ws/install/controller_manager_msgs/include/controller_manager_msgs/controller_manager_msgs/msg/detail/hardware_component_state__type_support.c
[0.658s] -- Up-to-date: /home/gursel/robotics_ws/install/controller_manager_msgs/include/controller_manager_msgs/controller_manager_msgs/msg/detail/chain_connection__rosidl_typesupport_introspection_c.h
[0.658s] -- Up-to-date: /home/gursel/robotics_ws/install/controller_manager_msgs/include/controller_manager_msgs/controller_manager_msgs/msg/detail/chain_connection__type_support.c
[0.658s] -- Up-to-date: /home/gursel/robotics_ws/install/controller_manager_msgs/include/controller_manager_msgs/controller_manager_msgs/msg/detail/controller_state__type_support.c
[0.658s] -- Up-to-date: /home/gursel/robotics_ws/install/controller_manager_msgs/include/controller_manager_msgs/controller_manager_msgs/msg/detail/hardware_component_state__rosidl_typesupport_introspection_c.h
[0.658s] -- Up-to-date: /home/gursel/robotics_ws/install/controller_manager_msgs/include/controller_manager_msgs/controller_manager_msgs/msg/rosidl_typesupport_introspection_c__visibility_control.h
[0.658s] -- Up-to-date: /home/gursel/robotics_ws/install/controller_manager_msgs/include/controller_manager_msgs/controller_manager_msgs/srv
[0.658s] -- Up-to-date: /home/gursel/robotics_ws/install/controller_manager_msgs/include/controller_manager_msgs/controller_manager_msgs/srv/detail
[0.658s] -- Up-to-date: /home/gursel/robotics_ws/install/controller_manager_msgs/include/controller_manager_msgs/controller_manager_msgs/srv/detail/set_hardware_component_state__type_support.c
[0.658s] -- Up-to-date: /home/gursel/robotics_ws/install/controller_manager_msgs/include/controller_manager_msgs/controller_manager_msgs/srv/detail/load_controller__rosidl_typesupport_introspection_c.h
[0.659s] -- Up-to-date: /home/gursel/robotics_ws/install/controller_manager_msgs/include/controller_manager_msgs/controller_manager_msgs/srv/detail/list_hardware_interfaces__type_support.c
[0.659s] -- Up-to-date: /home/gursel/robotics_ws/install/controller_manager_msgs/include/controller_manager_msgs/controller_manager_msgs/srv/detail/list_controllers__rosidl_typesupport_introspection_c.h
[0.659s] -- Up-to-date: /home/gursel/robotics_ws/install/controller_manager_msgs/include/controller_manager_msgs/controller_manager_msgs/srv/detail/reload_controller_libraries__type_support.c
[0.659s] -- Up-to-date: /home/gursel/robotics_ws/install/controller_manager_msgs/include/controller_manager_msgs/controller_manager_msgs/srv/detail/list_controllers__type_support.c
[0.659s] -- Up-to-date: /home/gursel/robotics_ws/install/controller_manager_msgs/include/controller_manager_msgs/controller_manager_msgs/srv/detail/configure_controller__rosidl_typesupport_introspection_c.h
[0.659s] -- Up-to-date: /home/gursel/robotics_ws/install/controller_manager_msgs/include/controller_manager_msgs/controller_manager_msgs/srv/detail/list_controller_types__type_support.c
[0.661s] -- Up-to-date: /home/gursel/robotics_ws/install/controller_manager_msgs/include/controller_manager_msgs/controller_manager_msgs/srv/detail/list_hardware_components__type_support.c
[0.663s] -- Up-to-date: /home/gursel/robotics_ws/install/controller_manager_msgs/include/controller_manager_msgs/controller_manager_msgs/srv/detail/list_hardware_components__rosidl_typesupport_introspection_c.h
[0.663s] -- Up-to-date: /home/gursel/robotics_ws/install/controller_manager_msgs/include/controller_manager_msgs/controller_manager_msgs/srv/detail/unload_controller__type_support.c
[0.663s] -- Up-to-date: /home/gursel/robotics_ws/install/controller_manager_msgs/include/controller_manager_msgs/controller_manager_msgs/srv/detail/list_controller_types__rosidl_typesupport_introspection_c.h
[0.663s] -- Up-to-date: /home/gursel/robotics_ws/install/controller_manager_msgs/include/controller_manager_msgs/controller_manager_msgs/srv/detail/switch_controller__rosidl_typesupport_introspection_c.h
[0.663s] -- Up-to-date: /home/gursel/robotics_ws/install/controller_manager_msgs/include/controller_manager_msgs/controller_manager_msgs/srv/detail/set_hardware_component_state__rosidl_typesupport_introspection_c.h
[0.663s] -- Up-to-date: /home/gursel/robotics_ws/install/controller_manager_msgs/include/controller_manager_msgs/controller_manager_msgs/srv/detail/list_hardware_interfaces__rosidl_typesupport_introspection_c.h
[0.663s] -- Up-to-date: /home/gursel/robotics_ws/install/controller_manager_msgs/include/controller_manager_msgs/controller_manager_msgs/srv/detail/unload_controller__rosidl_typesupport_introspection_c.h
[0.664s] -- Up-to-date: /home/gursel/robotics_ws/install/controller_manager_msgs/include/controller_manager_msgs/controller_manager_msgs/srv/detail/configure_controller__type_support.c
[0.664s] -- Up-to-date: /home/gursel/robotics_ws/install/controller_manager_msgs/include/controller_manager_msgs/controller_manager_msgs/srv/detail/switch_controller__type_support.c
[0.664s] -- Up-to-date: /home/gursel/robotics_ws/install/controller_manager_msgs/include/controller_manager_msgs/controller_manager_msgs/srv/detail/load_controller__type_support.c
[0.664s] -- Up-to-date: /home/gursel/robotics_ws/install/controller_manager_msgs/include/controller_manager_msgs/controller_manager_msgs/srv/detail/reload_controller_libraries__rosidl_typesupport_introspection_c.h
[0.664s] -- Up-to-date: /home/gursel/robotics_ws/install/controller_manager_msgs/lib/libcontroller_manager_msgs__rosidl_typesupport_introspection_c.so
[0.664s] -- Up-to-date: /home/gursel/robotics_ws/install/controller_manager_msgs/lib/libcontroller_manager_msgs__rosidl_typesupport_c.so
[0.664s] -- Up-to-date: /home/gursel/robotics_ws/install/controller_manager_msgs/include/controller_manager_msgs/controller_manager_msgs
[0.664s] -- Up-to-date: /home/gursel/robotics_ws/install/controller_manager_msgs/include/controller_manager_msgs/controller_manager_msgs/msg
[0.666s] -- Up-to-date: /home/gursel/robotics_ws/install/controller_manager_msgs/include/controller_manager_msgs/controller_manager_msgs/msg/detail
[0.666s] -- Up-to-date: /home/gursel/robotics_ws/install/controller_manager_msgs/include/controller_manager_msgs/controller_manager_msgs/msg/detail/hardware_interface__type_support.cpp
[0.666s] -- Up-to-date: /home/gursel/robotics_ws/install/controller_manager_msgs/include/controller_manager_msgs/controller_manager_msgs/msg/detail/controller_state__type_support.cpp
[0.666s] -- Up-to-date: /home/gursel/robotics_ws/install/controller_manager_msgs/include/controller_manager_msgs/controller_manager_msgs/msg/detail/controller_state__rosidl_typesupport_introspection_cpp.hpp
[0.666s] -- Up-to-date: /home/gursel/robotics_ws/install/controller_manager_msgs/include/controller_manager_msgs/controller_manager_msgs/msg/detail/hardware_component_state__type_support.cpp
[0.667s] -- Up-to-date: /home/gursel/robotics_ws/install/controller_manager_msgs/include/controller_manager_msgs/controller_manager_msgs/msg/detail/chain_connection__rosidl_typesupport_introspection_cpp.hpp
[0.667s] -- Up-to-date: /home/gursel/robotics_ws/install/controller_manager_msgs/include/controller_manager_msgs/controller_manager_msgs/msg/detail/hardware_interface__rosidl_typesupport_introspection_cpp.hpp
[0.667s] -- Up-to-date: /home/gursel/robotics_ws/install/controller_manager_msgs/include/controller_manager_msgs/controller_manager_msgs/msg/detail/hardware_component_state__rosidl_typesupport_introspection_cpp.hpp
[0.667s] -- Up-to-date: /home/gursel/robotics_ws/install/controller_manager_msgs/include/controller_manager_msgs/controller_manager_msgs/msg/detail/chain_connection__type_support.cpp
[0.667s] -- Up-to-date: /home/gursel/robotics_ws/install/controller_manager_msgs/include/controller_manager_msgs/controller_manager_msgs/srv
[0.669s] -- Up-to-date: /home/gursel/robotics_ws/install/controller_manager_msgs/include/controller_manager_msgs/controller_manager_msgs/srv/detail
[0.669s] -- Up-to-date: /home/gursel/robotics_ws/install/controller_manager_msgs/include/controller_manager_msgs/controller_manager_msgs/srv/detail/switch_controller__type_support.cpp
[0.669s] -- Up-to-date: /home/gursel/robotics_ws/install/controller_manager_msgs/include/controller_manager_msgs/controller_manager_msgs/srv/detail/reload_controller_libraries__type_support.cpp
[0.669s] -- Up-to-date: /home/gursel/robotics_ws/install/controller_manager_msgs/include/controller_manager_msgs/controller_manager_msgs/srv/detail/list_controllers__type_support.cpp
[0.670s] -- Up-to-date: /home/gursel/robotics_ws/install/controller_manager_msgs/include/controller_manager_msgs/controller_manager_msgs/srv/detail/unload_controller__rosidl_typesupport_introspection_cpp.hpp
[0.670s] -- Up-to-date: /home/gursel/robotics_ws/install/controller_manager_msgs/include/controller_manager_msgs/controller_manager_msgs/srv/detail/switch_controller__rosidl_typesupport_introspection_cpp.hpp
[0.670s] -- Up-to-date: /home/gursel/robotics_ws/install/controller_manager_msgs/include/controller_manager_msgs/controller_manager_msgs/srv/detail/load_controller__type_support.cpp
[0.672s] -- Up-to-date: /home/gursel/robotics_ws/install/controller_manager_msgs/include/controller_manager_msgs/controller_manager_msgs/srv/detail/set_hardware_component_state__type_support.cpp
[0.672s] -- Up-to-date: /home/gursel/robotics_ws/install/controller_manager_msgs/include/controller_manager_msgs/controller_manager_msgs/srv/detail/set_hardware_component_state__rosidl_typesupport_introspection_cpp.hpp
[0.673s] -- Up-to-date: /home/gursel/robotics_ws/install/controller_manager_msgs/include/controller_manager_msgs/controller_manager_msgs/srv/detail/list_controller_types__rosidl_typesupport_introspection_cpp.hpp
[0.673s] -- Up-to-date: /home/gursel/robotics_ws/install/controller_manager_msgs/include/controller_manager_msgs/controller_manager_msgs/srv/detail/list_controllers__rosidl_typesupport_introspection_cpp.hpp
[0.673s] -- Up-to-date: /home/gursel/robotics_ws/install/controller_manager_msgs/include/controller_manager_msgs/controller_manager_msgs/srv/detail/unload_controller__type_support.cpp
[0.673s] -- Up-to-date: /home/gursel/robotics_ws/install/controller_manager_msgs/include/controller_manager_msgs/controller_manager_msgs/srv/detail/configure_controller__rosidl_typesupport_introspection_cpp.hpp
[0.674s] -- Up-to-date: /home/gursel/robotics_ws/install/controller_manager_msgs/include/controller_manager_msgs/controller_manager_msgs/srv/detail/list_hardware_interfaces__rosidl_typesupport_introspection_cpp.hpp
[0.674s] -- Up-to-date: /home/gursel/robotics_ws/install/controller_manager_msgs/include/controller_manager_msgs/controller_manager_msgs/srv/detail/reload_controller_libraries__rosidl_typesupport_introspection_cpp.hpp
[0.674s] -- Up-to-date: /home/gursel/robotics_ws/install/controller_manager_msgs/include/controller_manager_msgs/controller_manager_msgs/srv/detail/list_hardware_components__rosidl_typesupport_introspection_cpp.hpp
[0.674s] -- Up-to-date: /home/gursel/robotics_ws/install/controller_manager_msgs/include/controller_manager_msgs/controller_manager_msgs/srv/detail/load_controller__rosidl_typesupport_introspection_cpp.hpp
[0.674s] -- Up-to-date: /home/gursel/robotics_ws/install/controller_manager_msgs/include/controller_manager_msgs/controller_manager_msgs/srv/detail/list_hardware_components__type_support.cpp
[0.675s] -- Up-to-date: /home/gursel/robotics_ws/install/controller_manager_msgs/include/controller_manager_msgs/controller_manager_msgs/srv/detail/list_controller_types__type_support.cpp
[0.677s] -- Up-to-date: /home/gursel/robotics_ws/install/controller_manager_msgs/include/controller_manager_msgs/controller_manager_msgs/srv/detail/configure_controller__type_support.cpp
[0.677s] -- Up-to-date: /home/gursel/robotics_ws/install/controller_manager_msgs/include/controller_manager_msgs/controller_manager_msgs/srv/detail/list_hardware_interfaces__type_support.cpp
[0.677s] -- Up-to-date: /home/gursel/robotics_ws/install/controller_manager_msgs/lib/libcontroller_manager_msgs__rosidl_typesupport_introspection_cpp.so
[0.677s] -- Up-to-date: /home/gursel/robotics_ws/install/controller_manager_msgs/lib/libcontroller_manager_msgs__rosidl_typesupport_cpp.so
[0.677s] -- Up-to-date: /home/gursel/robotics_ws/install/controller_manager_msgs/share/controller_manager_msgs/environment/pythonpath.sh
[0.677s] -- Up-to-date: /home/gursel/robotics_ws/install/controller_manager_msgs/share/controller_manager_msgs/environment/pythonpath.dsv
[0.678s] -- Up-to-date: /home/gursel/robotics_ws/install/controller_manager_msgs/local/lib/python3.10/dist-packages/controller_manager_msgs-2.23.0-py3.10.egg-info
[0.678s] -- Installing: /home/gursel/robotics_ws/install/controller_manager_msgs/local/lib/python3.10/dist-packages/controller_manager_msgs-2.23.0-py3.10.egg-info/SOURCES.txt
[0.678s] -- Installing: /home/gursel/robotics_ws/install/controller_manager_msgs/local/lib/python3.10/dist-packages/controller_manager_msgs-2.23.0-py3.10.egg-info/top_level.txt
[0.678s] -- Installing: /home/gursel/robotics_ws/install/controller_manager_msgs/local/lib/python3.10/dist-packages/controller_manager_msgs-2.23.0-py3.10.egg-info/dependency_links.txt
[0.678s] -- Installing: /home/gursel/robotics_ws/install/controller_manager_msgs/local/lib/python3.10/dist-packages/controller_manager_msgs-2.23.0-py3.10.egg-info/PKG-INFO
[0.678s] -- Up-to-date: /home/gursel/robotics_ws/install/controller_manager_msgs/local/lib/python3.10/dist-packages/controller_manager_msgs
[0.678s] -- Up-to-date: /home/gursel/robotics_ws/install/controller_manager_msgs/local/lib/python3.10/dist-packages/controller_manager_msgs/_controller_manager_msgs_s.ep.rosidl_typesupport_introspection_c.c
[0.679s] -- Up-to-date: /home/gursel/robotics_ws/install/controller_manager_msgs/local/lib/python3.10/dist-packages/controller_manager_msgs/_controller_manager_msgs_s.ep.rosidl_typesupport_c.c
[0.679s] -- Up-to-date: /home/gursel/robotics_ws/install/controller_manager_msgs/local/lib/python3.10/dist-packages/controller_manager_msgs/msg
[0.679s] -- Up-to-date: /home/gursel/robotics_ws/install/controller_manager_msgs/local/lib/python3.10/dist-packages/controller_manager_msgs/msg/_hardware_component_state.py
[0.679s] -- Up-to-date: /home/gursel/robotics_ws/install/controller_manager_msgs/local/lib/python3.10/dist-packages/controller_manager_msgs/msg/_hardware_interface.py
[0.679s] -- Up-to-date: /home/gursel/robotics_ws/install/controller_manager_msgs/local/lib/python3.10/dist-packages/controller_manager_msgs/msg/_chain_connection.py
[0.680s] -- Up-to-date: /home/gursel/robotics_ws/install/controller_manager_msgs/local/lib/python3.10/dist-packages/controller_manager_msgs/msg/_controller_state_s.c
[0.680s] -- Up-to-date: /home/gursel/robotics_ws/install/controller_manager_msgs/local/lib/python3.10/dist-packages/controller_manager_msgs/msg/__init__.py
[0.680s] -- Up-to-date: /home/gursel/robotics_ws/install/controller_manager_msgs/local/lib/python3.10/dist-packages/controller_manager_msgs/msg/_chain_connection_s.c
[0.680s] -- Up-to-date: /home/gursel/robotics_ws/install/controller_manager_msgs/local/lib/python3.10/dist-packages/controller_manager_msgs/msg/_controller_state.py
[0.680s] -- Up-to-date: /home/gursel/robotics_ws/install/controller_manager_msgs/local/lib/python3.10/dist-packages/controller_manager_msgs/msg/_hardware_component_state_s.c
[0.680s] -- Up-to-date: /home/gursel/robotics_ws/install/controller_manager_msgs/local/lib/python3.10/dist-packages/controller_manager_msgs/msg/_hardware_interface_s.c
[0.680s] -- Up-to-date: /home/gursel/robotics_ws/install/controller_manager_msgs/local/lib/python3.10/dist-packages/controller_manager_msgs/controller_manager_msgs_s__rosidl_typesupport_introspection_c.cpython-310-x86_64-linux-gnu.so
[0.680s] -- Up-to-date: /home/gursel/robotics_ws/install/controller_manager_msgs/local/lib/python3.10/dist-packages/controller_manager_msgs/_controller_manager_msgs_s.ep.rosidl_typesupport_fastrtps_c.c
[0.680s] -- Up-to-date: /home/gursel/robotics_ws/install/controller_manager_msgs/local/lib/python3.10/dist-packages/controller_manager_msgs/__init__.py
[0.680s] -- Up-to-date: /home/gursel/robotics_ws/install/controller_manager_msgs/local/lib/python3.10/dist-packages/controller_manager_msgs/controller_manager_msgs_s__rosidl_typesupport_c.cpython-310-x86_64-linux-gnu.so
[0.680s] -- Up-to-date: /home/gursel/robotics_ws/install/controller_manager_msgs/local/lib/python3.10/dist-packages/controller_manager_msgs/libcontroller_manager_msgs__rosidl_generator_py.so
[0.680s] -- Up-to-date: /home/gursel/robotics_ws/install/controller_manager_msgs/local/lib/python3.10/dist-packages/controller_manager_msgs/srv
[0.680s] -- Up-to-date: /home/gursel/robotics_ws/install/controller_manager_msgs/local/lib/python3.10/dist-packages/controller_manager_msgs/srv/_switch_controller_s.c
[0.680s] -- Up-to-date: /home/gursel/robotics_ws/install/controller_manager_msgs/local/lib/python3.10/dist-packages/controller_manager_msgs/srv/_load_controller.py
[0.680s] -- Up-to-date: /home/gursel/robotics_ws/install/controller_manager_msgs/local/lib/python3.10/dist-packages/controller_manager_msgs/srv/_list_controller_types_s.c
[0.680s] -- Up-to-date: /home/gursel/robotics_ws/install/controller_manager_msgs/local/lib/python3.10/dist-packages/controller_manager_msgs/srv/_list_controllers_s.c
[0.680s] -- Up-to-date: /home/gursel/robotics_ws/install/controller_manager_msgs/local/lib/python3.10/dist-packages/controller_manager_msgs/srv/_list_hardware_interfaces.py
[0.680s] -- Up-to-date: /home/gursel/robotics_ws/install/controller_manager_msgs/local/lib/python3.10/dist-packages/controller_manager_msgs/srv/_list_hardware_components.py
[0.680s] -- Up-to-date: /home/gursel/robotics_ws/install/controller_manager_msgs/local/lib/python3.10/dist-packages/controller_manager_msgs/srv/_list_controllers.py
[0.681s] -- Up-to-date: /home/gursel/robotics_ws/install/controller_manager_msgs/local/lib/python3.10/dist-packages/controller_manager_msgs/srv/_reload_controller_libraries_s.c
[0.681s] -- Up-to-date: /home/gursel/robotics_ws/install/controller_manager_msgs/local/lib/python3.10/dist-packages/controller_manager_msgs/srv/_unload_controller_s.c
[0.681s] -- Up-to-date: /home/gursel/robotics_ws/install/controller_manager_msgs/local/lib/python3.10/dist-packages/controller_manager_msgs/srv/_switch_controller.py
[0.681s] -- Up-to-date: /home/gursel/robotics_ws/install/controller_manager_msgs/local/lib/python3.10/dist-packages/controller_manager_msgs/srv/_configure_controller_s.c
[0.681s] -- Up-to-date: /home/gursel/robotics_ws/install/controller_manager_msgs/local/lib/python3.10/dist-packages/controller_manager_msgs/srv/_set_hardware_component_state_s.c
[0.681s] -- Up-to-date: /home/gursel/robotics_ws/install/controller_manager_msgs/local/lib/python3.10/dist-packages/controller_manager_msgs/srv/__init__.py
[0.681s] -- Up-to-date: /home/gursel/robotics_ws/install/controller_manager_msgs/local/lib/python3.10/dist-packages/controller_manager_msgs/srv/_unload_controller.py
[0.681s] -- Up-to-date: /home/gursel/robotics_ws/install/controller_manager_msgs/local/lib/python3.10/dist-packages/controller_manager_msgs/srv/_list_hardware_components_s.c
[0.681s] -- Up-to-date: /home/gursel/robotics_ws/install/controller_manager_msgs/local/lib/python3.10/dist-packages/controller_manager_msgs/srv/_load_controller_s.c
[0.681s] -- Up-to-date: /home/gursel/robotics_ws/install/controller_manager_msgs/local/lib/python3.10/dist-packages/controller_manager_msgs/srv/_configure_controller.py
[0.681s] -- Up-to-date: /home/gursel/robotics_ws/install/controller_manager_msgs/local/lib/python3.10/dist-packages/controller_manager_msgs/srv/_set_hardware_component_state.py
[0.681s] -- Up-to-date: /home/gursel/robotics_ws/install/controller_manager_msgs/local/lib/python3.10/dist-packages/controller_manager_msgs/srv/_list_controller_types.py
[0.681s] -- Up-to-date: /home/gursel/robotics_ws/install/controller_manager_msgs/local/lib/python3.10/dist-packages/controller_manager_msgs/srv/_reload_controller_libraries.py
[0.681s] -- Up-to-date: /home/gursel/robotics_ws/install/controller_manager_msgs/local/lib/python3.10/dist-packages/controller_manager_msgs/srv/_list_hardware_interfaces_s.c
[0.681s] -- Up-to-date: /home/gursel/robotics_ws/install/controller_manager_msgs/local/lib/python3.10/dist-packages/controller_manager_msgs/controller_manager_msgs_s__rosidl_typesupport_fastrtps_c.cpython-310-x86_64-linux-gnu.so
[0.682s] Listing '/home/gursel/robotics_ws/install/controller_manager_msgs/local/lib/python3.10/dist-packages/controller_manager_msgs'...
[0.682s] Listing '/home/gursel/robotics_ws/install/controller_manager_msgs/local/lib/python3.10/dist-packages/controller_manager_msgs/msg'...
[0.682s] Listing '/home/gursel/robotics_ws/install/controller_manager_msgs/local/lib/python3.10/dist-packages/controller_manager_msgs/srv'...
[0.683s] -- Up-to-date: /home/gursel/robotics_ws/install/controller_manager_msgs/local/lib/python3.10/dist-packages/controller_manager_msgs/controller_manager_msgs_s__rosidl_typesupport_fastrtps_c.cpython-310-x86_64-linux-gnu.so
[0.683s] -- Up-to-date: /home/gursel/robotics_ws/install/controller_manager_msgs/local/lib/python3.10/dist-packages/controller_manager_msgs/controller_manager_msgs_s__rosidl_typesupport_introspection_c.cpython-310-x86_64-linux-gnu.so
[0.684s] -- Up-to-date: /home/gursel/robotics_ws/install/controller_manager_msgs/local/lib/python3.10/dist-packages/controller_manager_msgs/controller_manager_msgs_s__rosidl_typesupport_c.cpython-310-x86_64-linux-gnu.so
[0.684s] -- Up-to-date: /home/gursel/robotics_ws/install/controller_manager_msgs/lib/libcontroller_manager_msgs__rosidl_generator_py.so
[0.685s] -- Up-to-date: /home/gursel/robotics_ws/install/controller_manager_msgs/share/controller_manager_msgs/msg/ControllerState.idl
[0.685s] -- Up-to-date: /home/gursel/robotics_ws/install/controller_manager_msgs/share/controller_manager_msgs/msg/ChainConnection.idl
[0.685s] -- Up-to-date: /home/gursel/robotics_ws/install/controller_manager_msgs/share/controller_manager_msgs/msg/HardwareComponentState.idl
[0.687s] -- Up-to-date: /home/gursel/robotics_ws/install/controller_manager_msgs/share/controller_manager_msgs/msg/HardwareInterface.idl
[0.687s] -- Up-to-date: /home/gursel/robotics_ws/install/controller_manager_msgs/share/controller_manager_msgs/srv/ConfigureController.idl
[0.688s] -- Up-to-date: /home/gursel/robotics_ws/install/controller_manager_msgs/share/controller_manager_msgs/srv/ListControllers.idl
[0.688s] -- Up-to-date: /home/gursel/robotics_ws/install/controller_manager_msgs/share/controller_manager_msgs/srv/ListControllerTypes.idl
[0.688s] -- Up-to-date: /home/gursel/robotics_ws/install/controller_manager_msgs/share/controller_manager_msgs/srv/ListHardwareComponents.idl
[0.688s] -- Up-to-date: /home/gursel/robotics_ws/install/controller_manager_msgs/share/controller_manager_msgs/srv/ListHardwareInterfaces.idl
[0.688s] -- Up-to-date: /home/gursel/robotics_ws/install/controller_manager_msgs/share/controller_manager_msgs/srv/LoadController.idl
[0.688s] -- Up-to-date: /home/gursel/robotics_ws/install/controller_manager_msgs/share/controller_manager_msgs/srv/ReloadControllerLibraries.idl
[0.688s] -- Up-to-date: /home/gursel/robotics_ws/install/controller_manager_msgs/share/controller_manager_msgs/srv/SetHardwareComponentState.idl
[0.688s] -- Up-to-date: /home/gursel/robotics_ws/install/controller_manager_msgs/share/controller_manager_msgs/srv/SwitchController.idl
[0.688s] -- Up-to-date: /home/gursel/robotics_ws/install/controller_manager_msgs/share/controller_manager_msgs/srv/UnloadController.idl
[0.689s] -- Up-to-date: /home/gursel/robotics_ws/install/controller_manager_msgs/share/controller_manager_msgs/msg/ControllerState.msg
[0.689s] -- Up-to-date: /home/gursel/robotics_ws/install/controller_manager_msgs/share/controller_manager_msgs/msg/ChainConnection.msg
[0.689s] -- Up-to-date: /home/gursel/robotics_ws/install/controller_manager_msgs/share/controller_manager_msgs/msg/HardwareComponentState.msg
[0.689s] -- Up-to-date: /home/gursel/robotics_ws/install/controller_manager_msgs/share/controller_manager_msgs/msg/HardwareInterface.msg
[0.689s] -- Up-to-date: /home/gursel/robotics_ws/install/controller_manager_msgs/share/controller_manager_msgs/srv/ConfigureController.srv
[0.689s] -- Up-to-date: /home/gursel/robotics_ws/install/controller_manager_msgs/share/controller_manager_msgs/srv/ConfigureController_Request.msg
[0.689s] -- Up-to-date: /home/gursel/robotics_ws/install/controller_manager_msgs/share/controller_manager_msgs/srv/ConfigureController_Response.msg
[0.689s] -- Up-to-date: /home/gursel/robotics_ws/install/controller_manager_msgs/share/controller_manager_msgs/srv/ListControllers.srv
[0.690s] -- Up-to-date: /home/gursel/robotics_ws/install/controller_manager_msgs/share/controller_manager_msgs/srv/ListControllers_Request.msg
[0.690s] -- Up-to-date: /home/gursel/robotics_ws/install/controller_manager_msgs/share/controller_manager_msgs/srv/ListControllers_Response.msg
[0.691s] -- Up-to-date: /home/gursel/robotics_ws/install/controller_manager_msgs/share/controller_manager_msgs/srv/ListControllerTypes.srv
[0.691s] -- Up-to-date: /home/gursel/robotics_ws/install/controller_manager_msgs/share/controller_manager_msgs/srv/ListControllerTypes_Request.msg
[0.691s] -- Up-to-date: /home/gursel/robotics_ws/install/controller_manager_msgs/share/controller_manager_msgs/srv/ListControllerTypes_Response.msg
[0.691s] -- Up-to-date: /home/gursel/robotics_ws/install/controller_manager_msgs/share/controller_manager_msgs/srv/ListHardwareComponents.srv
[0.692s] -- Up-to-date: /home/gursel/robotics_ws/install/controller_manager_msgs/share/controller_manager_msgs/srv/ListHardwareComponents_Request.msg
[0.692s] -- Up-to-date: /home/gursel/robotics_ws/install/controller_manager_msgs/share/controller_manager_msgs/srv/ListHardwareComponents_Response.msg
[0.692s] -- Up-to-date: /home/gursel/robotics_ws/install/controller_manager_msgs/share/controller_manager_msgs/srv/ListHardwareInterfaces.srv
[0.692s] -- Up-to-date: /home/gursel/robotics_ws/install/controller_manager_msgs/share/controller_manager_msgs/srv/ListHardwareInterfaces_Request.msg
[0.692s] -- Up-to-date: /home/gursel/robotics_ws/install/controller_manager_msgs/share/controller_manager_msgs/srv/ListHardwareInterfaces_Response.msg
[0.693s] -- Up-to-date: /home/gursel/robotics_ws/install/controller_manager_msgs/share/controller_manager_msgs/srv/LoadController.srv
[0.693s] -- Up-to-date: /home/gursel/robotics_ws/install/controller_manager_msgs/share/controller_manager_msgs/srv/LoadController_Request.msg
[0.693s] -- Up-to-date: /home/gursel/robotics_ws/install/controller_manager_msgs/share/controller_manager_msgs/srv/LoadController_Response.msg
[0.693s] -- Up-to-date: /home/gursel/robotics_ws/install/controller_manager_msgs/share/controller_manager_msgs/srv/ReloadControllerLibraries.srv
[0.693s] -- Up-to-date: /home/gursel/robotics_ws/install/controller_manager_msgs/share/controller_manager_msgs/srv/ReloadControllerLibraries_Request.msg
[0.693s] -- Up-to-date: /home/gursel/robotics_ws/install/controller_manager_msgs/share/controller_manager_msgs/srv/ReloadControllerLibraries_Response.msg
[0.693s] -- Up-to-date: /home/gursel/robotics_ws/install/controller_manager_msgs/share/controller_manager_msgs/srv/SetHardwareComponentState.srv
[0.694s] -- Up-to-date: /home/gursel/robotics_ws/install/controller_manager_msgs/share/controller_manager_msgs/srv/SetHardwareComponentState_Request.msg
[0.694s] -- Up-to-date: /home/gursel/robotics_ws/install/controller_manager_msgs/share/controller_manager_msgs/srv/SetHardwareComponentState_Response.msg
[0.694s] -- Up-to-date: /home/gursel/robotics_ws/install/controller_manager_msgs/share/controller_manager_msgs/srv/SwitchController.srv
[0.694s] -- Up-to-date: /home/gursel/robotics_ws/install/controller_manager_msgs/share/controller_manager_msgs/srv/SwitchController_Request.msg
[0.694s] -- Up-to-date: /home/gursel/robotics_ws/install/controller_manager_msgs/share/controller_manager_msgs/srv/SwitchController_Response.msg
[0.694s] -- Up-to-date: /home/gursel/robotics_ws/install/controller_manager_msgs/share/controller_manager_msgs/srv/UnloadController.srv
[0.694s] -- Up-to-date: /home/gursel/robotics_ws/install/controller_manager_msgs/share/controller_manager_msgs/srv/UnloadController_Request.msg
[0.694s] -- Up-to-date: /home/gursel/robotics_ws/install/controller_manager_msgs/share/controller_manager_msgs/srv/UnloadController_Response.msg
[0.694s] -- Up-to-date: /home/gursel/robotics_ws/install/controller_manager_msgs/share/ament_index/resource_index/package_run_dependencies/controller_manager_msgs
[0.694s] -- Up-to-date: /home/gursel/robotics_ws/install/controller_manager_msgs/share/ament_index/resource_index/parent_prefix_path/controller_manager_msgs
[0.695s] -- Up-to-date: /home/gursel/robotics_ws/install/controller_manager_msgs/share/controller_manager_msgs/environment/ament_prefix_path.sh
[0.696s] -- Up-to-date: /home/gursel/robotics_ws/install/controller_manager_msgs/share/controller_manager_msgs/environment/ament_prefix_path.dsv
[0.696s] -- Up-to-date: /home/gursel/robotics_ws/install/controller_manager_msgs/share/controller_manager_msgs/environment/path.sh
[0.696s] -- Up-to-date: /home/gursel/robotics_ws/install/controller_manager_msgs/share/controller_manager_msgs/environment/path.dsv
[0.696s] -- Up-to-date: /home/gursel/robotics_ws/install/controller_manager_msgs/share/controller_manager_msgs/local_setup.bash
[0.696s] -- Up-to-date: /home/gursel/robotics_ws/install/controller_manager_msgs/share/controller_manager_msgs/local_setup.sh
[0.696s] -- Up-to-date: /home/gursel/robotics_ws/install/controller_manager_msgs/share/controller_manager_msgs/local_setup.zsh
[0.696s] -- Up-to-date: /home/gursel/robotics_ws/install/controller_manager_msgs/share/controller_manager_msgs/local_setup.dsv
[0.696s] -- Installing: /home/gursel/robotics_ws/install/controller_manager_msgs/share/controller_manager_msgs/package.dsv
[0.696s] -- Up-to-date: /home/gursel/robotics_ws/install/controller_manager_msgs/share/ament_index/resource_index/packages/controller_manager_msgs
[0.696s] -- Up-to-date: /home/gursel/robotics_ws/install/controller_manager_msgs/share/controller_manager_msgs/cmake/export_controller_manager_msgs__rosidl_generator_cExport.cmake
[0.696s] -- Up-to-date: /home/gursel/robotics_ws/install/controller_manager_msgs/share/controller_manager_msgs/cmake/export_controller_manager_msgs__rosidl_generator_cExport-noconfig.cmake
[0.696s] -- Up-to-date: /home/gursel/robotics_ws/install/controller_manager_msgs/share/controller_manager_msgs/cmake/export_controller_manager_msgs__rosidl_typesupport_fastrtps_cExport.cmake
[0.696s] -- Up-to-date: /home/gursel/robotics_ws/install/controller_manager_msgs/share/controller_manager_msgs/cmake/export_controller_manager_msgs__rosidl_typesupport_fastrtps_cExport-noconfig.cmake
[0.696s] -- Up-to-date: /home/gursel/robotics_ws/install/controller_manager_msgs/share/controller_manager_msgs/cmake/export_controller_manager_msgs__rosidl_generator_cppExport.cmake
[0.696s] -- Up-to-date: /home/gursel/robotics_ws/install/controller_manager_msgs/share/controller_manager_msgs/cmake/export_controller_manager_msgs__rosidl_typesupport_fastrtps_cppExport.cmake
[0.696s] -- Up-to-date: /home/gursel/robotics_ws/install/controller_manager_msgs/share/controller_manager_msgs/cmake/export_controller_manager_msgs__rosidl_typesupport_fastrtps_cppExport-noconfig.cmake
[0.697s] -- Up-to-date: /home/gursel/robotics_ws/install/controller_manager_msgs/share/controller_manager_msgs/cmake/controller_manager_msgs__rosidl_typesupport_introspection_cExport.cmake
[0.697s] -- Up-to-date: /home/gursel/robotics_ws/install/controller_manager_msgs/share/controller_manager_msgs/cmake/controller_manager_msgs__rosidl_typesupport_introspection_cExport-noconfig.cmake
[0.697s] -- Up-to-date: /home/gursel/robotics_ws/install/controller_manager_msgs/share/controller_manager_msgs/cmake/controller_manager_msgs__rosidl_typesupport_cExport.cmake
[0.697s] -- Up-to-date: /home/gursel/robotics_ws/install/controller_manager_msgs/share/controller_manager_msgs/cmake/controller_manager_msgs__rosidl_typesupport_cExport-noconfig.cmake
[0.697s] -- Up-to-date: /home/gursel/robotics_ws/install/controller_manager_msgs/share/controller_manager_msgs/cmake/controller_manager_msgs__rosidl_typesupport_introspection_cppExport.cmake
[0.697s] -- Up-to-date: /home/gursel/robotics_ws/install/controller_manager_msgs/share/controller_manager_msgs/cmake/controller_manager_msgs__rosidl_typesupport_introspection_cppExport-noconfig.cmake
[0.697s] -- Up-to-date: /home/gursel/robotics_ws/install/controller_manager_msgs/share/controller_manager_msgs/cmake/controller_manager_msgs__rosidl_typesupport_cppExport.cmake
[0.697s] -- Up-to-date: /home/gursel/robotics_ws/install/controller_manager_msgs/share/controller_manager_msgs/cmake/controller_manager_msgs__rosidl_typesupport_cppExport-noconfig.cmake
[0.697s] -- Up-to-date: /home/gursel/robotics_ws/install/controller_manager_msgs/share/controller_manager_msgs/cmake/export_controller_manager_msgs__rosidl_generator_pyExport.cmake
[0.697s] -- Up-to-date: /home/gursel/robotics_ws/install/controller_manager_msgs/share/controller_manager_msgs/cmake/export_controller_manager_msgs__rosidl_generator_pyExport-noconfig.cmake
[0.697s] -- Up-to-date: /home/gursel/robotics_ws/install/controller_manager_msgs/share/controller_manager_msgs/cmake/rosidl_cmake-extras.cmake
[0.697s] -- Up-to-date: /home/gursel/robotics_ws/install/controller_manager_msgs/share/controller_manager_msgs/cmake/ament_cmake_export_dependencies-extras.cmake
[0.697s] -- Up-to-date: /home/gursel/robotics_ws/install/controller_manager_msgs/share/controller_manager_msgs/cmake/ament_cmake_export_include_directories-extras.cmake
[0.697s] -- Up-to-date: /home/gursel/robotics_ws/install/controller_manager_msgs/share/controller_manager_msgs/cmake/ament_cmake_export_libraries-extras.cmake
[0.697s] -- Up-to-date: /home/gursel/robotics_ws/install/controller_manager_msgs/share/controller_manager_msgs/cmake/ament_cmake_export_targets-extras.cmake
[0.697s] -- Up-to-date: /home/gursel/robotics_ws/install/controller_manager_msgs/share/controller_manager_msgs/cmake/rosidl_cmake_export_typesupport_targets-extras.cmake
[0.697s] -- Up-to-date: /home/gursel/robotics_ws/install/controller_manager_msgs/share/controller_manager_msgs/cmake/rosidl_cmake_export_typesupport_libraries-extras.cmake
[0.697s] -- Up-to-date: /home/gursel/robotics_ws/install/controller_manager_msgs/share/controller_manager_msgs/cmake/controller_manager_msgsConfig.cmake
[0.697s] -- Up-to-date: /home/gursel/robotics_ws/install/controller_manager_msgs/share/controller_manager_msgs/cmake/controller_manager_msgsConfig-version.cmake
[0.697s] -- Up-to-date: /home/gursel/robotics_ws/install/controller_manager_msgs/share/controller_manager_msgs/package.xml
[0.701s] Invoked command in '/home/gursel/robotics_ws/build/controller_manager_msgs' returned '0': CMAKE_PREFIX_PATH=${CMAKE_PREFIX_PATH}:/home/gursel/robotics_ws/install/rqt_controller_manager:/home/gursel/robotics_ws/install/ros2controlcli:/home/gursel/robotics_ws/install/robotic_arm:/opt/ros/humble /usr/bin/cmake --install /home/gursel/robotics_ws/build/controller_manager_msgs
