[0.009s] Invoking command in '/home/gursel/robotics_ws/build/controller_interface': AMENT_PREFIX_PATH=/home/gursel/robotics_ws/install/hardware_interface:${AMENT_PREFIX_PATH} CMAKE_PREFIX_PATH=/home/gursel/robotics_ws/install/hardware_interface:/opt/ros/humble LD_LIBRARY_PATH=/home/gursel/robotics_ws/install/hardware_interface/lib:${LD_LIBRARY_PATH} /usr/bin/cmake /home/gursel/robotics_ws/src/ros2_control/controller_interface -DCMAKE_INSTALL_PREFIX=/home/gursel/robotics_ws/install/controller_interface
[0.047s] -- The C compiler identification is GNU 11.3.0
[0.087s] -- The CXX compiler identification is GNU 11.3.0
[0.092s] -- Detecting C compiler ABI info
[0.139s] -- Detecting C compiler ABI info - done
[0.145s] -- Check for working C compiler: /usr/bin/cc - skipped
[0.145s] -- Detecting C compile features
[0.145s] -- Detecting C compile features - done
[0.148s] -- Detecting CXX compiler ABI info
[0.202s] -- Detecting CXX compiler ABI info - done
[0.208s] -- Check for working CXX compiler: /usr/bin/c++ - skipped
[0.209s] -- Detecting CXX compile features
[0.209s] -- Detecting CXX compile features - done
[0.211s] -- Found ament_cmake: 1.3.3 (/opt/ros/humble/share/ament_cmake/cmake)
[0.347s] -- Found Python3: /usr/bin/python3.10 (found version "3.10.6") found components: Interpreter 
[0.414s] -- Found hardware_interface: 2.23.0 (/home/gursel/robotics_ws/install/hardware_interface/share/hardware_interface/cmake)
[0.445s] -- Found rosidl_generator_c: 3.1.4 (/opt/ros/humble/share/rosidl_generator_c/cmake)
[0.448s] -- Found rosidl_adapter: 3.1.4 (/opt/ros/humble/share/rosidl_adapter/cmake)
[0.455s] -- Found rosidl_generator_cpp: 3.1.4 (/opt/ros/humble/share/rosidl_generator_cpp/cmake)
[0.466s] -- Using all available rosidl_typesupport_c: rosidl_typesupport_fastrtps_c;rosidl_typesupport_introspection_c
[0.481s] -- Using all available rosidl_typesupport_cpp: rosidl_typesupport_fastrtps_cpp;rosidl_typesupport_introspection_cpp
[1.080s] -- Found rmw_implementation_cmake: 6.1.1 (/opt/ros/humble/share/rmw_implementation_cmake/cmake)
[1.082s] -- Found rmw_cyclonedds_cpp: 1.3.4 (/opt/ros/humble/share/rmw_cyclonedds_cpp/cmake)
[1.110s] -- Using RMW implementation 'rmw_cyclonedds_cpp' as default
[1.117s] -- Looking for pthread.h
[1.167s] -- Looking for pthread.h - found
[1.167s] -- Performing Test CMAKE_HAVE_LIBC_PTHREAD
[1.217s] -- Performing Test CMAKE_HAVE_LIBC_PTHREAD - Success
[1.218s] -- Found Threads: TRUE  
[1.426s] -- Found ament_cmake_gmock: 1.3.3 (/opt/ros/humble/share/ament_cmake_gmock/cmake)
[1.427s] -- Found gmock sources under '/opt/ros/humble/src/gmock_vendor': C++ tests using 'Google Mock' will be built
[1.431s] -- Found ament_cmake_gtest: 1.3.3 (/opt/ros/humble/share/ament_cmake_gtest/cmake)
[1.432s] -- Found gtest sources under '/opt/ros/humble/src/gtest_vendor': C++ tests using 'Google Test' will be built
[1.715s] -- Configuring done
[1.799s] -- Generating done
[1.801s] -- Build files have been written to: /home/gursel/robotics_ws/build/controller_interface
[1.810s] Invoked command in '/home/gursel/robotics_ws/build/controller_interface' returned '0': AMENT_PREFIX_PATH=/home/gursel/robotics_ws/install/hardware_interface:${AMENT_PREFIX_PATH} CMAKE_PREFIX_PATH=/home/gursel/robotics_ws/install/hardware_interface:/opt/ros/humble LD_LIBRARY_PATH=/home/gursel/robotics_ws/install/hardware_interface/lib:${LD_LIBRARY_PATH} /usr/bin/cmake /home/gursel/robotics_ws/src/ros2_control/controller_interface -DCMAKE_INSTALL_PREFIX=/home/gursel/robotics_ws/install/controller_interface
[1.811s] Invoking command in '/home/gursel/robotics_ws/build/controller_interface': AMENT_PREFIX_PATH=/home/gursel/robotics_ws/install/hardware_interface:${AMENT_PREFIX_PATH} CMAKE_PREFIX_PATH=/home/gursel/robotics_ws/install/hardware_interface:/opt/ros/humble LD_LIBRARY_PATH=/home/gursel/robotics_ws/install/hardware_interface/lib:${LD_LIBRARY_PATH} /usr/bin/cmake --build /home/gursel/robotics_ws/build/controller_interface -- -j8 -l8
[1.847s] [  4%] [32mBuilding CXX object gmock/CMakeFiles/gmock.dir/opt/ros/humble/src/gtest_vendor/src/gtest-all.cc.o[0m
[1.849s] [ 19%] [32mBuilding CXX object CMakeFiles/controller_interface.dir/src/chainable_controller_interface.cpp.o[0m
[1.849s] [ 19%] [32mBuilding CXX object gmock/CMakeFiles/gmock_main.dir/src/gmock_main.cc.o[0m
[1.849s] [ 19%] [32mBuilding CXX object CMakeFiles/controller_interface.dir/src/controller_interface.cpp.o[0m
[1.849s] [ 23%] [32mBuilding CXX object gmock/CMakeFiles/gmock.dir/src/gmock-all.cc.o[0m
[1.857s] [ 28%] [32mBuilding CXX object CMakeFiles/controller_interface.dir/src/controller_interface_base.cpp.o[0m
[4.634s] [ 33%] [32m[1mLinking CXX static library libgmock_main.a[0m
[4.779s] [ 33%] Built target gmock_main
[7.199s] [ 38%] [32m[1mLinking CXX shared library libcontroller_interface.so[0m
[7.335s] [ 38%] Built target controller_interface
[7.571s] [ 42%] [32m[1mLinking CXX static library libgmock.a[0m
[7.616s] [ 42%] Built target gmock
[7.637s] [ 66%] [32mBuilding CXX object CMakeFiles/test_controller_with_options.dir/test/test_controller_with_options.cpp.o[0m
[7.637s] [ 66%] [32mBuilding CXX object CMakeFiles/test_chainable_controller_interface.dir/test/test_chainable_controller_interface.cpp.o[0m
[7.637s] [ 66%] [32mBuilding CXX object CMakeFiles/test_controller_interface.dir/test/test_controller_interface.cpp.o[0m
[7.637s] [ 66%] [32mBuilding CXX object CMakeFiles/test_force_torque_sensor.dir/test/test_force_torque_sensor.cpp.o[0m
[7.637s] [ 66%] [32mBuilding CXX object CMakeFiles/test_semantic_component_interface.dir/test/test_semantic_component_interface.cpp.o[0m
[7.646s] [ 71%] [32mBuilding CXX object CMakeFiles/test_imu_sensor.dir/test/test_imu_sensor.cpp.o[0m
[11.226s] [ 76%] [32m[1mLinking CXX executable test_semantic_component_interface[0m
[11.488s] [ 80%] [32m[1mLinking CXX executable test_force_torque_sensor[0m
[11.602s] [ 85%] [32m[1mLinking CXX executable test_imu_sensor[0m
[12.134s] [ 85%] Built target test_semantic_component_interface
[12.151s] [ 85%] Built target test_force_torque_sensor
[12.429s] [ 85%] Built target test_imu_sensor
[13.246s] [ 90%] [32m[1mLinking CXX executable test_controller_with_options[0m
[13.827s] [ 90%] Built target test_controller_with_options
[14.532s] [ 95%] [32m[1mLinking CXX executable test_chainable_controller_interface[0m
[14.817s] [ 95%] Built target test_chainable_controller_interface
[15.313s] [100%] [32m[1mLinking CXX executable test_controller_interface[0m
[15.617s] [100%] Built target test_controller_interface
[15.627s] Invoked command in '/home/gursel/robotics_ws/build/controller_interface' returned '0': AMENT_PREFIX_PATH=/home/gursel/robotics_ws/install/hardware_interface:${AMENT_PREFIX_PATH} CMAKE_PREFIX_PATH=/home/gursel/robotics_ws/install/hardware_interface:/opt/ros/humble LD_LIBRARY_PATH=/home/gursel/robotics_ws/install/hardware_interface/lib:${LD_LIBRARY_PATH} /usr/bin/cmake --build /home/gursel/robotics_ws/build/controller_interface -- -j8 -l8
[15.659s] Invoking command in '/home/gursel/robotics_ws/build/controller_interface': AMENT_PREFIX_PATH=/home/gursel/robotics_ws/install/hardware_interface:${AMENT_PREFIX_PATH} CMAKE_PREFIX_PATH=/home/gursel/robotics_ws/install/hardware_interface:/opt/ros/humble LD_LIBRARY_PATH=/home/gursel/robotics_ws/install/hardware_interface/lib:${LD_LIBRARY_PATH} /usr/bin/cmake --install /home/gursel/robotics_ws/build/controller_interface
[15.667s] -- Install configuration: ""
[15.667s] -- Installing: /home/gursel/robotics_ws/install/controller_interface/include
[15.667s] -- Installing: /home/gursel/robotics_ws/install/controller_interface/include/semantic_components
[15.667s] -- Installing: /home/gursel/robotics_ws/install/controller_interface/include/semantic_components/imu_sensor.hpp
[15.667s] -- Installing: /home/gursel/robotics_ws/install/controller_interface/include/semantic_components/semantic_component_interface.hpp
[15.667s] -- Installing: /home/gursel/robotics_ws/install/controller_interface/include/semantic_components/force_torque_sensor.hpp
[15.667s] -- Installing: /home/gursel/robotics_ws/install/controller_interface/include/controller_interface
[15.667s] -- Installing: /home/gursel/robotics_ws/install/controller_interface/include/controller_interface/controller_interface.hpp
[15.667s] -- Installing: /home/gursel/robotics_ws/install/controller_interface/include/controller_interface/chainable_controller_interface.hpp
[15.667s] -- Installing: /home/gursel/robotics_ws/install/controller_interface/include/controller_interface/visibility_control.h
[15.668s] -- Installing: /home/gursel/robotics_ws/install/controller_interface/include/controller_interface/helpers.hpp
[15.668s] -- Installing: /home/gursel/robotics_ws/install/controller_interface/include/controller_interface/controller_interface_base.hpp
[15.668s] -- Installing: /home/gursel/robotics_ws/install/controller_interface/lib/libcontroller_interface.so
[15.668s] -- Set runtime path of "/home/gursel/robotics_ws/install/controller_interface/lib/libcontroller_interface.so" to ""
[15.668s] -- Installing: /home/gursel/robotics_ws/install/controller_interface/share/controller_interface/environment/library_path.sh
[15.668s] -- Installing: /home/gursel/robotics_ws/install/controller_interface/share/controller_interface/environment/library_path.dsv
[15.668s] -- Installing: /home/gursel/robotics_ws/install/controller_interface/share/ament_index/resource_index/package_run_dependencies/controller_interface
[15.669s] -- Installing: /home/gursel/robotics_ws/install/controller_interface/share/ament_index/resource_index/parent_prefix_path/controller_interface
[15.669s] -- Installing: /home/gursel/robotics_ws/install/controller_interface/share/controller_interface/environment/ament_prefix_path.sh
[15.669s] -- Installing: /home/gursel/robotics_ws/install/controller_interface/share/controller_interface/environment/ament_prefix_path.dsv
[15.669s] -- Installing: /home/gursel/robotics_ws/install/controller_interface/share/controller_interface/environment/path.sh
[15.669s] -- Installing: /home/gursel/robotics_ws/install/controller_interface/share/controller_interface/environment/path.dsv
[15.669s] -- Installing: /home/gursel/robotics_ws/install/controller_interface/share/controller_interface/local_setup.bash
[15.669s] -- Installing: /home/gursel/robotics_ws/install/controller_interface/share/controller_interface/local_setup.sh
[15.669s] -- Installing: /home/gursel/robotics_ws/install/controller_interface/share/controller_interface/local_setup.zsh
[15.669s] -- Installing: /home/gursel/robotics_ws/install/controller_interface/share/controller_interface/local_setup.dsv
[15.669s] -- Installing: /home/gursel/robotics_ws/install/controller_interface/share/controller_interface/package.dsv
[15.670s] -- Installing: /home/gursel/robotics_ws/install/controller_interface/share/ament_index/resource_index/packages/controller_interface
[15.670s] -- Installing: /home/gursel/robotics_ws/install/controller_interface/share/controller_interface/cmake/ament_cmake_export_dependencies-extras.cmake
[15.670s] -- Installing: /home/gursel/robotics_ws/install/controller_interface/share/controller_interface/cmake/ament_cmake_export_include_directories-extras.cmake
[15.670s] -- Installing: /home/gursel/robotics_ws/install/controller_interface/share/controller_interface/cmake/ament_cmake_export_libraries-extras.cmake
[15.670s] -- Installing: /home/gursel/robotics_ws/install/controller_interface/share/controller_interface/cmake/controller_interfaceConfig.cmake
[15.670s] -- Installing: /home/gursel/robotics_ws/install/controller_interface/share/controller_interface/cmake/controller_interfaceConfig-version.cmake
[15.670s] -- Installing: /home/gursel/robotics_ws/install/controller_interface/share/controller_interface/package.xml
[15.676s] Invoked command in '/home/gursel/robotics_ws/build/controller_interface' returned '0': AMENT_PREFIX_PATH=/home/gursel/robotics_ws/install/hardware_interface:${AMENT_PREFIX_PATH} CMAKE_PREFIX_PATH=/home/gursel/robotics_ws/install/hardware_interface:/opt/ros/humble LD_LIBRARY_PATH=/home/gursel/robotics_ws/install/hardware_interface/lib:${LD_LIBRARY_PATH} /usr/bin/cmake --install /home/gursel/robotics_ws/build/controller_interface
