[0.842s] Invoking command in '/home/gursel/robotics_ws/src/ros2_control/rqt_controller_manager': CMAKE_PREFIX_PATH=/home/gursel/robotics_ws/install/controller_manager_msgs:/home/gursel/robotics_ws/install/ros2_control:/home/gursel/robotics_ws/install/transmission_interface:/home/gursel/robotics_ws/install/controller_manager:/home/gursel/robotics_ws/install/ros2_control_test_assets:/home/gursel/robotics_ws/install/joint_limits:/home/gursel/robotics_ws/install/controller_interface:/home/gursel/robotics_ws/install/hardware_interface LD_LIBRARY_PATH=/home/gursel/robotics_ws/install/controller_manager_msgs/lib:/usr/local/cuda/lib64:/home/gursel/robotics_ws/install/transmission_interface/lib:/home/gursel/robotics_ws/install/controller_manager/lib:/home/gursel/robotics_ws/install/controller_interface/lib:/home/gursel/robotics_ws/install/hardware_interface/lib:/usr/local/cuda/lib64:/opt/ros/humble/opt/rviz_ogre_vendor/lib:/opt/ros/humble/lib/x86_64-linux-gnu:/opt/ros/humble/lib PYTHONPATH=/home/gursel/robotics_ws/build/rqt_controller_manager/prefix_override:/home/gursel/robotics_ws/install/rqt_controller_manager/lib/python3.10/site-packages:${PYTHONPATH} /usr/bin/python3 setup.py egg_info --egg-base ../../../build/rqt_controller_manager build --build-base /home/gursel/robotics_ws/build/rqt_controller_manager/build install --record /home/gursel/robotics_ws/build/rqt_controller_manager/install.log --single-version-externally-managed
[1.077s] running egg_info
[1.077s] writing ../../../build/rqt_controller_manager/rqt_controller_manager.egg-info/PKG-INFO
[1.077s] writing dependency_links to ../../../build/rqt_controller_manager/rqt_controller_manager.egg-info/dependency_links.txt
[1.077s] writing entry points to ../../../build/rqt_controller_manager/rqt_controller_manager.egg-info/entry_points.txt
[1.077s] writing requirements to ../../../build/rqt_controller_manager/rqt_controller_manager.egg-info/requires.txt
[1.078s] writing top-level names to ../../../build/rqt_controller_manager/rqt_controller_manager.egg-info/top_level.txt
[1.079s] reading manifest file '../../../build/rqt_controller_manager/rqt_controller_manager.egg-info/SOURCES.txt'
[1.080s] writing manifest file '../../../build/rqt_controller_manager/rqt_controller_manager.egg-info/SOURCES.txt'
[1.080s] running build
[1.080s] running build_py
[1.081s] running install
[1.081s] running install_lib
[1.082s] running install_data
[1.083s] running install_egg_info
[1.084s] removing '/home/gursel/robotics_ws/install/rqt_controller_manager/lib/python3.10/site-packages/rqt_controller_manager-2.23.0-py3.10.egg-info' (and everything under it)
[1.084s] Copying ../../../build/rqt_controller_manager/rqt_controller_manager.egg-info to /home/gursel/robotics_ws/install/rqt_controller_manager/lib/python3.10/site-packages/rqt_controller_manager-2.23.0-py3.10.egg-info
[1.085s] running install_scripts
[1.100s] Installing rqt_controller_manager script to /home/gursel/robotics_ws/install/rqt_controller_manager/lib/rqt_controller_manager
[1.100s] writing list of installed files to '/home/gursel/robotics_ws/build/rqt_controller_manager/install.log'
[1.122s] Invoked command in '/home/gursel/robotics_ws/src/ros2_control/rqt_controller_manager' returned '0': CMAKE_PREFIX_PATH=/home/gursel/robotics_ws/install/controller_manager_msgs:/home/gursel/robotics_ws/install/ros2_control:/home/gursel/robotics_ws/install/transmission_interface:/home/gursel/robotics_ws/install/controller_manager:/home/gursel/robotics_ws/install/ros2_control_test_assets:/home/gursel/robotics_ws/install/joint_limits:/home/gursel/robotics_ws/install/controller_interface:/home/gursel/robotics_ws/install/hardware_interface LD_LIBRARY_PATH=/home/gursel/robotics_ws/install/controller_manager_msgs/lib:/usr/local/cuda/lib64:/home/gursel/robotics_ws/install/transmission_interface/lib:/home/gursel/robotics_ws/install/controller_manager/lib:/home/gursel/robotics_ws/install/controller_interface/lib:/home/gursel/robotics_ws/install/hardware_interface/lib:/usr/local/cuda/lib64:/opt/ros/humble/opt/rviz_ogre_vendor/lib:/opt/ros/humble/lib/x86_64-linux-gnu:/opt/ros/humble/lib PYTHONPATH=/home/gursel/robotics_ws/build/rqt_controller_manager/prefix_override:/home/gursel/robotics_ws/install/rqt_controller_manager/lib/python3.10/site-packages:${PYTHONPATH} /usr/bin/python3 setup.py egg_info --egg-base ../../../build/rqt_controller_manager build --build-base /home/gursel/robotics_ws/build/rqt_controller_manager/build install --record /home/gursel/robotics_ws/build/rqt_controller_manager/install.log --single-version-externally-managed
