[0.017s] Invoking command in '/home/gursel/robotics_ws/build/hardware_interface': CMAKE_PREFIX_PATH=/home/gursel/robotics_ws/install/ros2_control_test_assets:/home/gursel/robotics_ws/install/gazebo_ros2_control_demos:/home/gursel/robotics_ws/install/ros2_control:/home/gursel/robotics_ws/install/transmission_interface:/home/gursel/robotics_ws/install/gazebo_ros2_control:/home/gursel/robotics_ws/install/controller_manager:/home/gursel/robotics_ws/install/joint_limits:/home/gursel/robotics_ws/install/controller_interface:/home/gursel/robotics_ws/install/hardware_interface:/home/gursel/robotics_ws/install/controller_manager_msgs:/home/gursel/robotics_ws/install/rqt_controller_manager:/home/gursel/robotics_ws/install/ros2controlcli:/home/gursel/robotics_ws/install/robotic_arm:/opt/ros/humble /usr/bin/cmake --build /home/gursel/robotics_ws/build/hardware_interface -- -j8 -l8
[0.056s] [  8%] Built target gmock
[0.056s] [ 13%] Built target gmock_main
[0.056s] [ 29%] Built target hardware_interface
[0.084s] [ 35%] Built target test_macros
[0.084s] [ 40%] Built target test_joint_handle
[0.084s] [ 45%] Built target mock_components
[0.086s] [ 51%] Built target test_component_parser
[0.089s] [ 56%] Built target test_component_interfaces
[0.090s] [ 64%] Built target fake_components
[0.091s] [ 75%] Built target test_components
[0.092s] [ 89%] Built target test_hardware_components
[0.105s] [ 94%] Built target test_generic_system
[0.105s] [100%] Built target test_resource_manager
[0.112s] Invoked command in '/home/gursel/robotics_ws/build/hardware_interface' returned '0': CMAKE_PREFIX_PATH=/home/gursel/robotics_ws/install/ros2_control_test_assets:/home/gursel/robotics_ws/install/gazebo_ros2_control_demos:/home/gursel/robotics_ws/install/ros2_control:/home/gursel/robotics_ws/install/transmission_interface:/home/gursel/robotics_ws/install/gazebo_ros2_control:/home/gursel/robotics_ws/install/controller_manager:/home/gursel/robotics_ws/install/joint_limits:/home/gursel/robotics_ws/install/controller_interface:/home/gursel/robotics_ws/install/hardware_interface:/home/gursel/robotics_ws/install/controller_manager_msgs:/home/gursel/robotics_ws/install/rqt_controller_manager:/home/gursel/robotics_ws/install/ros2controlcli:/home/gursel/robotics_ws/install/robotic_arm:/opt/ros/humble /usr/bin/cmake --build /home/gursel/robotics_ws/build/hardware_interface -- -j8 -l8
[0.161s] Invoking command in '/home/gursel/robotics_ws/build/hardware_interface': CMAKE_PREFIX_PATH=/home/gursel/robotics_ws/install/ros2_control_test_assets:/home/gursel/robotics_ws/install/gazebo_ros2_control_demos:/home/gursel/robotics_ws/install/ros2_control:/home/gursel/robotics_ws/install/transmission_interface:/home/gursel/robotics_ws/install/gazebo_ros2_control:/home/gursel/robotics_ws/install/controller_manager:/home/gursel/robotics_ws/install/joint_limits:/home/gursel/robotics_ws/install/controller_interface:/home/gursel/robotics_ws/install/hardware_interface:/home/gursel/robotics_ws/install/controller_manager_msgs:/home/gursel/robotics_ws/install/rqt_controller_manager:/home/gursel/robotics_ws/install/ros2controlcli:/home/gursel/robotics_ws/install/robotic_arm:/opt/ros/humble /usr/bin/cmake --install /home/gursel/robotics_ws/build/hardware_interface
[0.167s] -- Install configuration: ""
[0.167s] -- Up-to-date: /home/gursel/robotics_ws/install/hardware_interface/share/hardware_interface/mock_components_plugin_description.xml
[0.167s] -- Up-to-date: /home/gursel/robotics_ws/install/hardware_interface/share/hardware_interface/fake_components_plugin_description.xml
[0.167s] -- Up-to-date: /home/gursel/robotics_ws/install/hardware_interface/include
[0.167s] -- Up-to-date: /home/gursel/robotics_ws/install/hardware_interface/include/hardware_interface
[0.167s] -- Up-to-date: /home/gursel/robotics_ws/install/hardware_interface/include/hardware_interface/hardware_component_info.hpp
[0.167s] -- Up-to-date: /home/gursel/robotics_ws/install/hardware_interface/include/hardware_interface/types
[0.167s] -- Up-to-date: /home/gursel/robotics_ws/install/hardware_interface/include/hardware_interface/types/hardware_interface_type_values.hpp
[0.168s] -- Up-to-date: /home/gursel/robotics_ws/install/hardware_interface/include/hardware_interface/types/lifecycle_state_names.hpp
[0.168s] -- Up-to-date: /home/gursel/robotics_ws/install/hardware_interface/include/hardware_interface/types/hardware_interface_return_values.hpp
[0.168s] -- Up-to-date: /home/gursel/robotics_ws/install/hardware_interface/include/hardware_interface/system.hpp
[0.168s] -- Up-to-date: /home/gursel/robotics_ws/install/hardware_interface/include/hardware_interface/hardware_info.hpp
[0.168s] -- Up-to-date: /home/gursel/robotics_ws/install/hardware_interface/include/hardware_interface/controller_info.hpp
[0.168s] -- Up-to-date: /home/gursel/robotics_ws/install/hardware_interface/include/hardware_interface/actuator.hpp
[0.168s] -- Up-to-date: /home/gursel/robotics_ws/install/hardware_interface/include/hardware_interface/visibility_control.h
[0.168s] -- Up-to-date: /home/gursel/robotics_ws/install/hardware_interface/include/hardware_interface/macros.hpp
[0.168s] -- Up-to-date: /home/gursel/robotics_ws/install/hardware_interface/include/hardware_interface/system_interface.hpp
[0.169s] -- Up-to-date: /home/gursel/robotics_ws/install/hardware_interface/include/hardware_interface/actuator_interface.hpp
[0.169s] -- Up-to-date: /home/gursel/robotics_ws/install/hardware_interface/include/hardware_interface/sensor.hpp
[0.169s] -- Up-to-date: /home/gursel/robotics_ws/install/hardware_interface/include/hardware_interface/loaned_state_interface.hpp
[0.169s] -- Up-to-date: /home/gursel/robotics_ws/install/hardware_interface/include/hardware_interface/loaned_command_interface.hpp
[0.169s] -- Up-to-date: /home/gursel/robotics_ws/install/hardware_interface/include/hardware_interface/handle.hpp
[0.169s] -- Up-to-date: /home/gursel/robotics_ws/install/hardware_interface/include/hardware_interface/sensor_interface.hpp
[0.169s] -- Up-to-date: /home/gursel/robotics_ws/install/hardware_interface/include/hardware_interface/component_parser.hpp
[0.169s] -- Up-to-date: /home/gursel/robotics_ws/install/hardware_interface/include/hardware_interface/resource_manager.hpp
[0.169s] -- Up-to-date: /home/gursel/robotics_ws/install/hardware_interface/include/fake_components
[0.169s] -- Up-to-date: /home/gursel/robotics_ws/install/hardware_interface/include/fake_components/visibility_control.h
[0.169s] -- Up-to-date: /home/gursel/robotics_ws/install/hardware_interface/include/fake_components/generic_system.hpp
[0.169s] -- Up-to-date: /home/gursel/robotics_ws/install/hardware_interface/include/mock_components
[0.169s] -- Up-to-date: /home/gursel/robotics_ws/install/hardware_interface/include/mock_components/visibility_control.h
[0.169s] -- Up-to-date: /home/gursel/robotics_ws/install/hardware_interface/include/mock_components/generic_system.hpp
[0.169s] -- Up-to-date: /home/gursel/robotics_ws/install/hardware_interface/lib/libfake_components.so
[0.169s] -- Up-to-date: /home/gursel/robotics_ws/install/hardware_interface/lib/libmock_components.so
[0.170s] -- Up-to-date: /home/gursel/robotics_ws/install/hardware_interface/lib/libhardware_interface.so
[0.170s] -- Up-to-date: /home/gursel/robotics_ws/install/hardware_interface/lib/libtest_components.so
[0.170s] -- Up-to-date: /home/gursel/robotics_ws/install/hardware_interface/share/hardware_interface/test/test_components/test_components.xml
[0.170s] -- Up-to-date: /home/gursel/robotics_ws/install/hardware_interface/lib/libtest_hardware_components.so
[0.170s] -- Up-to-date: /home/gursel/robotics_ws/install/hardware_interface/share/hardware_interface/test/test_hardware_components/test_hardware_components.xml
[0.170s] -- Up-to-date: /home/gursel/robotics_ws/install/hardware_interface/share/hardware_interface/environment/library_path.sh
[0.170s] -- Up-to-date: /home/gursel/robotics_ws/install/hardware_interface/share/hardware_interface/environment/library_path.dsv
[0.170s] -- Up-to-date: /home/gursel/robotics_ws/install/hardware_interface/share/ament_index/resource_index/package_run_dependencies/hardware_interface
[0.170s] -- Up-to-date: /home/gursel/robotics_ws/install/hardware_interface/share/ament_index/resource_index/parent_prefix_path/hardware_interface
[0.170s] -- Up-to-date: /home/gursel/robotics_ws/install/hardware_interface/share/hardware_interface/environment/ament_prefix_path.sh
[0.170s] -- Up-to-date: /home/gursel/robotics_ws/install/hardware_interface/share/hardware_interface/environment/ament_prefix_path.dsv
[0.170s] -- Up-to-date: /home/gursel/robotics_ws/install/hardware_interface/share/hardware_interface/environment/path.sh
[0.170s] -- Up-to-date: /home/gursel/robotics_ws/install/hardware_interface/share/hardware_interface/environment/path.dsv
[0.170s] -- Up-to-date: /home/gursel/robotics_ws/install/hardware_interface/share/hardware_interface/local_setup.bash
[0.170s] -- Up-to-date: /home/gursel/robotics_ws/install/hardware_interface/share/hardware_interface/local_setup.sh
[0.170s] -- Up-to-date: /home/gursel/robotics_ws/install/hardware_interface/share/hardware_interface/local_setup.zsh
[0.171s] -- Up-to-date: /home/gursel/robotics_ws/install/hardware_interface/share/hardware_interface/local_setup.dsv
[0.171s] -- Installing: /home/gursel/robotics_ws/install/hardware_interface/share/hardware_interface/package.dsv
[0.171s] -- Up-to-date: /home/gursel/robotics_ws/install/hardware_interface/share/ament_index/resource_index/packages/hardware_interface
[0.171s] -- Up-to-date: /home/gursel/robotics_ws/install/hardware_interface/share/ament_index/resource_index/hardware_interface__pluginlib__plugin/hardware_interface
[0.171s] -- Up-to-date: /home/gursel/robotics_ws/install/hardware_interface/share/hardware_interface/cmake/ament_cmake_export_include_directories-extras.cmake
[0.171s] -- Up-to-date: /home/gursel/robotics_ws/install/hardware_interface/share/hardware_interface/cmake/ament_cmake_export_libraries-extras.cmake
[0.171s] -- Up-to-date: /home/gursel/robotics_ws/install/hardware_interface/share/hardware_interface/cmake/ament_cmake_export_dependencies-extras.cmake
[0.171s] -- Up-to-date: /home/gursel/robotics_ws/install/hardware_interface/share/hardware_interface/cmake/hardware_interfaceConfig.cmake
[0.171s] -- Up-to-date: /home/gursel/robotics_ws/install/hardware_interface/share/hardware_interface/cmake/hardware_interfaceConfig-version.cmake
[0.171s] -- Up-to-date: /home/gursel/robotics_ws/install/hardware_interface/share/hardware_interface/package.xml
[0.172s] Invoked command in '/home/gursel/robotics_ws/build/hardware_interface' returned '0': CMAKE_PREFIX_PATH=/home/gursel/robotics_ws/install/ros2_control_test_assets:/home/gursel/robotics_ws/install/gazebo_ros2_control_demos:/home/gursel/robotics_ws/install/ros2_control:/home/gursel/robotics_ws/install/transmission_interface:/home/gursel/robotics_ws/install/gazebo_ros2_control:/home/gursel/robotics_ws/install/controller_manager:/home/gursel/robotics_ws/install/joint_limits:/home/gursel/robotics_ws/install/controller_interface:/home/gursel/robotics_ws/install/hardware_interface:/home/gursel/robotics_ws/install/controller_manager_msgs:/home/gursel/robotics_ws/install/rqt_controller_manager:/home/gursel/robotics_ws/install/ros2controlcli:/home/gursel/robotics_ws/install/robotic_arm:/opt/ros/humble /usr/bin/cmake --install /home/gursel/robotics_ws/build/hardware_interface
