[0.587s] Invoking command in '/home/gursel/robotics_ws/src/ros2_control/ros2controlcli': AMENT_PREFIX_PATH=/home/gursel/robotics_ws/install/controller_manager:/home/gursel/robotics_ws/install/controller_interface:/home/gursel/robotics_ws/install/hardware_interface:/home/gursel/robotics_ws/install/ros2_control_test_assets:/home/gursel/robotics_ws/install/controller_manager_msgs:${AMENT_PREFIX_PATH} CMAKE_PREFIX_PATH=/home/gursel/robotics_ws/install/controller_manager:/home/gursel/robotics_ws/install/controller_interface:/home/gursel/robotics_ws/install/hardware_interface:/home/gursel/robotics_ws/install/ros2_control_test_assets:/home/gursel/robotics_ws/install/controller_manager_msgs LD_LIBRARY_PATH=/home/gursel/robotics_ws/install/controller_manager/lib:/home/gursel/robotics_ws/install/controller_interface/lib:/home/gursel/robotics_ws/install/hardware_interface/lib:/home/gursel/robotics_ws/install/controller_manager_msgs/lib:${LD_LIBRARY_PATH} PYTHONPATH=/home/gursel/robotics_ws/build/ros2controlcli/prefix_override:/home/gursel/robotics_ws/install/ros2controlcli/lib/python3.10/site-packages:/home/gursel/robotics_ws/install/controller_manager/local/lib/python3.10/dist-packages:/home/gursel/robotics_ws/install/controller_manager_msgs/local/lib/python3.10/dist-packages:${PYTHONPATH} /usr/bin/python3 setup.py egg_info --egg-base ../../../build/ros2controlcli build --build-base /home/gursel/robotics_ws/build/ros2controlcli/build install --record /home/gursel/robotics_ws/build/ros2controlcli/install.log --single-version-externally-managed
[0.814s] running egg_info
[0.815s] writing ../../../build/ros2controlcli/ros2controlcli.egg-info/PKG-INFO
[0.815s] writing dependency_links to ../../../build/ros2controlcli/ros2controlcli.egg-info/dependency_links.txt
[0.815s] writing entry points to ../../../build/ros2controlcli/ros2controlcli.egg-info/entry_points.txt
[0.815s] writing requirements to ../../../build/ros2controlcli/ros2controlcli.egg-info/requires.txt
[0.815s] writing top-level names to ../../../build/ros2controlcli/ros2controlcli.egg-info/top_level.txt
[0.817s] reading manifest file '../../../build/ros2controlcli/ros2controlcli.egg-info/SOURCES.txt'
[0.817s] writing manifest file '../../../build/ros2controlcli/ros2controlcli.egg-info/SOURCES.txt'
[0.817s] running build
[0.817s] running build_py
[0.818s] running install
[0.819s] running install_lib
[0.820s] running install_data
[0.821s] running install_egg_info
[0.822s] removing '/home/gursel/robotics_ws/install/ros2controlcli/lib/python3.10/site-packages/ros2controlcli-2.23.0-py3.10.egg-info' (and everything under it)
[0.822s] Copying ../../../build/ros2controlcli/ros2controlcli.egg-info to /home/gursel/robotics_ws/install/ros2controlcli/lib/python3.10/site-packages/ros2controlcli-2.23.0-py3.10.egg-info
[0.822s] running install_scripts
[0.839s] writing list of installed files to '/home/gursel/robotics_ws/build/ros2controlcli/install.log'
[0.858s] Invoked command in '/home/gursel/robotics_ws/src/ros2_control/ros2controlcli' returned '0': AMENT_PREFIX_PATH=/home/gursel/robotics_ws/install/controller_manager:/home/gursel/robotics_ws/install/controller_interface:/home/gursel/robotics_ws/install/hardware_interface:/home/gursel/robotics_ws/install/ros2_control_test_assets:/home/gursel/robotics_ws/install/controller_manager_msgs:${AMENT_PREFIX_PATH} CMAKE_PREFIX_PATH=/home/gursel/robotics_ws/install/controller_manager:/home/gursel/robotics_ws/install/controller_interface:/home/gursel/robotics_ws/install/hardware_interface:/home/gursel/robotics_ws/install/ros2_control_test_assets:/home/gursel/robotics_ws/install/controller_manager_msgs LD_LIBRARY_PATH=/home/gursel/robotics_ws/install/controller_manager/lib:/home/gursel/robotics_ws/install/controller_interface/lib:/home/gursel/robotics_ws/install/hardware_interface/lib:/home/gursel/robotics_ws/install/controller_manager_msgs/lib:${LD_LIBRARY_PATH} PYTHONPATH=/home/gursel/robotics_ws/build/ros2controlcli/prefix_override:/home/gursel/robotics_ws/install/ros2controlcli/lib/python3.10/site-packages:/home/gursel/robotics_ws/install/controller_manager/local/lib/python3.10/dist-packages:/home/gursel/robotics_ws/install/controller_manager_msgs/local/lib/python3.10/dist-packages:${PYTHONPATH} /usr/bin/python3 setup.py egg_info --egg-base ../../../build/ros2controlcli build --build-base /home/gursel/robotics_ws/build/ros2controlcli/build install --record /home/gursel/robotics_ws/build/ros2controlcli/install.log --single-version-externally-managed
