[0.015s] Invoking command in '/home/gursel/robotics_ws/build/hardware_interface': AMENT_PREFIX_PATH=/home/gursel/robotics_ws/install/ros2_control_test_assets:${AMENT_PREFIX_PATH} CMAKE_PREFIX_PATH=/home/gursel/robotics_ws/install/ros2_control_test_assets:/opt/ros/humble /usr/bin/cmake /home/gursel/robotics_ws/src/ros2_control/hardware_interface -DCMAKE_INSTALL_PREFIX=/home/gursel/robotics_ws/install/hardware_interface
[0.032s] -- Found ament_cmake: 1.3.3 (/opt/ros/humble/share/ament_cmake/cmake)
[0.224s] [31mCMake Error at CMakeLists.txt:21 (find_package):
[0.224s]   By not providing "Findcontrol_msgs.cmake" in CMAKE_MODULE_PATH this project
[0.224s]   has asked CMake to find a package configuration file provided by
[0.224s]   "control_msgs", but CMake did not find one.
[0.224s] 
[0.224s]   Could not find a package configuration file provided by "control_msgs" with
[0.224s]   any of the following names:
[0.224s] 
[0.225s]     control_msgsConfig.cmake
[0.225s]     control_msgs-config.cmake
[0.225s] 
[0.225s]   Add the installation prefix of "control_msgs" to CMAKE_PREFIX_PATH or set
[0.225s]   "control_msgs_DIR" to a directory containing one of the above files.  If
[0.225s]   "control_msgs" provides a separate development package or SDK, be sure it
[0.225s]   has been installed.
[0.225s] 
[0.225s] [0m
[0.225s] -- Configuring incomplete, errors occurred!
[0.226s] See also "/home/gursel/robotics_ws/build/hardware_interface/CMakeFiles/CMakeOutput.log".
[0.227s] Invoked command in '/home/gursel/robotics_ws/build/hardware_interface' returned '1': AMENT_PREFIX_PATH=/home/gursel/robotics_ws/install/ros2_control_test_assets:${AMENT_PREFIX_PATH} CMAKE_PREFIX_PATH=/home/gursel/robotics_ws/install/ros2_control_test_assets:/opt/ros/humble /usr/bin/cmake /home/gursel/robotics_ws/src/ros2_control/hardware_interface -DCMAKE_INSTALL_PREFIX=/home/gursel/robotics_ws/install/hardware_interface
