[0.708s] Invoking command in '/home/gursel/robotics_ws/src/robotic_arm': PYTHONPATH=/home/gursel/robotics_ws/build/robotic_arm/prefix_override:/home/gursel/robotics_ws/install/robotic_arm/lib/python3.10/site-packages:${PYTHONPATH} /usr/bin/python3 setup.py egg_info --egg-base ../../build/robotic_arm build --build-base /home/gursel/robotics_ws/build/robotic_arm/build install --record /home/gursel/robotics_ws/build/robotic_arm/install.log --single-version-externally-managed
[1.007s] running egg_info
[1.007s] writing ../../build/robotic_arm/robotic_arm.egg-info/PKG-INFO
[1.008s] writing dependency_links to ../../build/robotic_arm/robotic_arm.egg-info/dependency_links.txt
[1.008s] writing entry points to ../../build/robotic_arm/robotic_arm.egg-info/entry_points.txt
[1.008s] writing requirements to ../../build/robotic_arm/robotic_arm.egg-info/requires.txt
[1.008s] writing top-level names to ../../build/robotic_arm/robotic_arm.egg-info/top_level.txt
[1.010s] reading manifest file '../../build/robotic_arm/robotic_arm.egg-info/SOURCES.txt'
[1.010s] writing manifest file '../../build/robotic_arm/robotic_arm.egg-info/SOURCES.txt'
[1.010s] running build
[1.011s] running build_py
[1.011s] running install
[1.011s] running install_lib
[1.013s] running install_data
[1.013s] running install_egg_info
[1.014s] removing '/home/gursel/robotics_ws/install/robotic_arm/lib/python3.10/site-packages/robotic_arm-0.0.0-py3.10.egg-info' (and everything under it)
[1.014s] Copying ../../build/robotic_arm/robotic_arm.egg-info to /home/gursel/robotics_ws/install/robotic_arm/lib/python3.10/site-packages/robotic_arm-0.0.0-py3.10.egg-info
[1.015s] running install_scripts
[1.033s] Installing trajectory_msg script to /home/gursel/robotics_ws/install/robotic_arm/lib/robotic_arm
[1.033s] writing list of installed files to '/home/gursel/robotics_ws/build/robotic_arm/install.log'
[1.192s] Invoked command in '/home/gursel/robotics_ws/src/robotic_arm' returned '0': PYTHONPATH=/home/gursel/robotics_ws/build/robotic_arm/prefix_override:/home/gursel/robotics_ws/install/robotic_arm/lib/python3.10/site-packages:${PYTHONPATH} /usr/bin/python3 setup.py egg_info --egg-base ../../build/robotic_arm build --build-base /home/gursel/robotics_ws/build/robotic_arm/build install --record /home/gursel/robotics_ws/build/robotic_arm/install.log --single-version-externally-managed
