[0.012s] Invoking command in '/home/gursel/robotics_ws/build/controller_manager': AMENT_PREFIX_PATH=/home/gursel/robotics_ws/install/controller_interface:/home/gursel/robotics_ws/install/hardware_interface:/home/gursel/robotics_ws/install/ros2_control_test_assets:/home/gursel/robotics_ws/install/controller_manager_msgs:${AMENT_PREFIX_PATH} CMAKE_PREFIX_PATH=/home/gursel/robotics_ws/install/controller_interface:/home/gursel/robotics_ws/install/hardware_interface:/home/gursel/robotics_ws/install/ros2_control_test_assets:/home/gursel/robotics_ws/install/controller_manager_msgs:/opt/ros/humble LD_LIBRARY_PATH=/home/gursel/robotics_ws/install/controller_interface/lib:/home/gursel/robotics_ws/install/hardware_interface/lib:/home/gursel/robotics_ws/install/controller_manager_msgs/lib:${LD_LIBRARY_PATH} PYTHONPATH=/home/gursel/robotics_ws/install/controller_manager_msgs/local/lib/python3.10/dist-packages:${PYTHONPATH} /usr/bin/cmake /home/gursel/robotics_ws/src/ros2_control/controller_manager -DCMAKE_INSTALL_PREFIX=/home/gursel/robotics_ws/install/controller_manager
[0.052s] -- The C compiler identification is GNU 11.3.0
[0.098s] -- The CXX compiler identification is GNU 11.3.0
[0.104s] -- Detecting C compiler ABI info
[0.157s] -- Detecting C compiler ABI info - done
[0.168s] -- Check for working C compiler: /usr/bin/cc - skipped
[0.168s] -- Detecting C compile features
[0.168s] -- Detecting C compile features - done
[0.172s] -- Detecting CXX compiler ABI info
[0.233s] -- Detecting CXX compiler ABI info - done
[0.239s] -- Check for working CXX compiler: /usr/bin/c++ - skipped
[0.240s] -- Detecting CXX compile features
[0.240s] -- Detecting CXX compile features - done
[0.242s] -- Found ament_cmake: 1.3.3 (/opt/ros/humble/share/ament_cmake/cmake)
[0.383s] -- Found Python3: /usr/bin/python3.10 (found version "3.10.6") found components: Interpreter 
[0.460s] -- Configuring incomplete, errors occurred!
[0.460s] See also "/home/gursel/robotics_ws/build/controller_manager/CMakeFiles/CMakeOutput.log".
[0.460s] [31mCMake Error at CMakeLists.txt:22 (find_package):
[0.460s]   By not providing "Findbackward_ros.cmake" in CMAKE_MODULE_PATH this project
[0.460s]   has asked CMake to find a package configuration file provided by
[0.460s]   "backward_ros", but CMake did not find one.
[0.460s] 
[0.460s]   Could not find a package configuration file provided by "backward_ros" with
[0.460s]   any of the following names:
[0.461s] 
[0.461s]     backward_rosConfig.cmake
[0.461s]     backward_ros-config.cmake
[0.461s] 
[0.461s]   Add the installation prefix of "backward_ros" to CMAKE_PREFIX_PATH or set
[0.461s]   "backward_ros_DIR" to a directory containing one of the above files.  If
[0.461s]   "backward_ros" provides a separate development package or SDK, be sure it
[0.461s]   has been installed.
[0.461s] 
[0.461s] [0m
[0.468s] Invoked command in '/home/gursel/robotics_ws/build/controller_manager' returned '1': AMENT_PREFIX_PATH=/home/gursel/robotics_ws/install/controller_interface:/home/gursel/robotics_ws/install/hardware_interface:/home/gursel/robotics_ws/install/ros2_control_test_assets:/home/gursel/robotics_ws/install/controller_manager_msgs:${AMENT_PREFIX_PATH} CMAKE_PREFIX_PATH=/home/gursel/robotics_ws/install/controller_interface:/home/gursel/robotics_ws/install/hardware_interface:/home/gursel/robotics_ws/install/ros2_control_test_assets:/home/gursel/robotics_ws/install/controller_manager_msgs:/opt/ros/humble LD_LIBRARY_PATH=/home/gursel/robotics_ws/install/controller_interface/lib:/home/gursel/robotics_ws/install/hardware_interface/lib:/home/gursel/robotics_ws/install/controller_manager_msgs/lib:${LD_LIBRARY_PATH} PYTHONPATH=/home/gursel/robotics_ws/install/controller_manager_msgs/local/lib/python3.10/dist-packages:${PYTHONPATH} /usr/bin/cmake /home/gursel/robotics_ws/src/ros2_control/controller_manager -DCMAKE_INSTALL_PREFIX=/home/gursel/robotics_ws/install/controller_manager
