[0.036s] Invoking command in '/home/gursel/robotics_ws/build/controller_interface': CMAKE_PREFIX_PATH=/home/gursel/robotics_ws/install/hardware_interface:/home/gursel/robotics_ws/install/gazebo_ros2_control_demos:/home/gursel/robotics_ws/install/ros2_control:/home/gursel/robotics_ws/install/transmission_interface:/home/gursel/robotics_ws/install/gazebo_ros2_control:/home/gursel/robotics_ws/install/controller_manager:/home/gursel/robotics_ws/install/ros2_control_test_assets:/home/gursel/robotics_ws/install/joint_limits:/home/gursel/robotics_ws/install/controller_interface:/home/gursel/robotics_ws/install/controller_manager_msgs:/home/gursel/robotics_ws/install/rqt_controller_manager:/home/gursel/robotics_ws/install/ros2controlcli:/home/gursel/robotics_ws/install/robotic_arm:/opt/ros/humble LD_LIBRARY_PATH=/home/gursel/robotics_ws/install/hardware_interface/lib:/usr/local/cuda/lib64:/home/gursel/robotics_ws/install/transmission_interface/lib:/home/gursel/robotics_ws/install/gazebo_ros2_control/lib:/home/gursel/robotics_ws/install/controller_manager/lib:/home/gursel/robotics_ws/install/controller_interface/lib:/home/gursel/robotics_ws/install/controller_manager_msgs/lib:/opt/ros/humble/opt/rviz_ogre_vendor/lib:/opt/ros/humble/lib/x86_64-linux-gnu:/opt/ros/humble/lib /usr/bin/cmake --build /home/gursel/robotics_ws/build/controller_interface -- -j8 -l8
[0.084s] [  9%] Built target gmock_main
[0.085s] [ 23%] Built target gmock
[0.094s] [ 42%] Built target controller_interface
[0.113s] [ 52%] Built target test_semantic_component_interface
[0.116s] [ 61%] Built target test_force_torque_sensor
[0.129s] [ 71%] Built target test_imu_sensor
[0.132s] [ 80%] Built target test_controller_interface
[0.138s] [100%] Built target test_chainable_controller_interface
[0.138s] [100%] Built target test_controller_with_options
[0.148s] Invoked command in '/home/gursel/robotics_ws/build/controller_interface' returned '0': CMAKE_PREFIX_PATH=/home/gursel/robotics_ws/install/hardware_interface:/home/gursel/robotics_ws/install/gazebo_ros2_control_demos:/home/gursel/robotics_ws/install/ros2_control:/home/gursel/robotics_ws/install/transmission_interface:/home/gursel/robotics_ws/install/gazebo_ros2_control:/home/gursel/robotics_ws/install/controller_manager:/home/gursel/robotics_ws/install/ros2_control_test_assets:/home/gursel/robotics_ws/install/joint_limits:/home/gursel/robotics_ws/install/controller_interface:/home/gursel/robotics_ws/install/controller_manager_msgs:/home/gursel/robotics_ws/install/rqt_controller_manager:/home/gursel/robotics_ws/install/ros2controlcli:/home/gursel/robotics_ws/install/robotic_arm:/opt/ros/humble LD_LIBRARY_PATH=/home/gursel/robotics_ws/install/hardware_interface/lib:/usr/local/cuda/lib64:/home/gursel/robotics_ws/install/transmission_interface/lib:/home/gursel/robotics_ws/install/gazebo_ros2_control/lib:/home/gursel/robotics_ws/install/controller_manager/lib:/home/gursel/robotics_ws/install/controller_interface/lib:/home/gursel/robotics_ws/install/controller_manager_msgs/lib:/opt/ros/humble/opt/rviz_ogre_vendor/lib:/opt/ros/humble/lib/x86_64-linux-gnu:/opt/ros/humble/lib /usr/bin/cmake --build /home/gursel/robotics_ws/build/controller_interface -- -j8 -l8
[0.184s] Invoking command in '/home/gursel/robotics_ws/build/controller_interface': CMAKE_PREFIX_PATH=/home/gursel/robotics_ws/install/hardware_interface:/home/gursel/robotics_ws/install/gazebo_ros2_control_demos:/home/gursel/robotics_ws/install/ros2_control:/home/gursel/robotics_ws/install/transmission_interface:/home/gursel/robotics_ws/install/gazebo_ros2_control:/home/gursel/robotics_ws/install/controller_manager:/home/gursel/robotics_ws/install/ros2_control_test_assets:/home/gursel/robotics_ws/install/joint_limits:/home/gursel/robotics_ws/install/controller_interface:/home/gursel/robotics_ws/install/controller_manager_msgs:/home/gursel/robotics_ws/install/rqt_controller_manager:/home/gursel/robotics_ws/install/ros2controlcli:/home/gursel/robotics_ws/install/robotic_arm:/opt/ros/humble LD_LIBRARY_PATH=/home/gursel/robotics_ws/install/hardware_interface/lib:/usr/local/cuda/lib64:/home/gursel/robotics_ws/install/transmission_interface/lib:/home/gursel/robotics_ws/install/gazebo_ros2_control/lib:/home/gursel/robotics_ws/install/controller_manager/lib:/home/gursel/robotics_ws/install/controller_interface/lib:/home/gursel/robotics_ws/install/controller_manager_msgs/lib:/opt/ros/humble/opt/rviz_ogre_vendor/lib:/opt/ros/humble/lib/x86_64-linux-gnu:/opt/ros/humble/lib /usr/bin/cmake --install /home/gursel/robotics_ws/build/controller_interface
[0.190s] -- Install configuration: ""
[0.190s] -- Up-to-date: /home/gursel/robotics_ws/install/controller_interface/include
[0.190s] -- Up-to-date: /home/gursel/robotics_ws/install/controller_interface/include/semantic_components
[0.190s] -- Up-to-date: /home/gursel/robotics_ws/install/controller_interface/include/semantic_components/imu_sensor.hpp
[0.190s] -- Up-to-date: /home/gursel/robotics_ws/install/controller_interface/include/semantic_components/semantic_component_interface.hpp
[0.190s] -- Up-to-date: /home/gursel/robotics_ws/install/controller_interface/include/semantic_components/force_torque_sensor.hpp
[0.190s] -- Up-to-date: /home/gursel/robotics_ws/install/controller_interface/include/controller_interface
[0.190s] -- Up-to-date: /home/gursel/robotics_ws/install/controller_interface/include/controller_interface/controller_interface.hpp
[0.190s] -- Up-to-date: /home/gursel/robotics_ws/install/controller_interface/include/controller_interface/chainable_controller_interface.hpp
[0.191s] -- Up-to-date: /home/gursel/robotics_ws/install/controller_interface/include/controller_interface/visibility_control.h
[0.191s] -- Up-to-date: /home/gursel/robotics_ws/install/controller_interface/include/controller_interface/helpers.hpp
[0.191s] -- Up-to-date: /home/gursel/robotics_ws/install/controller_interface/include/controller_interface/controller_interface_base.hpp
[0.191s] -- Up-to-date: /home/gursel/robotics_ws/install/controller_interface/lib/libcontroller_interface.so
[0.191s] -- Up-to-date: /home/gursel/robotics_ws/install/controller_interface/share/controller_interface/environment/library_path.sh
[0.191s] -- Up-to-date: /home/gursel/robotics_ws/install/controller_interface/share/controller_interface/environment/library_path.dsv
[0.191s] -- Up-to-date: /home/gursel/robotics_ws/install/controller_interface/share/ament_index/resource_index/package_run_dependencies/controller_interface
[0.191s] -- Up-to-date: /home/gursel/robotics_ws/install/controller_interface/share/ament_index/resource_index/parent_prefix_path/controller_interface
[0.191s] -- Up-to-date: /home/gursel/robotics_ws/install/controller_interface/share/controller_interface/environment/ament_prefix_path.sh
[0.192s] -- Up-to-date: /home/gursel/robotics_ws/install/controller_interface/share/controller_interface/environment/ament_prefix_path.dsv
[0.192s] -- Up-to-date: /home/gursel/robotics_ws/install/controller_interface/share/controller_interface/environment/path.sh
[0.192s] -- Up-to-date: /home/gursel/robotics_ws/install/controller_interface/share/controller_interface/environment/path.dsv
[0.192s] -- Up-to-date: /home/gursel/robotics_ws/install/controller_interface/share/controller_interface/local_setup.bash
[0.192s] -- Up-to-date: /home/gursel/robotics_ws/install/controller_interface/share/controller_interface/local_setup.sh
[0.192s] -- Up-to-date: /home/gursel/robotics_ws/install/controller_interface/share/controller_interface/local_setup.zsh
[0.192s] -- Up-to-date: /home/gursel/robotics_ws/install/controller_interface/share/controller_interface/local_setup.dsv
[0.192s] -- Installing: /home/gursel/robotics_ws/install/controller_interface/share/controller_interface/package.dsv
[0.192s] -- Up-to-date: /home/gursel/robotics_ws/install/controller_interface/share/ament_index/resource_index/packages/controller_interface
[0.192s] -- Up-to-date: /home/gursel/robotics_ws/install/controller_interface/share/controller_interface/cmake/ament_cmake_export_dependencies-extras.cmake
[0.192s] -- Up-to-date: /home/gursel/robotics_ws/install/controller_interface/share/controller_interface/cmake/ament_cmake_export_include_directories-extras.cmake
[0.193s] -- Up-to-date: /home/gursel/robotics_ws/install/controller_interface/share/controller_interface/cmake/ament_cmake_export_libraries-extras.cmake
[0.193s] -- Up-to-date: /home/gursel/robotics_ws/install/controller_interface/share/controller_interface/cmake/controller_interfaceConfig.cmake
[0.193s] -- Up-to-date: /home/gursel/robotics_ws/install/controller_interface/share/controller_interface/cmake/controller_interfaceConfig-version.cmake
[0.193s] -- Up-to-date: /home/gursel/robotics_ws/install/controller_interface/share/controller_interface/package.xml
[0.196s] Invoked command in '/home/gursel/robotics_ws/build/controller_interface' returned '0': CMAKE_PREFIX_PATH=/home/gursel/robotics_ws/install/hardware_interface:/home/gursel/robotics_ws/install/gazebo_ros2_control_demos:/home/gursel/robotics_ws/install/ros2_control:/home/gursel/robotics_ws/install/transmission_interface:/home/gursel/robotics_ws/install/gazebo_ros2_control:/home/gursel/robotics_ws/install/controller_manager:/home/gursel/robotics_ws/install/ros2_control_test_assets:/home/gursel/robotics_ws/install/joint_limits:/home/gursel/robotics_ws/install/controller_interface:/home/gursel/robotics_ws/install/controller_manager_msgs:/home/gursel/robotics_ws/install/rqt_controller_manager:/home/gursel/robotics_ws/install/ros2controlcli:/home/gursel/robotics_ws/install/robotic_arm:/opt/ros/humble LD_LIBRARY_PATH=/home/gursel/robotics_ws/install/hardware_interface/lib:/usr/local/cuda/lib64:/home/gursel/robotics_ws/install/transmission_interface/lib:/home/gursel/robotics_ws/install/gazebo_ros2_control/lib:/home/gursel/robotics_ws/install/controller_manager/lib:/home/gursel/robotics_ws/install/controller_interface/lib:/home/gursel/robotics_ws/install/controller_manager_msgs/lib:/opt/ros/humble/opt/rviz_ogre_vendor/lib:/opt/ros/humble/lib/x86_64-linux-gnu:/opt/ros/humble/lib /usr/bin/cmake --install /home/gursel/robotics_ws/build/controller_interface
