[0.007s] Invoking command in '/home/gursel/robotics_ws/build/hardware_interface': AMENT_PREFIX_PATH=/home/gursel/robotics_ws/install/ros2_control_test_assets:${AMENT_PREFIX_PATH} CMAKE_PREFIX_PATH=/home/gursel/robotics_ws/install/ros2_control_test_assets:/opt/ros/humble /usr/bin/cmake /home/gursel/robotics_ws/src/ros2_control/hardware_interface -DCMAKE_INSTALL_PREFIX=/home/gursel/robotics_ws/install/hardware_interface
[0.048s] -- The C compiler identification is GNU 11.3.0
[0.091s] -- The CXX compiler identification is GNU 11.3.0
[0.099s] -- Detecting C compiler ABI info
[0.147s] -- Detecting C compiler ABI info - done
[0.159s] -- Check for working C compiler: /usr/bin/cc - skipped
[0.159s] -- Detecting C compile features
[0.159s] -- Detecting C compile features - done
[0.163s] -- Detecting CXX compiler ABI info
[0.221s] -- Detecting CXX compiler ABI info - done
[0.232s] -- Check for working CXX compiler: /usr/bin/c++ - skipped
[0.232s] -- Detecting CXX compile features
[0.232s] -- Detecting CXX compile features - done
[0.235s] -- Found ament_cmake: 1.3.3 (/opt/ros/humble/share/ament_cmake/cmake)
[0.377s] -- Found Python3: /usr/bin/python3.10 (found version "3.10.6") found components: Interpreter 
[0.451s] [31mCMake Error at CMakeLists.txt:21 (find_package):
[0.451s]   By not providing "Findcontrol_msgs.cmake" in CMAKE_MODULE_PATH this project
[0.451s]   has asked CMake to find a package configuration file provided by
[0.451s]   "control_msgs", but CMake did not find one.
[0.451s] 
[0.451s]   Could not find a package configuration file provided by "control_msgs" with
[0.451s]   any of the following names:
[0.451s] 
[0.452s]     control_msgsConfig.cmake
[0.452s]     control_msgs-config.cmake
[0.452s] 
[0.452s]   Add the installation prefix of "control_msgs" to CMAKE_PREFIX_PATH or set
[0.452s]   "control_msgs_DIR" to a directory containing one of the above files.  If
[0.452s]   "control_msgs" provides a separate development package or SDK, be sure it
[0.452s]   has been installed.
[0.452s] 
[0.452s] [0m
[0.452s] -- Configuring incomplete, errors occurred!
[0.452s] See also "/home/gursel/robotics_ws/build/hardware_interface/CMakeFiles/CMakeOutput.log".
[0.454s] Invoked command in '/home/gursel/robotics_ws/build/hardware_interface' returned '1': AMENT_PREFIX_PATH=/home/gursel/robotics_ws/install/ros2_control_test_assets:${AMENT_PREFIX_PATH} CMAKE_PREFIX_PATH=/home/gursel/robotics_ws/install/ros2_control_test_assets:/opt/ros/humble /usr/bin/cmake /home/gursel/robotics_ws/src/ros2_control/hardware_interface -DCMAKE_INSTALL_PREFIX=/home/gursel/robotics_ws/install/hardware_interface
