[0.275s] Invoking command in '/home/gursel/robotics_ws/build/gazebo_ros2_control': CMAKE_PREFIX_PATH=/home/gursel/robotics_ws/install/controller_manager:/home/gursel/robotics_ws/install/controller_interface:/home/gursel/robotics_ws/install/hardware_interface:/home/gursel/robotics_ws/install/ros2_control_test_assets:/home/gursel/robotics_ws/install/controller_manager_msgs:/home/gursel/robotics_ws/install/ros2_control:/home/gursel/robotics_ws/install/transmission_interface:/home/gursel/robotics_ws/install/joint_limits:/home/gursel/robotics_ws/install/rqt_controller_manager:/home/gursel/robotics_ws/install/ros2controlcli:/home/gursel/robotics_ws/install/robotic_arm:/opt/ros/humble LD_LIBRARY_PATH=/home/gursel/robotics_ws/install/controller_manager/lib:/home/gursel/robotics_ws/install/controller_interface/lib:/home/gursel/robotics_ws/install/hardware_interface/lib:/home/gursel/robotics_ws/install/controller_manager_msgs/lib:/usr/local/cuda/lib64:/home/gursel/robotics_ws/install/transmission_interface/lib:/opt/ros/humble/opt/rviz_ogre_vendor/lib:/opt/ros/humble/lib/x86_64-linux-gnu:/opt/ros/humble/lib /usr/bin/cmake /home/gursel/robotics_ws/src/gazebo_ros2_control/gazebo_ros2_control -DCMAKE_INSTALL_PREFIX=/home/gursel/robotics_ws/install/gazebo_ros2_control
[0.351s] -- The C compiler identification is GNU 11.3.0
[0.419s] -- The CXX compiler identification is GNU 11.3.0
[0.426s] -- Detecting C compiler ABI info
[0.474s] -- Detecting C compiler ABI info - done
[0.481s] -- Check for working C compiler: /usr/bin/cc - skipped
[0.481s] -- Detecting C compile features
[0.481s] -- Detecting C compile features - done
[0.484s] -- Detecting CXX compiler ABI info
[0.542s] -- Detecting CXX compiler ABI info - done
[0.548s] -- Check for working CXX compiler: /usr/bin/c++ - skipped
[0.548s] -- Detecting CXX compile features
[0.549s] -- Detecting CXX compile features - done
[0.552s] -- Found ament_cmake: 1.3.3 (/opt/ros/humble/share/ament_cmake/cmake)
[0.700s] -- Found Python3: /usr/bin/python3.10 (found version "3.10.6") found components: Interpreter 
[0.792s] -- Found angles: 1.15.0 (/opt/ros/humble/share/angles/cmake)
[0.793s] -- Found controller_manager: 2.23.0 (/home/gursel/robotics_ws/install/controller_manager/share/controller_manager/cmake)
[0.845s] -- Found rosidl_generator_c: 3.1.4 (/opt/ros/humble/share/rosidl_generator_c/cmake)
[0.851s] -- Found rosidl_adapter: 3.1.4 (/opt/ros/humble/share/rosidl_adapter/cmake)
[0.861s] -- Found rosidl_generator_cpp: 3.1.4 (/opt/ros/humble/share/rosidl_generator_cpp/cmake)
[0.876s] -- Using all available rosidl_typesupport_c: rosidl_typesupport_fastrtps_c;rosidl_typesupport_introspection_c
[0.898s] -- Using all available rosidl_typesupport_cpp: rosidl_typesupport_fastrtps_cpp;rosidl_typesupport_introspection_cpp
[1.568s] -- Found rmw_implementation_cmake: 6.1.1 (/opt/ros/humble/share/rmw_implementation_cmake/cmake)
[1.571s] -- Found rmw_cyclonedds_cpp: 1.3.4 (/opt/ros/humble/share/rmw_cyclonedds_cpp/cmake)
[1.609s] -- Using RMW implementation 'rmw_cyclonedds_cpp' as default
[1.621s] -- Looking for pthread.h
[1.673s] -- Looking for pthread.h - found
[1.674s] -- Performing Test CMAKE_HAVE_LIBC_PTHREAD
[1.725s] -- Performing Test CMAKE_HAVE_LIBC_PTHREAD - Success
[1.726s] -- Found Threads: TRUE  
[2.465s] [31mCMake Error at CMakeLists.txt:7 (find_package):
[2.465s]   By not providing "Findgazebo_dev.cmake" in CMAKE_MODULE_PATH this project
[2.465s]   has asked CMake to find a package configuration file provided by
[2.465s]   "gazebo_dev", but CMake did not find one.
[2.466s] 
[2.466s]   Could not find a package configuration file provided by "gazebo_dev" with
[2.466s]   any of the following names:
[2.466s] 
[2.466s]     gazebo_devConfig.cmake
[2.466s]     gazebo_dev-config.cmake
[2.466s] 
[2.466s]   Add the installation prefix of "gazebo_dev" to CMAKE_PREFIX_PATH or set
[2.466s]   "gazebo_dev_DIR" to a directory containing one of the above files.  If
[2.466s]   "gazebo_dev" provides a separate development package or SDK, be sure it has
[2.466s]   been installed.
[2.466s] 
[2.466s] [0m
[2.466s] -- Configuring incomplete, errors occurred!
[2.466s] See also "/home/gursel/robotics_ws/build/gazebo_ros2_control/CMakeFiles/CMakeOutput.log".
[2.472s] Invoked command in '/home/gursel/robotics_ws/build/gazebo_ros2_control' returned '1': CMAKE_PREFIX_PATH=/home/gursel/robotics_ws/install/controller_manager:/home/gursel/robotics_ws/install/controller_interface:/home/gursel/robotics_ws/install/hardware_interface:/home/gursel/robotics_ws/install/ros2_control_test_assets:/home/gursel/robotics_ws/install/controller_manager_msgs:/home/gursel/robotics_ws/install/ros2_control:/home/gursel/robotics_ws/install/transmission_interface:/home/gursel/robotics_ws/install/joint_limits:/home/gursel/robotics_ws/install/rqt_controller_manager:/home/gursel/robotics_ws/install/ros2controlcli:/home/gursel/robotics_ws/install/robotic_arm:/opt/ros/humble LD_LIBRARY_PATH=/home/gursel/robotics_ws/install/controller_manager/lib:/home/gursel/robotics_ws/install/controller_interface/lib:/home/gursel/robotics_ws/install/hardware_interface/lib:/home/gursel/robotics_ws/install/controller_manager_msgs/lib:/usr/local/cuda/lib64:/home/gursel/robotics_ws/install/transmission_interface/lib:/opt/ros/humble/opt/rviz_ogre_vendor/lib:/opt/ros/humble/lib/x86_64-linux-gnu:/opt/ros/humble/lib /usr/bin/cmake /home/gursel/robotics_ws/src/gazebo_ros2_control/gazebo_ros2_control -DCMAKE_INSTALL_PREFIX=/home/gursel/robotics_ws/install/gazebo_ros2_control
