[0.021s] Invoking command in '/home/gursel/robotics_ws/build/transmission_interface': CMAKE_PREFIX_PATH=/home/gursel/robotics_ws/install/hardware_interface:/home/gursel/robotics_ws/install/gazebo_ros2_control_demos:/home/gursel/robotics_ws/install/ros2_control:/home/gursel/robotics_ws/install/transmission_interface:/home/gursel/robotics_ws/install/gazebo_ros2_control:/home/gursel/robotics_ws/install/controller_manager:/home/gursel/robotics_ws/install/ros2_control_test_assets:/home/gursel/robotics_ws/install/joint_limits:/home/gursel/robotics_ws/install/controller_interface:/home/gursel/robotics_ws/install/controller_manager_msgs:/home/gursel/robotics_ws/install/rqt_controller_manager:/home/gursel/robotics_ws/install/ros2controlcli:/home/gursel/robotics_ws/install/robotic_arm:/opt/ros/humble LD_LIBRARY_PATH=/home/gursel/robotics_ws/install/hardware_interface/lib:/usr/local/cuda/lib64:/home/gursel/robotics_ws/install/transmission_interface/lib:/home/gursel/robotics_ws/install/gazebo_ros2_control/lib:/home/gursel/robotics_ws/install/controller_manager/lib:/home/gursel/robotics_ws/install/controller_interface/lib:/home/gursel/robotics_ws/install/controller_manager_msgs/lib:/opt/ros/humble/opt/rviz_ogre_vendor/lib:/opt/ros/humble/lib/x86_64-linux-gnu:/opt/ros/humble/lib /usr/bin/cmake --build /home/gursel/robotics_ws/build/transmission_interface -- -j8 -l8
[0.078s] [ 14%] Built target gmock
[0.079s] [ 33%] Built target transmission_interface
[0.084s] [ 42%] Built target gmock_main
[0.112s] [ 52%] Built target test_differential_transmission
[0.112s] [ 61%] Built target test_simple_transmission
[0.121s] [ 71%] Built target test_four_bar_linkage_transmission
[0.121s] [ 80%] Built target test_simple_transmission_loader
[0.123s] [ 90%] Built target test_four_bar_linkage_transmission_loader
[0.125s] [100%] Built target test_differential_transmission_loader
[0.133s] Invoked command in '/home/gursel/robotics_ws/build/transmission_interface' returned '0': CMAKE_PREFIX_PATH=/home/gursel/robotics_ws/install/hardware_interface:/home/gursel/robotics_ws/install/gazebo_ros2_control_demos:/home/gursel/robotics_ws/install/ros2_control:/home/gursel/robotics_ws/install/transmission_interface:/home/gursel/robotics_ws/install/gazebo_ros2_control:/home/gursel/robotics_ws/install/controller_manager:/home/gursel/robotics_ws/install/ros2_control_test_assets:/home/gursel/robotics_ws/install/joint_limits:/home/gursel/robotics_ws/install/controller_interface:/home/gursel/robotics_ws/install/controller_manager_msgs:/home/gursel/robotics_ws/install/rqt_controller_manager:/home/gursel/robotics_ws/install/ros2controlcli:/home/gursel/robotics_ws/install/robotic_arm:/opt/ros/humble LD_LIBRARY_PATH=/home/gursel/robotics_ws/install/hardware_interface/lib:/usr/local/cuda/lib64:/home/gursel/robotics_ws/install/transmission_interface/lib:/home/gursel/robotics_ws/install/gazebo_ros2_control/lib:/home/gursel/robotics_ws/install/controller_manager/lib:/home/gursel/robotics_ws/install/controller_interface/lib:/home/gursel/robotics_ws/install/controller_manager_msgs/lib:/opt/ros/humble/opt/rviz_ogre_vendor/lib:/opt/ros/humble/lib/x86_64-linux-gnu:/opt/ros/humble/lib /usr/bin/cmake --build /home/gursel/robotics_ws/build/transmission_interface -- -j8 -l8
[0.168s] Invoking command in '/home/gursel/robotics_ws/build/transmission_interface': CMAKE_PREFIX_PATH=/home/gursel/robotics_ws/install/hardware_interface:/home/gursel/robotics_ws/install/gazebo_ros2_control_demos:/home/gursel/robotics_ws/install/ros2_control:/home/gursel/robotics_ws/install/transmission_interface:/home/gursel/robotics_ws/install/gazebo_ros2_control:/home/gursel/robotics_ws/install/controller_manager:/home/gursel/robotics_ws/install/ros2_control_test_assets:/home/gursel/robotics_ws/install/joint_limits:/home/gursel/robotics_ws/install/controller_interface:/home/gursel/robotics_ws/install/controller_manager_msgs:/home/gursel/robotics_ws/install/rqt_controller_manager:/home/gursel/robotics_ws/install/ros2controlcli:/home/gursel/robotics_ws/install/robotic_arm:/opt/ros/humble LD_LIBRARY_PATH=/home/gursel/robotics_ws/install/hardware_interface/lib:/usr/local/cuda/lib64:/home/gursel/robotics_ws/install/transmission_interface/lib:/home/gursel/robotics_ws/install/gazebo_ros2_control/lib:/home/gursel/robotics_ws/install/controller_manager/lib:/home/gursel/robotics_ws/install/controller_interface/lib:/home/gursel/robotics_ws/install/controller_manager_msgs/lib:/opt/ros/humble/opt/rviz_ogre_vendor/lib:/opt/ros/humble/lib/x86_64-linux-gnu:/opt/ros/humble/lib /usr/bin/cmake --install /home/gursel/robotics_ws/build/transmission_interface
[0.176s] -- Install configuration: ""
[0.176s] -- Up-to-date: /home/gursel/robotics_ws/install/transmission_interface/include
[0.177s] -- Up-to-date: /home/gursel/robotics_ws/install/transmission_interface/include/transmission_interface
[0.177s] -- Up-to-date: /home/gursel/robotics_ws/install/transmission_interface/include/transmission_interface/simple_transmission_loader.hpp
[0.177s] -- Up-to-date: /home/gursel/robotics_ws/install/transmission_interface/include/transmission_interface/differential_transmission.hpp
[0.177s] -- Up-to-date: /home/gursel/robotics_ws/install/transmission_interface/include/transmission_interface/simple_transmission.hpp
[0.177s] -- Up-to-date: /home/gursel/robotics_ws/install/transmission_interface/include/transmission_interface/four_bar_linkage_transmission_loader.hpp
[0.177s] -- Up-to-date: /home/gursel/robotics_ws/install/transmission_interface/include/transmission_interface/transmission_loader.hpp
[0.177s] -- Up-to-date: /home/gursel/robotics_ws/install/transmission_interface/include/transmission_interface/visibility_control.h
[0.177s] -- Up-to-date: /home/gursel/robotics_ws/install/transmission_interface/include/transmission_interface/differential_transmission_loader.hpp
[0.177s] -- Up-to-date: /home/gursel/robotics_ws/install/transmission_interface/include/transmission_interface/accessor.hpp
[0.177s] -- Up-to-date: /home/gursel/robotics_ws/install/transmission_interface/include/transmission_interface/transmission.hpp
[0.177s] -- Up-to-date: /home/gursel/robotics_ws/install/transmission_interface/include/transmission_interface/exception.hpp
[0.178s] -- Up-to-date: /home/gursel/robotics_ws/install/transmission_interface/include/transmission_interface/four_bar_linkage_transmission.hpp
[0.178s] -- Up-to-date: /home/gursel/robotics_ws/install/transmission_interface/include/transmission_interface/handle.hpp
[0.178s] -- Up-to-date: /home/gursel/robotics_ws/install/transmission_interface/include/transmission_interface/transmission_interface_exception.hpp
[0.178s] -- Up-to-date: /home/gursel/robotics_ws/install/transmission_interface/share/transmission_interface/ros2_control_plugins.xml
[0.178s] -- Up-to-date: /home/gursel/robotics_ws/install/transmission_interface/lib/libtransmission_interface.so
[0.178s] -- Up-to-date: /home/gursel/robotics_ws/install/transmission_interface/share/transmission_interface/environment/library_path.sh
[0.178s] -- Up-to-date: /home/gursel/robotics_ws/install/transmission_interface/share/transmission_interface/environment/library_path.dsv
[0.178s] -- Up-to-date: /home/gursel/robotics_ws/install/transmission_interface/share/ament_index/resource_index/package_run_dependencies/transmission_interface
[0.178s] -- Up-to-date: /home/gursel/robotics_ws/install/transmission_interface/share/ament_index/resource_index/parent_prefix_path/transmission_interface
[0.178s] -- Up-to-date: /home/gursel/robotics_ws/install/transmission_interface/share/transmission_interface/environment/ament_prefix_path.sh
[0.178s] -- Up-to-date: /home/gursel/robotics_ws/install/transmission_interface/share/transmission_interface/environment/ament_prefix_path.dsv
[0.180s] -- Up-to-date: /home/gursel/robotics_ws/install/transmission_interface/share/transmission_interface/environment/path.sh
[0.180s] -- Up-to-date: /home/gursel/robotics_ws/install/transmission_interface/share/transmission_interface/environment/path.dsv
[0.180s] -- Up-to-date: /home/gursel/robotics_ws/install/transmission_interface/share/transmission_interface/local_setup.bash
[0.180s] -- Up-to-date: /home/gursel/robotics_ws/install/transmission_interface/share/transmission_interface/local_setup.sh
[0.180s] -- Up-to-date: /home/gursel/robotics_ws/install/transmission_interface/share/transmission_interface/local_setup.zsh
[0.180s] -- Up-to-date: /home/gursel/robotics_ws/install/transmission_interface/share/transmission_interface/local_setup.dsv
[0.180s] -- Installing: /home/gursel/robotics_ws/install/transmission_interface/share/transmission_interface/package.dsv
[0.180s] -- Up-to-date: /home/gursel/robotics_ws/install/transmission_interface/share/ament_index/resource_index/packages/transmission_interface
[0.180s] -- Up-to-date: /home/gursel/robotics_ws/install/transmission_interface/share/ament_index/resource_index/transmission_interface__pluginlib__plugin/transmission_interface
[0.180s] -- Up-to-date: /home/gursel/robotics_ws/install/transmission_interface/share/transmission_interface/cmake/ament_cmake_export_include_directories-extras.cmake
[0.181s] -- Up-to-date: /home/gursel/robotics_ws/install/transmission_interface/share/transmission_interface/cmake/ament_cmake_export_dependencies-extras.cmake
[0.181s] -- Up-to-date: /home/gursel/robotics_ws/install/transmission_interface/share/transmission_interface/cmake/ament_cmake_export_libraries-extras.cmake
[0.181s] -- Up-to-date: /home/gursel/robotics_ws/install/transmission_interface/share/transmission_interface/cmake/transmission_interfaceConfig.cmake
[0.181s] -- Up-to-date: /home/gursel/robotics_ws/install/transmission_interface/share/transmission_interface/cmake/transmission_interfaceConfig-version.cmake
[0.181s] -- Up-to-date: /home/gursel/robotics_ws/install/transmission_interface/share/transmission_interface/package.xml
[0.190s] Invoked command in '/home/gursel/robotics_ws/build/transmission_interface' returned '0': CMAKE_PREFIX_PATH=/home/gursel/robotics_ws/install/hardware_interface:/home/gursel/robotics_ws/install/gazebo_ros2_control_demos:/home/gursel/robotics_ws/install/ros2_control:/home/gursel/robotics_ws/install/transmission_interface:/home/gursel/robotics_ws/install/gazebo_ros2_control:/home/gursel/robotics_ws/install/controller_manager:/home/gursel/robotics_ws/install/ros2_control_test_assets:/home/gursel/robotics_ws/install/joint_limits:/home/gursel/robotics_ws/install/controller_interface:/home/gursel/robotics_ws/install/controller_manager_msgs:/home/gursel/robotics_ws/install/rqt_controller_manager:/home/gursel/robotics_ws/install/ros2controlcli:/home/gursel/robotics_ws/install/robotic_arm:/opt/ros/humble LD_LIBRARY_PATH=/home/gursel/robotics_ws/install/hardware_interface/lib:/usr/local/cuda/lib64:/home/gursel/robotics_ws/install/transmission_interface/lib:/home/gursel/robotics_ws/install/gazebo_ros2_control/lib:/home/gursel/robotics_ws/install/controller_manager/lib:/home/gursel/robotics_ws/install/controller_interface/lib:/home/gursel/robotics_ws/install/controller_manager_msgs/lib:/opt/ros/humble/opt/rviz_ogre_vendor/lib:/opt/ros/humble/lib/x86_64-linux-gnu:/opt/ros/humble/lib /usr/bin/cmake --install /home/gursel/robotics_ws/build/transmission_interface
