[0.023s] Invoking command in '/home/gursel/robotics_ws/build/controller_manager': CMAKE_PREFIX_PATH=/home/gursel/robotics_ws/install/controller_interface:/home/gursel/robotics_ws/install/hardware_interface:/home/gursel/robotics_ws/install/ros2_control_test_assets:/home/gursel/robotics_ws/install/controller_manager_msgs:/home/gursel/robotics_ws/install/ros2_control:/home/gursel/robotics_ws/install/transmission_interface:/home/gursel/robotics_ws/install/controller_manager:/home/gursel/robotics_ws/install/joint_limits:/home/gursel/robotics_ws/install/rqt_controller_manager:/home/gursel/robotics_ws/install/ros2controlcli:/home/gursel/robotics_ws/install/robotic_arm:/opt/ros/humble LD_LIBRARY_PATH=/home/gursel/robotics_ws/install/controller_interface/lib:/home/gursel/robotics_ws/install/hardware_interface/lib:/home/gursel/robotics_ws/install/controller_manager_msgs/lib:/usr/local/cuda/lib64:/home/gursel/robotics_ws/install/transmission_interface/lib:/home/gursel/robotics_ws/install/controller_manager/lib:/opt/ros/humble/opt/rviz_ogre_vendor/lib:/opt/ros/humble/lib/x86_64-linux-gnu:/opt/ros/humble/lib /usr/bin/cmake --build /home/gursel/robotics_ws/build/controller_manager -- -j8 -l8
[0.067s] [  6%] Built target gmock_main
[0.068s] [ 15%] Built target gmock
[0.069s] [ 15%] Built target ament_cmake_python_copy_controller_manager_setup
[0.070s] [ 15%] Built target ament_cmake_python_copy_controller_manager
[0.073s] [ 21%] Built target controller_manager
[0.105s] [ 27%] Built target ros2_control_node
[0.105s] [ 33%] Built target test_controller
[0.109s] [ 39%] Built target test_chainable_controller
[0.111s] [ 45%] Built target test_controller_failed_init
[0.113s] [ 51%] Built target test_controller_with_interfaces
[0.150s] [ 57%] Built target test_spawner_unspawner
[0.150s] [ 63%] Built target test_controller_manager
[0.158s] [ 69%] Built target test_controller_manager_with_namespace.cpp
[0.165s] [ 75%] Built target test_hardware_management_srvs
[0.168s] [ 81%] Built target test_load_controller
[0.174s] [ 87%] Built target test_controllers_chaining_with_controller_manager
[0.186s] [ 93%] Built target test_release_interfaces
[0.191s] [100%] Built target test_controller_manager_srvs
[0.366s] running install_scripts
[0.380s] running egg_info
[0.381s] writing controller_manager.egg-info/PKG-INFO
[0.381s] writing dependency_links to controller_manager.egg-info/dependency_links.txt
[0.381s] writing entry points to controller_manager.egg-info/entry_points.txt
[0.381s] writing top-level names to controller_manager.egg-info/top_level.txt
[0.383s] reading manifest file 'controller_manager.egg-info/SOURCES.txt'
[0.384s] writing manifest file 'controller_manager.egg-info/SOURCES.txt'
[0.387s] running egg_info
[0.388s] writing controller_manager.egg-info/PKG-INFO
[0.388s] writing dependency_links to controller_manager.egg-info/dependency_links.txt
[0.388s] writing entry points to controller_manager.egg-info/entry_points.txt
[0.388s] writing top-level names to controller_manager.egg-info/top_level.txt
[0.390s] reading manifest file 'controller_manager.egg-info/SOURCES.txt'
[0.390s] writing manifest file 'controller_manager.egg-info/SOURCES.txt'
[0.391s] Installing spawner script to scripts
[0.391s] Installing unspawner script to scripts
[0.409s] [100%] Built target ament_cmake_python_build_controller_manager_egg
[0.423s] [100%] Built target ament_cmake_python_build_controller_manager_scripts
[0.430s] Invoked command in '/home/gursel/robotics_ws/build/controller_manager' returned '0': CMAKE_PREFIX_PATH=/home/gursel/robotics_ws/install/controller_interface:/home/gursel/robotics_ws/install/hardware_interface:/home/gursel/robotics_ws/install/ros2_control_test_assets:/home/gursel/robotics_ws/install/controller_manager_msgs:/home/gursel/robotics_ws/install/ros2_control:/home/gursel/robotics_ws/install/transmission_interface:/home/gursel/robotics_ws/install/controller_manager:/home/gursel/robotics_ws/install/joint_limits:/home/gursel/robotics_ws/install/rqt_controller_manager:/home/gursel/robotics_ws/install/ros2controlcli:/home/gursel/robotics_ws/install/robotic_arm:/opt/ros/humble LD_LIBRARY_PATH=/home/gursel/robotics_ws/install/controller_interface/lib:/home/gursel/robotics_ws/install/hardware_interface/lib:/home/gursel/robotics_ws/install/controller_manager_msgs/lib:/usr/local/cuda/lib64:/home/gursel/robotics_ws/install/transmission_interface/lib:/home/gursel/robotics_ws/install/controller_manager/lib:/opt/ros/humble/opt/rviz_ogre_vendor/lib:/opt/ros/humble/lib/x86_64-linux-gnu:/opt/ros/humble/lib /usr/bin/cmake --build /home/gursel/robotics_ws/build/controller_manager -- -j8 -l8
[0.473s] Invoking command in '/home/gursel/robotics_ws/build/controller_manager': CMAKE_PREFIX_PATH=/home/gursel/robotics_ws/install/controller_interface:/home/gursel/robotics_ws/install/hardware_interface:/home/gursel/robotics_ws/install/ros2_control_test_assets:/home/gursel/robotics_ws/install/controller_manager_msgs:/home/gursel/robotics_ws/install/ros2_control:/home/gursel/robotics_ws/install/transmission_interface:/home/gursel/robotics_ws/install/controller_manager:/home/gursel/robotics_ws/install/joint_limits:/home/gursel/robotics_ws/install/rqt_controller_manager:/home/gursel/robotics_ws/install/ros2controlcli:/home/gursel/robotics_ws/install/robotic_arm:/opt/ros/humble LD_LIBRARY_PATH=/home/gursel/robotics_ws/install/controller_interface/lib:/home/gursel/robotics_ws/install/hardware_interface/lib:/home/gursel/robotics_ws/install/controller_manager_msgs/lib:/usr/local/cuda/lib64:/home/gursel/robotics_ws/install/transmission_interface/lib:/home/gursel/robotics_ws/install/controller_manager/lib:/opt/ros/humble/opt/rviz_ogre_vendor/lib:/opt/ros/humble/lib/x86_64-linux-gnu:/opt/ros/humble/lib /usr/bin/cmake --install /home/gursel/robotics_ws/build/controller_manager
[0.479s] -- Install configuration: ""
[0.479s] -- Up-to-date: /home/gursel/robotics_ws/install/controller_manager/lib/libcontroller_manager.so
[0.479s] -- Up-to-date: /home/gursel/robotics_ws/install/controller_manager/lib/controller_manager/ros2_control_node
[0.479s] -- Up-to-date: /home/gursel/robotics_ws/install/controller_manager/include
[0.479s] -- Up-to-date: /home/gursel/robotics_ws/install/controller_manager/include/controller_manager
[0.479s] -- Up-to-date: /home/gursel/robotics_ws/install/controller_manager/include/controller_manager/visibility_control.h
[0.479s] -- Up-to-date: /home/gursel/robotics_ws/install/controller_manager/include/controller_manager/controller_spec.hpp
[0.479s] -- Up-to-date: /home/gursel/robotics_ws/install/controller_manager/include/controller_manager/controller_manager.hpp
[0.479s] -- Up-to-date: /home/gursel/robotics_ws/install/controller_manager/share/controller_manager/test/test_controller/test_controller.xml
[0.480s] -- Up-to-date: /home/gursel/robotics_ws/install/controller_manager/lib/libtest_controller.so
[0.480s] -- Up-to-date: /home/gursel/robotics_ws/install/controller_manager/share/controller_manager/test/test_controller_failed_init/test_controller_failed_init.xml
[0.480s] -- Up-to-date: /home/gursel/robotics_ws/install/controller_manager/lib/libtest_controller_failed_init.so
[0.480s] -- Up-to-date: /home/gursel/robotics_ws/install/controller_manager/share/controller_manager/test/test_chainable_controller/test_chainable_controller.xml
[0.480s] -- Up-to-date: /home/gursel/robotics_ws/install/controller_manager/lib/libtest_chainable_controller.so
[0.480s] -- Up-to-date: /home/gursel/robotics_ws/install/controller_manager/share/controller_manager/test/test_controller_with_interfaces/test_controller_with_interfaces.xml
[0.480s] -- Up-to-date: /home/gursel/robotics_ws/install/controller_manager/lib/libtest_controller_with_interfaces.so
[0.480s] -- Up-to-date: /home/gursel/robotics_ws/install/controller_manager/share/controller_manager/environment/pythonpath.sh
[0.480s] -- Up-to-date: /home/gursel/robotics_ws/install/controller_manager/share/controller_manager/environment/pythonpath.dsv
[0.480s] -- Up-to-date: /home/gursel/robotics_ws/install/controller_manager/local/lib/python3.10/dist-packages/controller_manager-2.23.0-py3.10.egg-info
[0.480s] -- Installing: /home/gursel/robotics_ws/install/controller_manager/local/lib/python3.10/dist-packages/controller_manager-2.23.0-py3.10.egg-info/SOURCES.txt
[0.481s] -- Installing: /home/gursel/robotics_ws/install/controller_manager/local/lib/python3.10/dist-packages/controller_manager-2.23.0-py3.10.egg-info/top_level.txt
[0.481s] -- Installing: /home/gursel/robotics_ws/install/controller_manager/local/lib/python3.10/dist-packages/controller_manager-2.23.0-py3.10.egg-info/dependency_links.txt
[0.481s] -- Installing: /home/gursel/robotics_ws/install/controller_manager/local/lib/python3.10/dist-packages/controller_manager-2.23.0-py3.10.egg-info/entry_points.txt
[0.481s] -- Installing: /home/gursel/robotics_ws/install/controller_manager/local/lib/python3.10/dist-packages/controller_manager-2.23.0-py3.10.egg-info/PKG-INFO
[0.481s] -- Up-to-date: /home/gursel/robotics_ws/install/controller_manager/lib/controller_manager/
[0.481s] -- Installing: /home/gursel/robotics_ws/install/controller_manager/lib/controller_manager//spawner
[0.481s] -- Installing: /home/gursel/robotics_ws/install/controller_manager/lib/controller_manager//unspawner
[0.481s] -- Up-to-date: /home/gursel/robotics_ws/install/controller_manager/local/lib/python3.10/dist-packages/controller_manager
[0.481s] -- Up-to-date: /home/gursel/robotics_ws/install/controller_manager/local/lib/python3.10/dist-packages/controller_manager/spawner.py
[0.481s] -- Up-to-date: /home/gursel/robotics_ws/install/controller_manager/local/lib/python3.10/dist-packages/controller_manager/unspawner.py
[0.481s] -- Up-to-date: /home/gursel/robotics_ws/install/controller_manager/local/lib/python3.10/dist-packages/controller_manager/__init__.py
[0.481s] -- Up-to-date: /home/gursel/robotics_ws/install/controller_manager/local/lib/python3.10/dist-packages/controller_manager/launch_utils.py
[0.481s] -- Up-to-date: /home/gursel/robotics_ws/install/controller_manager/local/lib/python3.10/dist-packages/controller_manager/controller_manager_services.py
[0.507s] Listing '/home/gursel/robotics_ws/install/controller_manager/local/lib/python3.10/dist-packages/controller_manager'...
[0.510s] -- Up-to-date: /home/gursel/robotics_ws/install/controller_manager/share/controller_manager/environment/library_path.sh
[0.510s] -- Up-to-date: /home/gursel/robotics_ws/install/controller_manager/share/controller_manager/environment/library_path.dsv
[0.510s] -- Up-to-date: /home/gursel/robotics_ws/install/controller_manager/share/ament_index/resource_index/package_run_dependencies/controller_manager
[0.510s] -- Up-to-date: /home/gursel/robotics_ws/install/controller_manager/share/ament_index/resource_index/parent_prefix_path/controller_manager
[0.511s] -- Up-to-date: /home/gursel/robotics_ws/install/controller_manager/share/controller_manager/environment/ament_prefix_path.sh
[0.511s] -- Up-to-date: /home/gursel/robotics_ws/install/controller_manager/share/controller_manager/environment/ament_prefix_path.dsv
[0.511s] -- Up-to-date: /home/gursel/robotics_ws/install/controller_manager/share/controller_manager/environment/path.sh
[0.511s] -- Up-to-date: /home/gursel/robotics_ws/install/controller_manager/share/controller_manager/environment/path.dsv
[0.511s] -- Up-to-date: /home/gursel/robotics_ws/install/controller_manager/share/controller_manager/local_setup.bash
[0.511s] -- Up-to-date: /home/gursel/robotics_ws/install/controller_manager/share/controller_manager/local_setup.sh
[0.511s] -- Up-to-date: /home/gursel/robotics_ws/install/controller_manager/share/controller_manager/local_setup.zsh
[0.511s] -- Up-to-date: /home/gursel/robotics_ws/install/controller_manager/share/controller_manager/local_setup.dsv
[0.511s] -- Installing: /home/gursel/robotics_ws/install/controller_manager/share/controller_manager/package.dsv
[0.511s] -- Up-to-date: /home/gursel/robotics_ws/install/controller_manager/share/ament_index/resource_index/packages/controller_manager
[0.511s] -- Up-to-date: /home/gursel/robotics_ws/install/controller_manager/share/ament_index/resource_index/controller_interface__pluginlib__plugin/controller_manager
[0.511s] -- Up-to-date: /home/gursel/robotics_ws/install/controller_manager/share/controller_manager/cmake/ament_cmake_export_libraries-extras.cmake
[0.511s] -- Up-to-date: /home/gursel/robotics_ws/install/controller_manager/share/controller_manager/cmake/ament_cmake_export_include_directories-extras.cmake
[0.511s] -- Up-to-date: /home/gursel/robotics_ws/install/controller_manager/share/controller_manager/cmake/ament_cmake_export_dependencies-extras.cmake
[0.511s] -- Up-to-date: /home/gursel/robotics_ws/install/controller_manager/share/controller_manager/cmake/controller_managerConfig.cmake
[0.511s] -- Up-to-date: /home/gursel/robotics_ws/install/controller_manager/share/controller_manager/cmake/controller_managerConfig-version.cmake
[0.511s] -- Up-to-date: /home/gursel/robotics_ws/install/controller_manager/share/controller_manager/package.xml
[0.514s] Invoked command in '/home/gursel/robotics_ws/build/controller_manager' returned '0': CMAKE_PREFIX_PATH=/home/gursel/robotics_ws/install/controller_interface:/home/gursel/robotics_ws/install/hardware_interface:/home/gursel/robotics_ws/install/ros2_control_test_assets:/home/gursel/robotics_ws/install/controller_manager_msgs:/home/gursel/robotics_ws/install/ros2_control:/home/gursel/robotics_ws/install/transmission_interface:/home/gursel/robotics_ws/install/controller_manager:/home/gursel/robotics_ws/install/joint_limits:/home/gursel/robotics_ws/install/rqt_controller_manager:/home/gursel/robotics_ws/install/ros2controlcli:/home/gursel/robotics_ws/install/robotic_arm:/opt/ros/humble LD_LIBRARY_PATH=/home/gursel/robotics_ws/install/controller_interface/lib:/home/gursel/robotics_ws/install/hardware_interface/lib:/home/gursel/robotics_ws/install/controller_manager_msgs/lib:/usr/local/cuda/lib64:/home/gursel/robotics_ws/install/transmission_interface/lib:/home/gursel/robotics_ws/install/controller_manager/lib:/opt/ros/humble/opt/rviz_ogre_vendor/lib:/opt/ros/humble/lib/x86_64-linux-gnu:/opt/ros/humble/lib /usr/bin/cmake --install /home/gursel/robotics_ws/build/controller_manager
