[0.015s] Invoking command in '/home/gursel/robotics_ws/build/controller_manager': CMAKE_PREFIX_PATH=/home/gursel/robotics_ws/install/controller_interface:/home/gursel/robotics_ws/install/hardware_interface:/home/gursel/robotics_ws/install/ros2_control_test_assets:/home/gursel/robotics_ws/install/controller_manager_msgs:/home/gursel/robotics_ws/install/gazebo_ros2_control_demos:/home/gursel/robotics_ws/install/ros2_control:/home/gursel/robotics_ws/install/transmission_interface:/home/gursel/robotics_ws/install/gazebo_ros2_control:/home/gursel/robotics_ws/install/controller_manager:/home/gursel/robotics_ws/install/joint_limits:/home/gursel/robotics_ws/install/rqt_controller_manager:/home/gursel/robotics_ws/install/ros2controlcli:/home/gursel/robotics_ws/install/robotic_arm:/opt/ros/humble LD_LIBRARY_PATH=/home/gursel/robotics_ws/install/controller_interface/lib:/home/gursel/robotics_ws/install/hardware_interface/lib:/home/gursel/robotics_ws/install/controller_manager_msgs/lib:/usr/local/cuda/lib64:/home/gursel/robotics_ws/install/transmission_interface/lib:/home/gursel/robotics_ws/install/gazebo_ros2_control/lib:/home/gursel/robotics_ws/install/controller_manager/lib:/opt/ros/humble/opt/rviz_ogre_vendor/lib:/opt/ros/humble/lib/x86_64-linux-gnu:/opt/ros/humble/lib /usr/bin/cmake --build /home/gursel/robotics_ws/build/controller_manager -- -j8 -l8
[0.057s] [ 12%] Built target gmock_main
[0.057s] [ 15%] Built target gmock
[0.058s] [ 21%] Built target controller_manager
[0.060s] [ 21%] Built target ament_cmake_python_copy_controller_manager_setup
[0.063s] [ 21%] Built target ament_cmake_python_copy_controller_manager
[0.088s] [ 27%] Built target test_controller
[0.089s] [ 33%] Built target ros2_control_node
[0.096s] [ 42%] Built target test_controller_failed_init
[0.096s] [ 45%] Built target test_controller_with_interfaces
[0.097s] [ 51%] Built target test_chainable_controller
[0.133s] [ 57%] Built target test_spawner_unspawner
[0.140s] [ 63%] Built target test_hardware_management_srvs
[0.141s] [ 69%] Built target test_controller_manager
[0.145s] [ 75%] Built target test_controller_manager_with_namespace.cpp
[0.150s] [ 81%] Built target test_load_controller
[0.153s] [ 87%] Built target test_controllers_chaining_with_controller_manager
[0.167s] [ 93%] Built target test_release_interfaces
[0.175s] [100%] Built target test_controller_manager_srvs
[0.375s] running install_scripts
[0.377s] running egg_info
[0.377s] writing controller_manager.egg-info/PKG-INFO
[0.377s] writing dependency_links to controller_manager.egg-info/dependency_links.txt
[0.377s] writing entry points to controller_manager.egg-info/entry_points.txt
[0.377s] writing top-level names to controller_manager.egg-info/top_level.txt
[0.379s] reading manifest file 'controller_manager.egg-info/SOURCES.txt'
[0.380s] writing manifest file 'controller_manager.egg-info/SOURCES.txt'
[0.395s] running egg_info
[0.395s] writing controller_manager.egg-info/PKG-INFO
[0.396s] writing dependency_links to controller_manager.egg-info/dependency_links.txt
[0.396s] writing entry points to controller_manager.egg-info/entry_points.txt
[0.396s] writing top-level names to controller_manager.egg-info/top_level.txt
[0.398s] reading manifest file 'controller_manager.egg-info/SOURCES.txt'
[0.399s] writing manifest file 'controller_manager.egg-info/SOURCES.txt'
[0.400s] Installing spawner script to scripts
[0.401s] Installing unspawner script to scripts
[0.402s] [100%] Built target ament_cmake_python_build_controller_manager_egg
[0.425s] [100%] Built target ament_cmake_python_build_controller_manager_scripts
[0.434s] Invoked command in '/home/gursel/robotics_ws/build/controller_manager' returned '0': CMAKE_PREFIX_PATH=/home/gursel/robotics_ws/install/controller_interface:/home/gursel/robotics_ws/install/hardware_interface:/home/gursel/robotics_ws/install/ros2_control_test_assets:/home/gursel/robotics_ws/install/controller_manager_msgs:/home/gursel/robotics_ws/install/gazebo_ros2_control_demos:/home/gursel/robotics_ws/install/ros2_control:/home/gursel/robotics_ws/install/transmission_interface:/home/gursel/robotics_ws/install/gazebo_ros2_control:/home/gursel/robotics_ws/install/controller_manager:/home/gursel/robotics_ws/install/joint_limits:/home/gursel/robotics_ws/install/rqt_controller_manager:/home/gursel/robotics_ws/install/ros2controlcli:/home/gursel/robotics_ws/install/robotic_arm:/opt/ros/humble LD_LIBRARY_PATH=/home/gursel/robotics_ws/install/controller_interface/lib:/home/gursel/robotics_ws/install/hardware_interface/lib:/home/gursel/robotics_ws/install/controller_manager_msgs/lib:/usr/local/cuda/lib64:/home/gursel/robotics_ws/install/transmission_interface/lib:/home/gursel/robotics_ws/install/gazebo_ros2_control/lib:/home/gursel/robotics_ws/install/controller_manager/lib:/opt/ros/humble/opt/rviz_ogre_vendor/lib:/opt/ros/humble/lib/x86_64-linux-gnu:/opt/ros/humble/lib /usr/bin/cmake --build /home/gursel/robotics_ws/build/controller_manager -- -j8 -l8
[0.475s] Invoking command in '/home/gursel/robotics_ws/build/controller_manager': CMAKE_PREFIX_PATH=/home/gursel/robotics_ws/install/controller_interface:/home/gursel/robotics_ws/install/hardware_interface:/home/gursel/robotics_ws/install/ros2_control_test_assets:/home/gursel/robotics_ws/install/controller_manager_msgs:/home/gursel/robotics_ws/install/gazebo_ros2_control_demos:/home/gursel/robotics_ws/install/ros2_control:/home/gursel/robotics_ws/install/transmission_interface:/home/gursel/robotics_ws/install/gazebo_ros2_control:/home/gursel/robotics_ws/install/controller_manager:/home/gursel/robotics_ws/install/joint_limits:/home/gursel/robotics_ws/install/rqt_controller_manager:/home/gursel/robotics_ws/install/ros2controlcli:/home/gursel/robotics_ws/install/robotic_arm:/opt/ros/humble LD_LIBRARY_PATH=/home/gursel/robotics_ws/install/controller_interface/lib:/home/gursel/robotics_ws/install/hardware_interface/lib:/home/gursel/robotics_ws/install/controller_manager_msgs/lib:/usr/local/cuda/lib64:/home/gursel/robotics_ws/install/transmission_interface/lib:/home/gursel/robotics_ws/install/gazebo_ros2_control/lib:/home/gursel/robotics_ws/install/controller_manager/lib:/opt/ros/humble/opt/rviz_ogre_vendor/lib:/opt/ros/humble/lib/x86_64-linux-gnu:/opt/ros/humble/lib /usr/bin/cmake --install /home/gursel/robotics_ws/build/controller_manager
[0.481s] -- Install configuration: ""
[0.481s] -- Up-to-date: /home/gursel/robotics_ws/install/controller_manager/lib/libcontroller_manager.so
[0.481s] -- Up-to-date: /home/gursel/robotics_ws/install/controller_manager/lib/controller_manager/ros2_control_node
[0.481s] -- Up-to-date: /home/gursel/robotics_ws/install/controller_manager/include
[0.482s] -- Up-to-date: /home/gursel/robotics_ws/install/controller_manager/include/controller_manager
[0.482s] -- Up-to-date: /home/gursel/robotics_ws/install/controller_manager/include/controller_manager/visibility_control.h
[0.482s] -- Up-to-date: /home/gursel/robotics_ws/install/controller_manager/include/controller_manager/controller_spec.hpp
[0.482s] -- Up-to-date: /home/gursel/robotics_ws/install/controller_manager/include/controller_manager/controller_manager.hpp
[0.482s] -- Up-to-date: /home/gursel/robotics_ws/install/controller_manager/share/controller_manager/test/test_controller/test_controller.xml
[0.482s] -- Up-to-date: /home/gursel/robotics_ws/install/controller_manager/lib/libtest_controller.so
[0.482s] -- Up-to-date: /home/gursel/robotics_ws/install/controller_manager/share/controller_manager/test/test_controller_failed_init/test_controller_failed_init.xml
[0.482s] -- Up-to-date: /home/gursel/robotics_ws/install/controller_manager/lib/libtest_controller_failed_init.so
[0.482s] -- Up-to-date: /home/gursel/robotics_ws/install/controller_manager/share/controller_manager/test/test_chainable_controller/test_chainable_controller.xml
[0.482s] -- Up-to-date: /home/gursel/robotics_ws/install/controller_manager/lib/libtest_chainable_controller.so
[0.482s] -- Up-to-date: /home/gursel/robotics_ws/install/controller_manager/share/controller_manager/test/test_controller_with_interfaces/test_controller_with_interfaces.xml
[0.482s] -- Up-to-date: /home/gursel/robotics_ws/install/controller_manager/lib/libtest_controller_with_interfaces.so
[0.482s] -- Up-to-date: /home/gursel/robotics_ws/install/controller_manager/share/controller_manager/environment/pythonpath.sh
[0.482s] -- Up-to-date: /home/gursel/robotics_ws/install/controller_manager/share/controller_manager/environment/pythonpath.dsv
[0.482s] -- Up-to-date: /home/gursel/robotics_ws/install/controller_manager/local/lib/python3.10/dist-packages/controller_manager-2.23.0-py3.10.egg-info
[0.483s] -- Installing: /home/gursel/robotics_ws/install/controller_manager/local/lib/python3.10/dist-packages/controller_manager-2.23.0-py3.10.egg-info/SOURCES.txt
[0.483s] -- Installing: /home/gursel/robotics_ws/install/controller_manager/local/lib/python3.10/dist-packages/controller_manager-2.23.0-py3.10.egg-info/top_level.txt
[0.483s] -- Installing: /home/gursel/robotics_ws/install/controller_manager/local/lib/python3.10/dist-packages/controller_manager-2.23.0-py3.10.egg-info/dependency_links.txt
[0.483s] -- Installing: /home/gursel/robotics_ws/install/controller_manager/local/lib/python3.10/dist-packages/controller_manager-2.23.0-py3.10.egg-info/entry_points.txt
[0.483s] -- Installing: /home/gursel/robotics_ws/install/controller_manager/local/lib/python3.10/dist-packages/controller_manager-2.23.0-py3.10.egg-info/PKG-INFO
[0.483s] -- Up-to-date: /home/gursel/robotics_ws/install/controller_manager/lib/controller_manager/
[0.483s] -- Installing: /home/gursel/robotics_ws/install/controller_manager/lib/controller_manager//spawner
[0.483s] -- Installing: /home/gursel/robotics_ws/install/controller_manager/lib/controller_manager//unspawner
[0.483s] -- Up-to-date: /home/gursel/robotics_ws/install/controller_manager/local/lib/python3.10/dist-packages/controller_manager
[0.483s] -- Up-to-date: /home/gursel/robotics_ws/install/controller_manager/local/lib/python3.10/dist-packages/controller_manager/spawner.py
[0.484s] -- Up-to-date: /home/gursel/robotics_ws/install/controller_manager/local/lib/python3.10/dist-packages/controller_manager/unspawner.py
[0.484s] -- Up-to-date: /home/gursel/robotics_ws/install/controller_manager/local/lib/python3.10/dist-packages/controller_manager/__init__.py
[0.484s] -- Up-to-date: /home/gursel/robotics_ws/install/controller_manager/local/lib/python3.10/dist-packages/controller_manager/launch_utils.py
[0.484s] -- Up-to-date: /home/gursel/robotics_ws/install/controller_manager/local/lib/python3.10/dist-packages/controller_manager/controller_manager_services.py
[0.508s] Listing '/home/gursel/robotics_ws/install/controller_manager/local/lib/python3.10/dist-packages/controller_manager'...
[0.512s] -- Up-to-date: /home/gursel/robotics_ws/install/controller_manager/share/controller_manager/environment/library_path.sh
[0.512s] -- Up-to-date: /home/gursel/robotics_ws/install/controller_manager/share/controller_manager/environment/library_path.dsv
[0.512s] -- Up-to-date: /home/gursel/robotics_ws/install/controller_manager/share/ament_index/resource_index/package_run_dependencies/controller_manager
[0.512s] -- Up-to-date: /home/gursel/robotics_ws/install/controller_manager/share/ament_index/resource_index/parent_prefix_path/controller_manager
[0.512s] -- Up-to-date: /home/gursel/robotics_ws/install/controller_manager/share/controller_manager/environment/ament_prefix_path.sh
[0.513s] -- Up-to-date: /home/gursel/robotics_ws/install/controller_manager/share/controller_manager/environment/ament_prefix_path.dsv
[0.513s] -- Up-to-date: /home/gursel/robotics_ws/install/controller_manager/share/controller_manager/environment/path.sh
[0.513s] -- Up-to-date: /home/gursel/robotics_ws/install/controller_manager/share/controller_manager/environment/path.dsv
[0.513s] -- Up-to-date: /home/gursel/robotics_ws/install/controller_manager/share/controller_manager/local_setup.bash
[0.513s] -- Up-to-date: /home/gursel/robotics_ws/install/controller_manager/share/controller_manager/local_setup.sh
[0.513s] -- Up-to-date: /home/gursel/robotics_ws/install/controller_manager/share/controller_manager/local_setup.zsh
[0.513s] -- Up-to-date: /home/gursel/robotics_ws/install/controller_manager/share/controller_manager/local_setup.dsv
[0.513s] -- Installing: /home/gursel/robotics_ws/install/controller_manager/share/controller_manager/package.dsv
[0.513s] -- Up-to-date: /home/gursel/robotics_ws/install/controller_manager/share/ament_index/resource_index/packages/controller_manager
[0.513s] -- Up-to-date: /home/gursel/robotics_ws/install/controller_manager/share/ament_index/resource_index/controller_interface__pluginlib__plugin/controller_manager
[0.513s] -- Up-to-date: /home/gursel/robotics_ws/install/controller_manager/share/controller_manager/cmake/ament_cmake_export_libraries-extras.cmake
[0.514s] -- Up-to-date: /home/gursel/robotics_ws/install/controller_manager/share/controller_manager/cmake/ament_cmake_export_include_directories-extras.cmake
[0.514s] -- Up-to-date: /home/gursel/robotics_ws/install/controller_manager/share/controller_manager/cmake/ament_cmake_export_dependencies-extras.cmake
[0.514s] -- Up-to-date: /home/gursel/robotics_ws/install/controller_manager/share/controller_manager/cmake/controller_managerConfig.cmake
[0.514s] -- Up-to-date: /home/gursel/robotics_ws/install/controller_manager/share/controller_manager/cmake/controller_managerConfig-version.cmake
[0.514s] -- Up-to-date: /home/gursel/robotics_ws/install/controller_manager/share/controller_manager/package.xml
[0.518s] Invoked command in '/home/gursel/robotics_ws/build/controller_manager' returned '0': CMAKE_PREFIX_PATH=/home/gursel/robotics_ws/install/controller_interface:/home/gursel/robotics_ws/install/hardware_interface:/home/gursel/robotics_ws/install/ros2_control_test_assets:/home/gursel/robotics_ws/install/controller_manager_msgs:/home/gursel/robotics_ws/install/gazebo_ros2_control_demos:/home/gursel/robotics_ws/install/ros2_control:/home/gursel/robotics_ws/install/transmission_interface:/home/gursel/robotics_ws/install/gazebo_ros2_control:/home/gursel/robotics_ws/install/controller_manager:/home/gursel/robotics_ws/install/joint_limits:/home/gursel/robotics_ws/install/rqt_controller_manager:/home/gursel/robotics_ws/install/ros2controlcli:/home/gursel/robotics_ws/install/robotic_arm:/opt/ros/humble LD_LIBRARY_PATH=/home/gursel/robotics_ws/install/controller_interface/lib:/home/gursel/robotics_ws/install/hardware_interface/lib:/home/gursel/robotics_ws/install/controller_manager_msgs/lib:/usr/local/cuda/lib64:/home/gursel/robotics_ws/install/transmission_interface/lib:/home/gursel/robotics_ws/install/gazebo_ros2_control/lib:/home/gursel/robotics_ws/install/controller_manager/lib:/opt/ros/humble/opt/rviz_ogre_vendor/lib:/opt/ros/humble/lib/x86_64-linux-gnu:/opt/ros/humble/lib /usr/bin/cmake --install /home/gursel/robotics_ws/build/controller_manager
