[0.278s] Invoking command in '/home/gursel/robotics_ws/build/gazebo_ros2_control': CMAKE_PREFIX_PATH=/home/gursel/robotics_ws/install/controller_manager:/home/gursel/robotics_ws/install/controller_interface:/home/gursel/robotics_ws/install/hardware_interface:/home/gursel/robotics_ws/install/ros2_control_test_assets:/home/gursel/robotics_ws/install/controller_manager_msgs:/home/gursel/robotics_ws/install/gazebo_ros2_control_demos:/home/gursel/robotics_ws/install/ros2_control:/home/gursel/robotics_ws/install/transmission_interface:/home/gursel/robotics_ws/install/gazebo_ros2_control:/home/gursel/robotics_ws/install/joint_limits:/home/gursel/robotics_ws/install/rqt_controller_manager:/home/gursel/robotics_ws/install/ros2controlcli:/home/gursel/robotics_ws/install/robotic_arm:/opt/ros/humble LD_LIBRARY_PATH=/home/gursel/robotics_ws/install/controller_manager/lib:/home/gursel/robotics_ws/install/controller_interface/lib:/home/gursel/robotics_ws/install/hardware_interface/lib:/home/gursel/robotics_ws/install/controller_manager_msgs/lib:/usr/local/cuda/lib64:/home/gursel/robotics_ws/install/transmission_interface/lib:/home/gursel/robotics_ws/install/gazebo_ros2_control/lib:/opt/ros/humble/opt/rviz_ogre_vendor/lib:/opt/ros/humble/lib/x86_64-linux-gnu:/opt/ros/humble/lib /usr/bin/cmake --build /home/gursel/robotics_ws/build/gazebo_ros2_control -- -j8 -l8
[0.329s] [ 50%] Built target gazebo_hardware_plugins
[0.330s] [100%] Built target gazebo_ros2_control
[0.338s] Invoked command in '/home/gursel/robotics_ws/build/gazebo_ros2_control' returned '0': CMAKE_PREFIX_PATH=/home/gursel/robotics_ws/install/controller_manager:/home/gursel/robotics_ws/install/controller_interface:/home/gursel/robotics_ws/install/hardware_interface:/home/gursel/robotics_ws/install/ros2_control_test_assets:/home/gursel/robotics_ws/install/controller_manager_msgs:/home/gursel/robotics_ws/install/gazebo_ros2_control_demos:/home/gursel/robotics_ws/install/ros2_control:/home/gursel/robotics_ws/install/transmission_interface:/home/gursel/robotics_ws/install/gazebo_ros2_control:/home/gursel/robotics_ws/install/joint_limits:/home/gursel/robotics_ws/install/rqt_controller_manager:/home/gursel/robotics_ws/install/ros2controlcli:/home/gursel/robotics_ws/install/robotic_arm:/opt/ros/humble LD_LIBRARY_PATH=/home/gursel/robotics_ws/install/controller_manager/lib:/home/gursel/robotics_ws/install/controller_interface/lib:/home/gursel/robotics_ws/install/hardware_interface/lib:/home/gursel/robotics_ws/install/controller_manager_msgs/lib:/usr/local/cuda/lib64:/home/gursel/robotics_ws/install/transmission_interface/lib:/home/gursel/robotics_ws/install/gazebo_ros2_control/lib:/opt/ros/humble/opt/rviz_ogre_vendor/lib:/opt/ros/humble/lib/x86_64-linux-gnu:/opt/ros/humble/lib /usr/bin/cmake --build /home/gursel/robotics_ws/build/gazebo_ros2_control -- -j8 -l8
[0.358s] Invoking command in '/home/gursel/robotics_ws/build/gazebo_ros2_control': CMAKE_PREFIX_PATH=/home/gursel/robotics_ws/install/controller_manager:/home/gursel/robotics_ws/install/controller_interface:/home/gursel/robotics_ws/install/hardware_interface:/home/gursel/robotics_ws/install/ros2_control_test_assets:/home/gursel/robotics_ws/install/controller_manager_msgs:/home/gursel/robotics_ws/install/gazebo_ros2_control_demos:/home/gursel/robotics_ws/install/ros2_control:/home/gursel/robotics_ws/install/transmission_interface:/home/gursel/robotics_ws/install/gazebo_ros2_control:/home/gursel/robotics_ws/install/joint_limits:/home/gursel/robotics_ws/install/rqt_controller_manager:/home/gursel/robotics_ws/install/ros2controlcli:/home/gursel/robotics_ws/install/robotic_arm:/opt/ros/humble LD_LIBRARY_PATH=/home/gursel/robotics_ws/install/controller_manager/lib:/home/gursel/robotics_ws/install/controller_interface/lib:/home/gursel/robotics_ws/install/hardware_interface/lib:/home/gursel/robotics_ws/install/controller_manager_msgs/lib:/usr/local/cuda/lib64:/home/gursel/robotics_ws/install/transmission_interface/lib:/home/gursel/robotics_ws/install/gazebo_ros2_control/lib:/opt/ros/humble/opt/rviz_ogre_vendor/lib:/opt/ros/humble/lib/x86_64-linux-gnu:/opt/ros/humble/lib /usr/bin/cmake --install /home/gursel/robotics_ws/build/gazebo_ros2_control
[0.363s] -- Install configuration: ""
[0.363s] -- Up-to-date: /home/gursel/robotics_ws/install/gazebo_ros2_control/lib/libgazebo_ros2_control.so
[0.363s] -- Up-to-date: /home/gursel/robotics_ws/install/gazebo_ros2_control/lib/libgazebo_hardware_plugins.so
[0.364s] -- Up-to-date: /home/gursel/robotics_ws/install/gazebo_ros2_control/share/gazebo_ros2_control/environment/library_path.sh
[0.364s] -- Up-to-date: /home/gursel/robotics_ws/install/gazebo_ros2_control/share/gazebo_ros2_control/environment/library_path.dsv
[0.364s] -- Up-to-date: /home/gursel/robotics_ws/install/gazebo_ros2_control/include/gazebo_ros2_control
[0.364s] -- Up-to-date: /home/gursel/robotics_ws/install/gazebo_ros2_control/include/gazebo_ros2_control/gazebo_system_interface.hpp
[0.364s] -- Up-to-date: /home/gursel/robotics_ws/install/gazebo_ros2_control/include/gazebo_ros2_control/gazebo_system.hpp
[0.364s] -- Up-to-date: /home/gursel/robotics_ws/install/gazebo_ros2_control/include/gazebo_ros2_control/gazebo_ros2_control_plugin.hpp
[0.364s] -- Up-to-date: /home/gursel/robotics_ws/install/gazebo_ros2_control/share/gazebo_ros2_control/gazebo_hardware_plugins.xml
[0.364s] -- Up-to-date: /home/gursel/robotics_ws/install/gazebo_ros2_control/share/ament_index/resource_index/package_run_dependencies/gazebo_ros2_control
[0.364s] -- Up-to-date: /home/gursel/robotics_ws/install/gazebo_ros2_control/share/ament_index/resource_index/parent_prefix_path/gazebo_ros2_control
[0.364s] -- Up-to-date: /home/gursel/robotics_ws/install/gazebo_ros2_control/share/gazebo_ros2_control/environment/ament_prefix_path.sh
[0.365s] -- Up-to-date: /home/gursel/robotics_ws/install/gazebo_ros2_control/share/gazebo_ros2_control/environment/ament_prefix_path.dsv
[0.365s] -- Up-to-date: /home/gursel/robotics_ws/install/gazebo_ros2_control/share/gazebo_ros2_control/environment/path.sh
[0.365s] -- Up-to-date: /home/gursel/robotics_ws/install/gazebo_ros2_control/share/gazebo_ros2_control/environment/path.dsv
[0.365s] -- Up-to-date: /home/gursel/robotics_ws/install/gazebo_ros2_control/share/gazebo_ros2_control/local_setup.bash
[0.365s] -- Up-to-date: /home/gursel/robotics_ws/install/gazebo_ros2_control/share/gazebo_ros2_control/local_setup.sh
[0.365s] -- Up-to-date: /home/gursel/robotics_ws/install/gazebo_ros2_control/share/gazebo_ros2_control/local_setup.zsh
[0.365s] -- Up-to-date: /home/gursel/robotics_ws/install/gazebo_ros2_control/share/gazebo_ros2_control/local_setup.dsv
[0.365s] -- Installing: /home/gursel/robotics_ws/install/gazebo_ros2_control/share/gazebo_ros2_control/package.dsv
[0.365s] -- Up-to-date: /home/gursel/robotics_ws/install/gazebo_ros2_control/share/ament_index/resource_index/packages/gazebo_ros2_control
[0.365s] -- Up-to-date: /home/gursel/robotics_ws/install/gazebo_ros2_control/share/ament_index/resource_index/gazebo_ros2_control__pluginlib__plugin/gazebo_ros2_control
[0.366s] -- Up-to-date: /home/gursel/robotics_ws/install/gazebo_ros2_control/share/gazebo_ros2_control/cmake/ament_cmake_export_include_directories-extras.cmake
[0.366s] -- Up-to-date: /home/gursel/robotics_ws/install/gazebo_ros2_control/share/gazebo_ros2_control/cmake/ament_cmake_export_dependencies-extras.cmake
[0.366s] -- Up-to-date: /home/gursel/robotics_ws/install/gazebo_ros2_control/share/gazebo_ros2_control/cmake/ament_cmake_export_libraries-extras.cmake
[0.366s] -- Up-to-date: /home/gursel/robotics_ws/install/gazebo_ros2_control/share/gazebo_ros2_control/cmake/gazebo_ros2_controlConfig.cmake
[0.366s] -- Up-to-date: /home/gursel/robotics_ws/install/gazebo_ros2_control/share/gazebo_ros2_control/cmake/gazebo_ros2_controlConfig-version.cmake
[0.366s] -- Up-to-date: /home/gursel/robotics_ws/install/gazebo_ros2_control/share/gazebo_ros2_control/package.xml
[0.368s] Invoked command in '/home/gursel/robotics_ws/build/gazebo_ros2_control' returned '0': CMAKE_PREFIX_PATH=/home/gursel/robotics_ws/install/controller_manager:/home/gursel/robotics_ws/install/controller_interface:/home/gursel/robotics_ws/install/hardware_interface:/home/gursel/robotics_ws/install/ros2_control_test_assets:/home/gursel/robotics_ws/install/controller_manager_msgs:/home/gursel/robotics_ws/install/gazebo_ros2_control_demos:/home/gursel/robotics_ws/install/ros2_control:/home/gursel/robotics_ws/install/transmission_interface:/home/gursel/robotics_ws/install/gazebo_ros2_control:/home/gursel/robotics_ws/install/joint_limits:/home/gursel/robotics_ws/install/rqt_controller_manager:/home/gursel/robotics_ws/install/ros2controlcli:/home/gursel/robotics_ws/install/robotic_arm:/opt/ros/humble LD_LIBRARY_PATH=/home/gursel/robotics_ws/install/controller_manager/lib:/home/gursel/robotics_ws/install/controller_interface/lib:/home/gursel/robotics_ws/install/hardware_interface/lib:/home/gursel/robotics_ws/install/controller_manager_msgs/lib:/usr/local/cuda/lib64:/home/gursel/robotics_ws/install/transmission_interface/lib:/home/gursel/robotics_ws/install/gazebo_ros2_control/lib:/opt/ros/humble/opt/rviz_ogre_vendor/lib:/opt/ros/humble/lib/x86_64-linux-gnu:/opt/ros/humble/lib /usr/bin/cmake --install /home/gursel/robotics_ws/build/gazebo_ros2_control
