[0.007s] Invoking command in '/home/gursel/robotics_ws/build/transmission_interface': AMENT_PREFIX_PATH=/home/gursel/robotics_ws/install/hardware_interface:${AMENT_PREFIX_PATH} CMAKE_PREFIX_PATH=/home/gursel/robotics_ws/install/hardware_interface:/opt/ros/humble LD_LIBRARY_PATH=/home/gursel/robotics_ws/install/hardware_interface/lib:${LD_LIBRARY_PATH} /usr/bin/cmake /home/gursel/robotics_ws/src/ros2_control/transmission_interface -DCMAKE_INSTALL_PREFIX=/home/gursel/robotics_ws/install/transmission_interface
[0.044s] -- The C compiler identification is GNU 11.3.0
[0.083s] -- The CXX compiler identification is GNU 11.3.0
[0.088s] -- Detecting C compiler ABI info
[0.135s] -- Detecting C compiler ABI info - done
[0.141s] -- Check for working C compiler: /usr/bin/cc - skipped
[0.141s] -- Detecting C compile features
[0.141s] -- Detecting C compile features - done
[0.144s] -- Detecting CXX compiler ABI info
[0.198s] -- Detecting CXX compiler ABI info - done
[0.204s] -- Check for working CXX compiler: /usr/bin/c++ - skipped
[0.205s] -- Detecting CXX compile features
[0.205s] -- Detecting CXX compile features - done
[0.206s] -- Found ament_cmake: 1.3.3 (/opt/ros/humble/share/ament_cmake/cmake)
[0.343s] -- Found Python3: /usr/bin/python3.10 (found version "3.10.6") found components: Interpreter 
[0.410s] -- Found hardware_interface: 2.23.0 (/home/gursel/robotics_ws/install/hardware_interface/share/hardware_interface/cmake)
[0.441s] -- Found rosidl_generator_c: 3.1.4 (/opt/ros/humble/share/rosidl_generator_c/cmake)
[0.444s] -- Found rosidl_adapter: 3.1.4 (/opt/ros/humble/share/rosidl_adapter/cmake)
[0.451s] -- Found rosidl_generator_cpp: 3.1.4 (/opt/ros/humble/share/rosidl_generator_cpp/cmake)
[0.461s] -- Using all available rosidl_typesupport_c: rosidl_typesupport_fastrtps_c;rosidl_typesupport_introspection_c
[0.477s] -- Using all available rosidl_typesupport_cpp: rosidl_typesupport_fastrtps_cpp;rosidl_typesupport_introspection_cpp
[1.077s] -- Found rmw_implementation_cmake: 6.1.1 (/opt/ros/humble/share/rmw_implementation_cmake/cmake)
[1.079s] -- Found rmw_cyclonedds_cpp: 1.3.4 (/opt/ros/humble/share/rmw_cyclonedds_cpp/cmake)
[1.108s] -- Using RMW implementation 'rmw_cyclonedds_cpp' as default
[1.116s] -- Looking for pthread.h
[1.168s] -- Looking for pthread.h - found
[1.168s] -- Performing Test CMAKE_HAVE_LIBC_PTHREAD
[1.219s] -- Performing Test CMAKE_HAVE_LIBC_PTHREAD - Success
[1.220s] -- Found Threads: TRUE  
[1.426s] -- Found ament_cmake_gmock: 1.3.3 (/opt/ros/humble/share/ament_cmake_gmock/cmake)
[1.427s] -- Found gmock sources under '/opt/ros/humble/src/gmock_vendor': C++ tests using 'Google Mock' will be built
[1.431s] -- Found ament_cmake_gtest: 1.3.3 (/opt/ros/humble/share/ament_cmake_gtest/cmake)
[1.431s] -- Found gtest sources under '/opt/ros/humble/src/gtest_vendor': C++ tests using 'Google Test' will be built
[1.826s] -- Configuring done
[1.927s] -- Generating done
[1.930s] -- Build files have been written to: /home/gursel/robotics_ws/build/transmission_interface
[1.945s] Invoked command in '/home/gursel/robotics_ws/build/transmission_interface' returned '0': AMENT_PREFIX_PATH=/home/gursel/robotics_ws/install/hardware_interface:${AMENT_PREFIX_PATH} CMAKE_PREFIX_PATH=/home/gursel/robotics_ws/install/hardware_interface:/opt/ros/humble LD_LIBRARY_PATH=/home/gursel/robotics_ws/install/hardware_interface/lib:${LD_LIBRARY_PATH} /usr/bin/cmake /home/gursel/robotics_ws/src/ros2_control/transmission_interface -DCMAKE_INSTALL_PREFIX=/home/gursel/robotics_ws/install/transmission_interface
[1.946s] Invoking command in '/home/gursel/robotics_ws/build/transmission_interface': AMENT_PREFIX_PATH=/home/gursel/robotics_ws/install/hardware_interface:${AMENT_PREFIX_PATH} CMAKE_PREFIX_PATH=/home/gursel/robotics_ws/install/hardware_interface:/opt/ros/humble LD_LIBRARY_PATH=/home/gursel/robotics_ws/install/hardware_interface/lib:${LD_LIBRARY_PATH} /usr/bin/cmake --build /home/gursel/robotics_ws/build/transmission_interface -- -j8 -l8
[1.986s] [  9%] [32mBuilding CXX object CMakeFiles/transmission_interface.dir/src/simple_transmission_loader.cpp.o[0m
[1.987s] [  9%] [32mBuilding CXX object gmock/CMakeFiles/gmock_main.dir/src/gmock_main.cc.o[0m
[2.002s] [ 14%] [32mBuilding CXX object CMakeFiles/transmission_interface.dir/src/four_bar_linkage_transmission_loader.cpp.o[0m
[2.046s] [ 23%] [32mBuilding CXX object CMakeFiles/transmission_interface.dir/src/differential_transmission_loader.cpp.o[0m
[2.052s] [ 23%] [32mBuilding CXX object gmock/CMakeFiles/gmock.dir/opt/ros/humble/src/gtest_vendor/src/gtest-all.cc.o[0m
[2.059s] [ 28%] [32mBuilding CXX object gmock/CMakeFiles/gmock.dir/src/gmock-all.cc.o[0m
[4.201s] [ 33%] [32m[1mLinking CXX static library libgmock_main.a[0m
[4.299s] [ 33%] Built target gmock_main
[7.667s] [ 38%] [32m[1mLinking CXX shared library libtransmission_interface.so[0m
[7.975s] [ 42%] [32m[1mLinking CXX static library libgmock.a[0m
[7.981s] [ 42%] Built target transmission_interface
[8.039s] [ 42%] Built target gmock
[8.065s] [ 47%] [32mBuilding CXX object CMakeFiles/test_simple_transmission_loader.dir/test/simple_transmission_loader_test.cpp.o[0m
[8.084s] [ 52%] [32mBuilding CXX object CMakeFiles/test_differential_transmission_loader.dir/test/differential_transmission_loader_test.cpp.o[0m
[8.095s] [ 57%] [32mBuilding CXX object CMakeFiles/test_simple_transmission.dir/test/simple_transmission_test.cpp.o[0m
[8.110s] [ 61%] [32mBuilding CXX object CMakeFiles/test_four_bar_linkage_transmission.dir/test/four_bar_linkage_transmission_test.cpp.o[0m
[8.135s] [ 66%] [32mBuilding CXX object CMakeFiles/test_differential_transmission.dir/test/differential_transmission_test.cpp.o[0m
[8.136s] [ 71%] [32mBuilding CXX object CMakeFiles/test_four_bar_linkage_transmission_loader.dir/test/four_bar_linkage_transmission_loader_test.cpp.o[0m
[12.939s] [ 76%] [32m[1mLinking CXX executable test_simple_transmission[0m
[13.144s] [ 80%] [32m[1mLinking CXX executable test_differential_transmission[0m
[13.380s] [ 85%] [32m[1mLinking CXX executable test_four_bar_linkage_transmission[0m
[13.700s] [ 85%] Built target test_simple_transmission
[13.904s] [ 85%] Built target test_differential_transmission
[13.967s] [ 85%] Built target test_four_bar_linkage_transmission
[15.221s] [ 90%] [32m[1mLinking CXX executable test_simple_transmission_loader[0m
[15.473s] [ 95%] [32m[1mLinking CXX executable test_four_bar_linkage_transmission_loader[0m
[15.675s] [ 95%] Built target test_simple_transmission_loader
[15.751s] [100%] [32m[1mLinking CXX executable test_differential_transmission_loader[0m
[15.873s] [100%] Built target test_four_bar_linkage_transmission_loader
[16.107s] [100%] Built target test_differential_transmission_loader
[16.115s] Invoked command in '/home/gursel/robotics_ws/build/transmission_interface' returned '0': AMENT_PREFIX_PATH=/home/gursel/robotics_ws/install/hardware_interface:${AMENT_PREFIX_PATH} CMAKE_PREFIX_PATH=/home/gursel/robotics_ws/install/hardware_interface:/opt/ros/humble LD_LIBRARY_PATH=/home/gursel/robotics_ws/install/hardware_interface/lib:${LD_LIBRARY_PATH} /usr/bin/cmake --build /home/gursel/robotics_ws/build/transmission_interface -- -j8 -l8
[16.143s] Invoking command in '/home/gursel/robotics_ws/build/transmission_interface': AMENT_PREFIX_PATH=/home/gursel/robotics_ws/install/hardware_interface:${AMENT_PREFIX_PATH} CMAKE_PREFIX_PATH=/home/gursel/robotics_ws/install/hardware_interface:/opt/ros/humble LD_LIBRARY_PATH=/home/gursel/robotics_ws/install/hardware_interface/lib:${LD_LIBRARY_PATH} /usr/bin/cmake --install /home/gursel/robotics_ws/build/transmission_interface
[16.148s] -- Install configuration: ""
[16.148s] -- Installing: /home/gursel/robotics_ws/install/transmission_interface/include
[16.148s] -- Installing: /home/gursel/robotics_ws/install/transmission_interface/include/transmission_interface
[16.148s] -- Installing: /home/gursel/robotics_ws/install/transmission_interface/include/transmission_interface/simple_transmission_loader.hpp
[16.148s] -- Installing: /home/gursel/robotics_ws/install/transmission_interface/include/transmission_interface/differential_transmission.hpp
[16.148s] -- Installing: /home/gursel/robotics_ws/install/transmission_interface/include/transmission_interface/simple_transmission.hpp
[16.148s] -- Installing: /home/gursel/robotics_ws/install/transmission_interface/include/transmission_interface/four_bar_linkage_transmission_loader.hpp
[16.148s] -- Installing: /home/gursel/robotics_ws/install/transmission_interface/include/transmission_interface/transmission_loader.hpp
[16.148s] -- Installing: /home/gursel/robotics_ws/install/transmission_interface/include/transmission_interface/visibility_control.h
[16.148s] -- Installing: /home/gursel/robotics_ws/install/transmission_interface/include/transmission_interface/differential_transmission_loader.hpp
[16.149s] -- Installing: /home/gursel/robotics_ws/install/transmission_interface/include/transmission_interface/accessor.hpp
[16.149s] -- Installing: /home/gursel/robotics_ws/install/transmission_interface/include/transmission_interface/transmission.hpp
[16.149s] -- Installing: /home/gursel/robotics_ws/install/transmission_interface/include/transmission_interface/exception.hpp
[16.149s] -- Installing: /home/gursel/robotics_ws/install/transmission_interface/include/transmission_interface/four_bar_linkage_transmission.hpp
[16.149s] -- Installing: /home/gursel/robotics_ws/install/transmission_interface/include/transmission_interface/handle.hpp
[16.149s] -- Installing: /home/gursel/robotics_ws/install/transmission_interface/include/transmission_interface/transmission_interface_exception.hpp
[16.149s] -- Installing: /home/gursel/robotics_ws/install/transmission_interface/share/transmission_interface/ros2_control_plugins.xml
[16.149s] -- Installing: /home/gursel/robotics_ws/install/transmission_interface/lib/libtransmission_interface.so
[16.150s] -- Set runtime path of "/home/gursel/robotics_ws/install/transmission_interface/lib/libtransmission_interface.so" to ""
[16.150s] -- Installing: /home/gursel/robotics_ws/install/transmission_interface/share/transmission_interface/environment/library_path.sh
[16.150s] -- Installing: /home/gursel/robotics_ws/install/transmission_interface/share/transmission_interface/environment/library_path.dsv
[16.150s] -- Installing: /home/gursel/robotics_ws/install/transmission_interface/share/ament_index/resource_index/package_run_dependencies/transmission_interface
[16.150s] -- Installing: /home/gursel/robotics_ws/install/transmission_interface/share/ament_index/resource_index/parent_prefix_path/transmission_interface
[16.150s] -- Installing: /home/gursel/robotics_ws/install/transmission_interface/share/transmission_interface/environment/ament_prefix_path.sh
[16.150s] -- Installing: /home/gursel/robotics_ws/install/transmission_interface/share/transmission_interface/environment/ament_prefix_path.dsv
[16.150s] -- Installing: /home/gursel/robotics_ws/install/transmission_interface/share/transmission_interface/environment/path.sh
[16.150s] -- Installing: /home/gursel/robotics_ws/install/transmission_interface/share/transmission_interface/environment/path.dsv
[16.150s] -- Installing: /home/gursel/robotics_ws/install/transmission_interface/share/transmission_interface/local_setup.bash
[16.150s] -- Installing: /home/gursel/robotics_ws/install/transmission_interface/share/transmission_interface/local_setup.sh
[16.150s] -- Installing: /home/gursel/robotics_ws/install/transmission_interface/share/transmission_interface/local_setup.zsh
[16.150s] -- Installing: /home/gursel/robotics_ws/install/transmission_interface/share/transmission_interface/local_setup.dsv
[16.151s] -- Installing: /home/gursel/robotics_ws/install/transmission_interface/share/transmission_interface/package.dsv
[16.151s] -- Installing: /home/gursel/robotics_ws/install/transmission_interface/share/ament_index/resource_index/packages/transmission_interface
[16.151s] -- Installing: /home/gursel/robotics_ws/install/transmission_interface/share/ament_index/resource_index/transmission_interface__pluginlib__plugin/transmission_interface
[16.151s] -- Installing: /home/gursel/robotics_ws/install/transmission_interface/share/transmission_interface/cmake/ament_cmake_export_include_directories-extras.cmake
[16.151s] -- Installing: /home/gursel/robotics_ws/install/transmission_interface/share/transmission_interface/cmake/ament_cmake_export_dependencies-extras.cmake
[16.151s] -- Installing: /home/gursel/robotics_ws/install/transmission_interface/share/transmission_interface/cmake/ament_cmake_export_libraries-extras.cmake
[16.151s] -- Installing: /home/gursel/robotics_ws/install/transmission_interface/share/transmission_interface/cmake/transmission_interfaceConfig.cmake
[16.151s] -- Installing: /home/gursel/robotics_ws/install/transmission_interface/share/transmission_interface/cmake/transmission_interfaceConfig-version.cmake
[16.151s] -- Installing: /home/gursel/robotics_ws/install/transmission_interface/share/transmission_interface/package.xml
[16.155s] Invoked command in '/home/gursel/robotics_ws/build/transmission_interface' returned '0': AMENT_PREFIX_PATH=/home/gursel/robotics_ws/install/hardware_interface:${AMENT_PREFIX_PATH} CMAKE_PREFIX_PATH=/home/gursel/robotics_ws/install/hardware_interface:/opt/ros/humble LD_LIBRARY_PATH=/home/gursel/robotics_ws/install/hardware_interface/lib:${LD_LIBRARY_PATH} /usr/bin/cmake --install /home/gursel/robotics_ws/build/transmission_interface
