[0.562s] Invoking command in '/home/gursel/robotics_ws/src/robotic_arm': PYTHONPATH=/home/gursel/robotics_ws/build/robotic_arm/prefix_override:/home/gursel/robotics_ws/install/robotic_arm/lib/python3.10/site-packages:${PYTHONPATH} /usr/bin/python3 setup.py egg_info --egg-base ../../build/robotic_arm build --build-base /home/gursel/robotics_ws/build/robotic_arm/build install --record /home/gursel/robotics_ws/build/robotic_arm/install.log --single-version-externally-managed
[0.774s] running egg_info
[0.775s] creating ../../build/robotic_arm/robotic_arm.egg-info
[0.775s] writing ../../build/robotic_arm/robotic_arm.egg-info/PKG-INFO
[0.775s] writing dependency_links to ../../build/robotic_arm/robotic_arm.egg-info/dependency_links.txt
[0.775s] writing entry points to ../../build/robotic_arm/robotic_arm.egg-info/entry_points.txt
[0.775s] writing requirements to ../../build/robotic_arm/robotic_arm.egg-info/requires.txt
[0.775s] writing top-level names to ../../build/robotic_arm/robotic_arm.egg-info/top_level.txt
[0.775s] writing manifest file '../../build/robotic_arm/robotic_arm.egg-info/SOURCES.txt'
[0.776s] reading manifest file '../../build/robotic_arm/robotic_arm.egg-info/SOURCES.txt'
[0.777s] writing manifest file '../../build/robotic_arm/robotic_arm.egg-info/SOURCES.txt'
[0.777s] running build
[0.777s] running build_py
[0.777s] creating /home/gursel/robotics_ws/build/robotic_arm/build
[0.777s] creating /home/gursel/robotics_ws/build/robotic_arm/build/lib
[0.777s] creating /home/gursel/robotics_ws/build/robotic_arm/build/lib/robotic_arm
[0.777s] copying robotic_arm/__init__.py -> /home/gursel/robotics_ws/build/robotic_arm/build/lib/robotic_arm
[0.778s] running install
[0.778s] /usr/lib/python3/dist-packages/setuptools/command/install.py:34: SetuptoolsDeprecationWarning: setup.py install is deprecated. Use build and pip and other standards-based tools.
[0.778s]   warnings.warn(
[0.778s] running install_lib
[0.778s] creating /home/gursel/robotics_ws/install/robotic_arm/lib/python3.10/site-packages/robotic_arm
[0.778s] copying /home/gursel/robotics_ws/build/robotic_arm/build/lib/robotic_arm/__init__.py -> /home/gursel/robotics_ws/install/robotic_arm/lib/python3.10/site-packages/robotic_arm
[0.779s] byte-compiling /home/gursel/robotics_ws/install/robotic_arm/lib/python3.10/site-packages/robotic_arm/__init__.py to __init__.cpython-310.pyc
[0.779s] running install_data
[0.779s] creating /home/gursel/robotics_ws/install/robotic_arm/share/ament_index
[0.779s] creating /home/gursel/robotics_ws/install/robotic_arm/share/ament_index/resource_index
[0.779s] creating /home/gursel/robotics_ws/install/robotic_arm/share/ament_index/resource_index/packages
[0.779s] copying resource/robotic_arm -> /home/gursel/robotics_ws/install/robotic_arm/share/ament_index/resource_index/packages
[0.779s] copying package.xml -> /home/gursel/robotics_ws/install/robotic_arm/share/robotic_arm
[0.780s] creating /home/gursel/robotics_ws/install/robotic_arm/share/robotic_arm/launch
[0.780s] copying launch/controller.launch.py -> /home/gursel/robotics_ws/install/robotic_arm/share/robotic_arm/launch
[0.780s] copying launch/rviz.launch.py -> /home/gursel/robotics_ws/install/robotic_arm/share/robotic_arm/launch
[0.780s] copying launch/gazebo.launch.py -> /home/gursel/robotics_ws/install/robotic_arm/share/robotic_arm/launch
[0.780s] creating /home/gursel/robotics_ws/install/robotic_arm/share/robotic_arm/urdf
[0.780s] copying urdf/robotic_arm.urdf -> /home/gursel/robotics_ws/install/robotic_arm/share/robotic_arm/urdf
[0.780s] creating /home/gursel/robotics_ws/install/robotic_arm/share/robotic_arm/config
[0.780s] copying config/jtc.yaml -> /home/gursel/robotics_ws/install/robotic_arm/share/robotic_arm/config
[0.780s] running install_egg_info
[0.781s] Copying ../../build/robotic_arm/robotic_arm.egg-info to /home/gursel/robotics_ws/install/robotic_arm/lib/python3.10/site-packages/robotic_arm-0.0.0-py3.10.egg-info
[0.782s] running install_scripts
[0.798s] Installing trajectory_msg script to /home/gursel/robotics_ws/install/robotic_arm/lib/robotic_arm
[0.798s] writing list of installed files to '/home/gursel/robotics_ws/build/robotic_arm/install.log'
[0.816s] Invoked command in '/home/gursel/robotics_ws/src/robotic_arm' returned '0': PYTHONPATH=/home/gursel/robotics_ws/build/robotic_arm/prefix_override:/home/gursel/robotics_ws/install/robotic_arm/lib/python3.10/site-packages:${PYTHONPATH} /usr/bin/python3 setup.py egg_info --egg-base ../../build/robotic_arm build --build-base /home/gursel/robotics_ws/build/robotic_arm/build install --record /home/gursel/robotics_ws/build/robotic_arm/install.log --single-version-externally-managed
