[0.719s] Invoking command in '/home/gursel/robotics_ws/src/robotic_arm': PYTHONPATH=/home/gursel/robotics_ws/build/robotic_arm/prefix_override:/home/gursel/robotics_ws/install/robotic_arm/lib/python3.10/site-packages:${PYTHONPATH} /usr/bin/python3 setup.py egg_info --egg-base ../../build/robotic_arm build --build-base /home/gursel/robotics_ws/build/robotic_arm/build install --record /home/gursel/robotics_ws/build/robotic_arm/install.log --single-version-externally-managed
[1.054s] running egg_info
[1.055s] writing ../../build/robotic_arm/robotic_arm.egg-info/PKG-INFO
[1.055s] writing dependency_links to ../../build/robotic_arm/robotic_arm.egg-info/dependency_links.txt
[1.055s] writing entry points to ../../build/robotic_arm/robotic_arm.egg-info/entry_points.txt
[1.055s] writing requirements to ../../build/robotic_arm/robotic_arm.egg-info/requires.txt
[1.056s] writing top-level names to ../../build/robotic_arm/robotic_arm.egg-info/top_level.txt
[1.058s] reading manifest file '../../build/robotic_arm/robotic_arm.egg-info/SOURCES.txt'
[1.059s] writing manifest file '../../build/robotic_arm/robotic_arm.egg-info/SOURCES.txt'
[1.060s] running build
[1.060s] running build_py
[1.060s] running install
[1.060s] running install_lib
[1.062s] running install_data
[1.063s] running install_egg_info
[1.065s] removing '/home/gursel/robotics_ws/install/robotic_arm/lib/python3.10/site-packages/robotic_arm-0.0.0-py3.10.egg-info' (and everything under it)
[1.065s] Copying ../../build/robotic_arm/robotic_arm.egg-info to /home/gursel/robotics_ws/install/robotic_arm/lib/python3.10/site-packages/robotic_arm-0.0.0-py3.10.egg-info
[1.066s] running install_scripts
[1.088s] Installing trajectory_msg script to /home/gursel/robotics_ws/install/robotic_arm/lib/robotic_arm
[1.088s] writing list of installed files to '/home/gursel/robotics_ws/build/robotic_arm/install.log'
[1.251s] Invoked command in '/home/gursel/robotics_ws/src/robotic_arm' returned '0': PYTHONPATH=/home/gursel/robotics_ws/build/robotic_arm/prefix_override:/home/gursel/robotics_ws/install/robotic_arm/lib/python3.10/site-packages:${PYTHONPATH} /usr/bin/python3 setup.py egg_info --egg-base ../../build/robotic_arm build --build-base /home/gursel/robotics_ws/build/robotic_arm/build install --record /home/gursel/robotics_ws/build/robotic_arm/install.log --single-version-externally-managed
